2021-11-03 00:08:58,930 INFO     BEGIN
2021-11-03 00:08:58,930 INFO     struct {
    name: 'craft_2951x'
    recipes: 'resources/craft/recipes.yaml'
    world:
        name: 'CraftWorld'
    model:
        name: 'ModularACModel'
        use_args: False
        featurize_plan: False
        max_subtask_timesteps: 15
        baseline: 'state'
    trainer:
        name: 'CurriculumTrainer'
        use_curriculum: True
        improvement_threshold: 0.8
        hints: 'resources/craft/hints.yaml'
        max_timesteps: 100
    experiment_dir: 'experiments/craft_2951x'
}
2021-11-03 00:08:59,764 WARNING  From /users/tliu46/anaconda/csci2951x/lib/python3.8/site-packages/tensorflow/python/training/rmsprop.py:123: calling Ones.__init__ (from tensorflow.python.ops.init_ops) with dtype is deprecated and will be removed in a future version.
Instructions for updating:
Call initializer instance with the dtype argument instead of passing it to the constructor
2021-11-03 00:09:23,702 INFO     [max steps] 1
2021-11-03 00:09:23,703 INFO     [min reward] inf
2021-11-03 00:09:23,703 INFO     
2021-11-03 00:09:26,049 INFO     [max steps] 2
2021-11-03 00:17:04,184 INFO     [step] 50000
2021-11-03 00:17:04,184 INFO     [task] make[plank] 0.25 0.01696386302666877
2021-11-03 00:17:04,184 INFO     [task] make[stick] 0.25 0.009835536923573042
2021-11-03 00:17:04,184 INFO     [task] make[cloth] 0.25 0.014113873295910184
2021-11-03 00:17:04,184 INFO     [task] make[rope] 0.25 0.017346610986186957
2021-11-03 00:17:04,184 INFO     
2021-11-03 00:17:04,184 INFO     [rollout0] [2, 1, 3, 3, 1, 3, 0, 0, 0, 0, 4, 2, 4, 5, 4, 3, 3, 4, 1, 4, 2, 1, 3, 2, 4, 1, 4, 1, 6]
2021-11-03 00:17:04,184 INFO     [rollout1] [4, 0, 0, 3, 2, 3, 3, 4, 4, 3, 4, 3, 4, 3, 6, 0, 1, 3, 2, 2, 4, 2, 4, 0, 3, 3, 4, 3, 3, 6]
2021-11-03 00:17:04,184 INFO     [rollout2] [3, 4, 2, 1, 1, 4, 4, 0, 2, 1, 4, 4, 2, 0, 6, 1, 1, 0, 0, 0, 0, 4, 3, 1, 4, 4, 0, 1, 4, 6]
2021-11-03 00:17:04,184 INFO     [reward] 0.014579999999999909
2021-11-03 00:17:04,184 INFO     [error] [7.48237839e-06 6.28806577e-06]
2021-11-03 00:17:04,185 INFO     
2021-11-03 00:17:04,185 INFO     [min reward] 0.009835536923573042
2021-11-03 00:17:04,185 INFO     
2021-11-03 00:17:04,185 INFO     [max steps] 2
2021-11-03 00:26:11,540 INFO     [step] 127300
2021-11-03 00:26:11,541 INFO     [task] make[plank] 0.24939752673483526 0.019920112050630285
2021-11-03 00:26:11,541 INFO     [task] make[stick] 0.25118778071822995 0.010864479908509642
2021-11-03 00:26:11,541 INFO     [task] make[cloth] 0.2501132916134803 0.015872195222831145
2021-11-03 00:26:11,541 INFO     [task] make[rope] 0.24930140093345446 0.018411849413700884
2021-11-03 00:26:11,541 INFO     
2021-11-03 00:26:11,541 INFO     [rollout0] [4, 4, 4, 0, 4, 4, 0, 4, 4, 4, 2, 3, 3, 4, 6, 0, 3, 3, 3, 2, 2, 3, 4, 4, 2, 0, 4, 0, 4, 6]
2021-11-03 00:26:11,541 INFO     [rollout1] [4, 3, 1, 4, 5, 1, 4, 2, 0, 1, 1, 2, 4, 2, 2, 4, 0, 2, 3, 6]
2021-11-03 00:26:11,541 INFO     [rollout2] [1, 4, 4, 1, 5, 0, 1, 1, 0, 0, 4, 0, 4, 4, 2, 4, 4, 4, 4, 6]
2021-11-03 00:26:11,541 INFO     [reward] 0.016274256144889854
2021-11-03 00:26:11,541 INFO     [error] [-8.94556258e-05  3.10809333e-06]
2021-11-03 00:26:11,542 INFO     
2021-11-03 00:26:11,542 INFO     [min reward] 0.010864479908509642
2021-11-03 00:26:11,542 INFO     
2021-11-03 00:26:11,542 INFO     [max steps] 2
2021-11-03 00:36:51,905 INFO     [step] 227200
2021-11-03 00:36:51,905 INFO     [task] make[plank] 0.24908100226953764 0.03810405182472941
2021-11-03 00:36:51,906 INFO     [task] make[stick] 0.25135918805797475 0.008201005025125628
2021-11-03 00:36:51,906 INFO     [task] make[cloth] 0.2500993637097041 0.015640625625025002
2021-11-03 00:36:51,906 INFO     [task] make[rope] 0.24946044596278363 0.037818297382115756
2021-11-03 00:36:51,906 INFO     
2021-11-03 00:36:51,906 INFO     [rollout0] [0, 5, 4, 4, 3, 1, 5]
2021-11-03 00:36:51,906 INFO     [rollout1] [0, 4, 0, 4, 2, 4, 3, 4, 4, 2, 0, 5, 5]
2021-11-03 00:36:51,906 INFO     [rollout2] [3, 5, 0, 2, 4, 2, 0, 3, 1, 1, 0, 1, 4, 2, 3, 1, 6]
2021-11-03 00:36:51,907 INFO     [reward] 0.024964964964964857
2021-11-03 00:36:51,907 INFO     [error] [-1.52556638e-05  4.00675990e-06]
2021-11-03 00:36:51,907 INFO     
2021-11-03 00:36:51,907 INFO     [min reward] 0.008201005025125628
2021-11-03 00:36:51,907 INFO     
2021-11-03 00:36:51,907 INFO     [max steps] 2
2021-11-03 00:46:32,930 INFO     [step] 327200
2021-11-03 00:46:32,931 INFO     [task] make[plank] 0.24665932274280294 0.1038836118792834
2021-11-03 00:46:32,931 INFO     [task] make[stick] 0.25424847391210736 0.008560769683879836
2021-11-03 00:46:32,931 INFO     [task] make[cloth] 0.2523603584383472 0.02449270767279645
2021-11-03 00:46:32,931 INFO     [task] make[rope] 0.2467318449067426 0.0985134691195795
2021-11-03 00:46:32,931 INFO     
2021-11-03 00:46:32,931 INFO     [rollout0] [4, 5, 0, 3, 4, 1, 2, 4, 1, 2, 4, 4, 1, 4, 4, 4, 6]
2021-11-03 00:46:32,931 INFO     [rollout1] [3, 1, 4, 4, 5, 4, 1, 2, 1, 4, 2, 4, 0, 4, 4, 4, 1, 1, 1, 6]
2021-11-03 00:46:32,931 INFO     [rollout2] [5, 4, 4, 0, 4, 2, 0, 0, 0, 2, 4, 4, 4, 4, 4, 6]
2021-11-03 00:46:32,931 INFO     [reward] 0.05827000000000007
2021-11-03 00:46:32,931 INFO     [error] [4.75238353e-05 2.86190549e-05]
2021-11-03 00:46:32,932 INFO     
2021-11-03 00:46:32,932 INFO     [min reward] 0.008560769683879836
2021-11-03 00:46:32,932 INFO     
2021-11-03 00:46:32,932 INFO     [max steps] 2
2021-11-03 00:56:27,182 INFO     [step] 427200
2021-11-03 00:56:27,182 INFO     [task] make[plank] 0.2381665429820413 0.19531021821671465
2021-11-03 00:56:27,183 INFO     [task] make[stick] 0.26322150511553416 0.02173665209956299
2021-11-03 00:56:27,183 INFO     [task] make[cloth] 0.25903390334210835 0.052478811099500755
2021-11-03 00:56:27,183 INFO     [task] make[rope] 0.2395780485603162 0.18706813518154028
2021-11-03 00:56:27,183 INFO     
2021-11-03 00:56:27,183 INFO     [rollout0] [2, 4, 2, 4, 4, 4, 2, 2, 1, 0, 3, 4, 0, 1, 6, 2, 2, 4, 4, 4, 1, 1, 4, 2, 4, 4, 2, 1, 4, 6]
2021-11-03 00:56:27,183 INFO     [rollout1] [2, 4, 2, 4, 5, 1, 1, 3, 2, 2, 4, 2, 2, 1, 4, 4, 4, 4, 4, 6]
2021-11-03 00:56:27,183 INFO     [rollout2] [4, 0, 5, 0, 4, 4, 4, 4, 4, 4, 4, 4, 0, 4, 4, 4, 4, 6]
2021-11-03 00:56:27,183 INFO     [reward] 0.11075999999999993
2021-11-03 00:56:27,183 INFO     [error] [-5.12988064e-06  2.78123752e-05]
2021-11-03 00:56:27,183 INFO     
2021-11-03 00:56:27,183 INFO     [min reward] 0.02173665209956299
2021-11-03 00:56:27,183 INFO     
2021-11-03 00:56:27,183 INFO     [max steps] 2
2021-11-03 01:07:14,459 INFO     [step] 522900
2021-11-03 01:07:14,459 INFO     [task] make[plank] 0.22735066584321276 0.3351137947050627
2021-11-03 01:07:14,460 INFO     [task] make[stick] 0.27578881581378967 0.11511256464861576
2021-11-03 01:07:14,460 INFO     [task] make[cloth] 0.2672097830649133 0.19412312708640633
2021-11-03 01:07:14,460 INFO     [task] make[rope] 0.22965073527808436 0.2763205499276411
2021-11-03 01:07:14,460 INFO     
2021-11-03 01:07:14,460 INFO     [rollout0] [2, 4, 1, 4, 5, 0, 0, 0, 3, 1, 3, 4, 3, 3, 3, 3, 4, 3, 3, 6]
2021-11-03 01:07:14,460 INFO     [rollout1] [4, 2, 4, 4, 4, 3, 4, 5, 0, 4, 0, 0, 0, 0, 0, 3, 0, 4, 2, 0, 4, 3, 6]
2021-11-03 01:07:14,460 INFO     [rollout2] [4, 0, 0, 0, 4, 1, 2, 0, 2, 3, 1, 4, 0, 0, 6, 2, 0, 1, 4, 1, 2, 4, 4, 4, 2, 1, 4, 4, 4, 6]
2021-11-03 01:07:14,460 INFO     [reward] 0.22312434691745034
2021-11-03 01:07:14,460 INFO     [error] [-5.02348375e-06  6.73615195e-05]
2021-11-03 01:07:14,460 INFO     
2021-11-03 01:07:14,460 INFO     [min reward] 0.11511256464861576
2021-11-03 01:07:14,460 INFO     
2021-11-03 01:07:14,460 INFO     [max steps] 2
2021-11-03 01:15:50,795 INFO     [step] 589600
2021-11-03 01:15:50,795 INFO     [task] make[plank] 0.21635614480138948 0.5646394379778221
2021-11-03 01:15:50,795 INFO     [task] make[stick] 0.28688450589861325 0.39458403716216217
2021-11-03 01:15:50,795 INFO     [task] make[cloth] 0.2615551680731953 0.48810748999428244
2021-11-03 01:15:50,795 INFO     [task] make[rope] 0.23520418122680192 0.556042420778561
2021-11-03 01:15:50,795 INFO     
2021-11-03 01:15:50,795 INFO     [rollout0] [3, 2, 2, 1, 2, 0, 2, 4, 2, 4, 1, 4, 4, 4, 6, 4, 4, 4, 4, 4, 1, 3, 4, 4, 4, 4, 4, 4, 4, 6]
2021-11-03 01:15:50,795 INFO     [rollout1] [1, 0, 0, 1, 2, 4, 0, 0, 4, 5, 1, 3, 4, 5]
2021-11-03 01:15:50,795 INFO     [rollout2] [3, 3, 4, 5, 1, 3, 3, 3, 4, 3, 1, 4, 1, 4, 1, 1, 1, 4, 6]
2021-11-03 01:15:50,795 INFO     [reward] 0.49424287856071975
2021-11-03 01:15:50,795 INFO     [error] [-4.72378597e-05  8.44518239e-05]
2021-11-03 01:15:50,796 INFO     
2021-11-03 01:15:50,796 INFO     [min reward] 0.39458403716216217
2021-11-03 01:15:50,796 INFO     
2021-11-03 01:15:50,796 INFO     [max steps] 2
2021-11-03 01:26:46,799 INFO     [step] 686600
2021-11-03 01:26:46,800 INFO     [task] make[plank] 0.21867560746857423 0.6836019957781616
2021-11-03 01:26:46,800 INFO     [task] make[stick] 0.30217417300798205 0.5843736181502772
2021-11-03 01:26:46,800 INFO     [task] make[cloth] 0.2562534076672826 0.6980047885075819
2021-11-03 01:26:46,800 INFO     [task] make[rope] 0.22289681185616117 0.6937364612619256
2021-11-03 01:26:46,800 INFO     
2021-11-03 01:26:46,801 INFO     [rollout0] [2, 0, 2, 2, 1, 4, 2, 5, 3, 0, 3, 3, 4, 5]
2021-11-03 01:26:46,801 INFO     [rollout1] [3, 3, 0, 3, 3, 1, 3, 0, 3, 0, 3, 3, 4, 3, 6, 1, 2, 4, 4, 4, 4, 5]
2021-11-03 01:26:46,801 INFO     [rollout2] [2, 4, 2, 4, 2, 0, 3, 2, 1, 2, 4, 2, 0, 2, 6, 2, 0, 4, 0, 4, 4, 5]
2021-11-03 01:26:46,801 INFO     [reward] 0.6595154639175264
2021-11-03 01:26:46,801 INFO     [error] [-6.97736752e-05  1.12627120e-04]
2021-11-03 01:26:46,801 INFO     
2021-11-03 01:26:46,801 INFO     [min reward] 0.5843736181502772
2021-11-03 01:26:46,801 INFO     
2021-11-03 01:26:46,801 INFO     [max steps] 2
2021-11-03 01:36:46,725 INFO     [step] 786600
2021-11-03 01:36:46,726 INFO     [task] make[plank] 0.23647177570849584 0.8074096104006457
2021-11-03 01:36:46,726 INFO     [task] make[stick] 0.30836164744432626 0.6906236824181883
2021-11-03 01:36:46,726 INFO     [task] make[cloth] 0.2260371102760056 0.7866964285714285
2021-11-03 01:36:46,726 INFO     [task] make[rope] 0.22912946657117245 0.8120964270340078
2021-11-03 01:36:46,726 INFO     
2021-11-03 01:36:46,726 INFO     [rollout0] [2, 4, 5, 2, 2, 1, 0, 4, 2, 2, 1, 1, 1, 2, 4, 5]
2021-11-03 01:36:46,726 INFO     [rollout1] [2, 0, 2, 4, 5, 1, 3, 4, 5]
2021-11-03 01:36:46,726 INFO     [rollout2] [3, 3, 3, 4, 4, 3, 3, 3, 4, 3, 4, 3, 3, 4, 6, 0, 3, 1, 1, 1, 4, 1, 1, 1, 1, 4, 1, 4, 4, 6]
2021-11-03 01:36:46,726 INFO     [reward] 0.7678499999999977
2021-11-03 01:36:46,726 INFO     [error] [-4.25242540e-05  1.16707147e-04]
2021-11-03 01:36:46,727 INFO     
2021-11-03 01:36:46,727 INFO     [min reward] 0.6906236824181883
2021-11-03 01:36:46,727 INFO     
2021-11-03 01:36:46,727 INFO     [max steps] 2
2021-11-03 01:46:11,624 INFO     [step] 886600
2021-11-03 01:46:11,625 INFO     [task] make[plank] 0.21479644421958172 0.8399701923524754
2021-11-03 01:46:11,625 INFO     [task] make[stick] 0.33861871493600054 0.7432452384467739
2021-11-03 01:46:11,625 INFO     [task] make[cloth] 0.2367575935820374 0.8323584265852831
2021-11-03 01:46:11,625 INFO     [task] make[rope] 0.20982724726238033 0.8471905846621108
2021-11-03 01:46:11,625 INFO     
2021-11-03 01:46:11,625 INFO     [rollout0] [0, 4, 2, 0, 3, 3, 3, 3, 4, 5, 2, 0, 0, 2, 4, 5]
2021-11-03 01:46:11,625 INFO     [rollout1] [2, 2, 4, 5, 0, 2, 0, 2, 2, 2, 0, 0, 2, 2, 4, 4, 1, 0, 6]
2021-11-03 01:46:11,625 INFO     [rollout2] [2, 4, 5, 3, 3, 0, 3, 3, 3, 4, 5]
2021-11-03 01:46:11,625 INFO     [reward] 0.8069399999999994
2021-11-03 01:46:11,625 INFO     [error] [-4.6472489e-05  1.0505302e-04]
2021-11-03 01:46:11,625 INFO     
2021-11-03 01:46:11,625 INFO     [min reward] 0.7432452384467739
2021-11-03 01:46:11,625 INFO     
2021-11-03 01:46:11,625 INFO     [max steps] 2
2021-11-03 01:55:08,967 INFO     [step] 986600
2021-11-03 01:55:08,967 INFO     [task] make[plank] 0.2187622605626188 0.8702863688430699
2021-11-03 01:55:08,967 INFO     [task] make[stick] 0.3432096728251263 0.7822059897735574
2021-11-03 01:55:08,967 INFO     [task] make[cloth] 0.22855564390606206 0.8611986001749782
2021-11-03 01:55:08,968 INFO     [task] make[rope] 0.20947242270619282 0.8744428639165481
2021-11-03 01:55:08,968 INFO     
2021-11-03 01:55:08,968 INFO     [rollout0] [2, 0, 2, 4, 5, 2, 1, 2, 2, 4, 5]
2021-11-03 01:55:08,968 INFO     [rollout1] [3, 3, 4, 5, 2, 0, 4, 0, 4, 5]
2021-11-03 01:55:08,968 INFO     [rollout2] [4, 4, 3, 0, 4, 2, 5, 2, 2, 1, 2, 4, 2, 0, 2, 2, 0, 4, 5]
2021-11-03 01:55:08,968 INFO     [reward] 0.8389400000000014
2021-11-03 01:55:08,968 INFO     [error] [-4.47153094e-05  9.28163733e-05]
2021-11-03 01:55:08,968 INFO     
2021-11-03 01:55:08,968 INFO     [min reward] 0.7822059897735574
2021-11-03 01:55:08,968 INFO     
2021-11-03 01:55:08,968 INFO     [max steps] 2
2021-11-03 02:03:50,321 INFO     [step] 1086600
2021-11-03 02:03:50,322 INFO     [task] make[plank] 0.21432870123338071 0.8828575446491351
2021-11-03 02:03:50,322 INFO     [task] make[stick] 0.34944904055737985 0.8087712253327214
2021-11-03 02:03:50,322 INFO     [task] make[cloth] 0.22826985815280623 0.8773572464723725
2021-11-03 02:03:50,322 INFO     [task] make[rope] 0.2079524000564332 0.8949368291061081
2021-11-03 02:03:50,322 INFO     
2021-11-03 02:03:50,322 INFO     [rollout0] [1, 4, 5, 2, 1, 1, 1, 2, 2, 1, 4, 5]
2021-11-03 02:03:50,322 INFO     [rollout1] [4, 5, 0, 3, 3, 0, 4, 5]
2021-11-03 02:03:50,322 INFO     [rollout2] [3, 0, 0, 2, 4, 5, 0, 0, 3, 0, 4, 5]
2021-11-03 02:03:50,322 INFO     [reward] 0.858320000000001
2021-11-03 02:03:50,322 INFO     [error] [-2.50833927e-05  9.22451816e-05]
2021-11-03 02:03:50,323 INFO     
2021-11-03 02:03:50,323 INFO     [min reward] 0.8087712253327214
2021-11-03 02:03:50,323 INFO     
2021-11-03 02:03:52,116 INFO     [max steps] 3
2021-11-03 02:14:07,078 INFO     [step] 1186600
2021-11-03 02:14:07,079 INFO     [task] make[plank] 0.2 0.8926936093967749
2021-11-03 02:14:07,079 INFO     [task] make[stick] 0.2 0.8212695713070882
2021-11-03 02:14:07,079 INFO     [task] make[cloth] 0.2 0.8847882540950859
2021-11-03 02:14:07,079 INFO     [task] make[rope] 0.2 0.9056977377357557
2021-11-03 02:14:07,079 INFO     [task] make[bridge] 0.2 0.26767215112736137
2021-11-03 02:14:07,079 INFO     
2021-11-03 02:14:07,079 INFO     [rollout0] [2, 2, 0, 2, 4, 5, 3, 3, 1, 3, 4, 5]
2021-11-03 02:14:07,079 INFO     [rollout1] [5, 3, 1, 3, 1, 4, 5, 3, 4, 3, 0, 4, 5]
2021-11-03 02:14:07,079 INFO     [rollout2] [3, 4, 2, 4, 2, 4, 5, 1, 4, 5, 3, 3, 3, 1, 4, 1, 4, 4, 4, 4, 4, 4, 4, 4, 6]
2021-11-03 02:14:07,079 INFO     [reward] 0.7563800000000002
2021-11-03 02:14:07,079 INFO     [error] [-4.18142338e-05  9.44169946e-05]
2021-11-03 02:14:07,079 INFO     
2021-11-03 02:14:07,080 INFO     [min reward] 0.26767215112736137
2021-11-03 02:14:07,080 INFO     
2021-11-03 02:14:07,080 INFO     [max steps] 3
2021-11-03 02:25:12,841 INFO     [step] 1286400
2021-11-03 02:25:12,842 INFO     [task] make[plank] 0.09179775261560397 0.8994511525795829
2021-11-03 02:25:12,842 INFO     [task] make[stick] 0.14769041239013694 0.820122981282519
2021-11-03 02:25:12,842 INFO     [task] make[cloth] 0.09798406392047972 0.8888436067244014
2021-11-03 02:25:12,842 INFO     [task] make[rope] 0.08162141226360183 0.903960396039604
2021-11-03 02:25:12,842 INFO     [task] make[bridge] 0.5809063588101775 0.44016828746810127
2021-11-03 02:25:12,842 INFO     
2021-11-03 02:25:12,842 INFO     [rollout0] [3, 1, 2, 0, 3, 3, 3, 1, 3, 3, 3, 1, 4, 5, 2, 2, 0, 4, 5]
2021-11-03 02:25:12,842 INFO     [rollout1] [3, 4, 0, 5, 0, 2, 0, 0, 0, 0, 0, 0, 0, 0, 0, 0, 0, 0, 6, 2, 0, 0, 2, 2, 0, 4, 4, 4, 4, 4, 4, 4, 4, 6]
2021-11-03 02:25:12,842 INFO     [rollout2] [3, 3, 2, 4, 5, 0, 0, 0, 1, 2, 0, 1, 2, 4, 1, 0, 2, 4, 5, 0, 3, 4, 5]
2021-11-03 02:25:12,842 INFO     [reward] 0.6201102204408828
2021-11-03 02:25:12,842 INFO     [error] [-3.03610789e-05  8.33712797e-05]
2021-11-03 02:25:12,842 INFO     
2021-11-03 02:25:12,842 INFO     [min reward] 0.44016828746810127
2021-11-03 02:25:12,842 INFO     
2021-11-03 02:25:12,843 INFO     [max steps] 3
2021-11-03 02:35:48,812 INFO     [step] 1386400
2021-11-03 02:35:48,813 INFO     [task] make[plank] 0.1007321401537872 0.9086126266562744
2021-11-03 02:35:48,813 INFO     [task] make[stick] 0.1730159916429855 0.8331708995012326
2021-11-03 02:35:48,813 INFO     [task] make[cloth] 0.11039773885250793 0.9028066059019944
2021-11-03 02:35:48,813 INFO     [task] make[rope] 0.09662331627365234 0.9078892589508742
2021-11-03 02:35:48,813 INFO     [task] make[bridge] 0.519230813077067 0.7469576001860321
2021-11-03 02:35:48,813 INFO     
2021-11-03 02:35:48,813 INFO     [rollout0] [2, 0, 4, 5, 3, 4, 5, 1, 4, 5]
2021-11-03 02:35:48,813 INFO     [rollout1] [0, 0, 2, 0, 0, 0, 3, 3, 4, 5, 1, 4, 1, 4, 1, 4, 1, 1, 4, 5]
2021-11-03 02:35:48,813 INFO     [rollout2] [0, 2, 0, 2, 2, 4, 5, 3, 0, 3, 4, 5, 3, 1, 1, 3, 3, 1, 4, 5]
2021-11-03 02:35:48,813 INFO     [reward] 0.8113200000000017
2021-11-03 02:35:48,813 INFO     [error] [-2.66862582e-05  8.30280480e-05]
2021-11-03 02:35:48,813 INFO     
2021-11-03 02:35:48,813 INFO     [min reward] 0.7469576001860321
2021-11-03 02:35:48,814 INFO     
2021-11-03 02:35:48,814 INFO     [max steps] 3
2021-11-03 02:45:38,157 INFO     [step] 1486400
2021-11-03 02:45:38,157 INFO     [task] make[plank] 0.13508176149706397 0.9110504170665092
2021-11-03 02:45:38,157 INFO     [task] make[stick] 0.2355952777111084 0.8473149368595604
2021-11-03 02:45:38,157 INFO     [task] make[cloth] 0.14281731558936453 0.906402546869473
2021-11-03 02:45:38,158 INFO     [task] make[rope] 0.13604552829201064 0.9130371022144009
2021-11-03 02:45:38,158 INFO     [task] make[bridge] 0.3504601169104524 0.8210232928528768
2021-11-03 02:45:38,158 INFO     
2021-11-03 02:45:38,158 INFO     [rollout0] [4, 5, 3, 4, 5]
2021-11-03 02:45:38,158 INFO     [rollout1] [1, 4, 5, 2, 1, 1, 1, 1, 2, 4, 2, 0, 1, 2, 1, 2, 4, 6]
2021-11-03 02:45:38,158 INFO     [rollout2] [0, 3, 4, 5, 3, 1, 4, 5]
2021-11-03 02:45:38,158 INFO     [reward] 0.8640200000000006
2021-11-03 02:45:38,158 INFO     [error] [-7.07471220e-05  1.09603538e-04]
2021-11-03 02:45:38,158 INFO     
2021-11-03 02:45:38,158 INFO     [min reward] 0.8210232928528768
2021-11-03 02:45:38,158 INFO     
2021-11-03 02:45:39,953 INFO     [max steps] 4
2021-11-03 02:56:48,385 INFO     [step] 1560400
2021-11-03 02:56:48,386 INFO     [task] make[plank] 0.1111111111111111 0.9087402049427366
2021-11-03 02:56:48,386 INFO     [task] make[stick] 0.1111111111111111 0.8418627213194276
2021-11-03 02:56:48,386 INFO     [task] make[cloth] 0.1111111111111111 0.9126993790332399
2021-11-03 02:56:48,386 INFO     [task] make[rope] 0.1111111111111111 0.9174528301886793
2021-11-03 02:56:48,386 INFO     [task] make[bridge] 0.1111111111111111 0.8401593427113159
2021-11-03 02:56:48,386 INFO     [task] make[bed] 0.1111111111111111 0.7788566573613303
2021-11-03 02:56:48,386 INFO     [task] make[axe] 0.1111111111111111 0.6980562598092479
2021-11-03 02:56:48,386 INFO     [task] make[shears] 0.1111111111111111 0.10163037010591455
2021-11-03 02:56:48,386 INFO     [task] get[gold] 0.1111111111111111 0.001943634596695821
2021-11-03 02:56:48,386 INFO     
2021-11-03 02:56:48,386 INFO     [rollout0] [1, 3, 4, 5, 2, 2, 0, 0, 0, 2, 4, 5]
2021-11-03 02:56:48,386 INFO     [rollout1] [3, 1, 3, 4, 5, 1, 3, 1, 4, 5, 3, 0, 0, 3, 0, 4, 5, 1, 4, 5]
2021-11-03 02:56:48,386 INFO     [rollout2] [4, 4, 1, 3, 1, 4, 3, 4, 5, 3, 3, 3, 1, 3, 2, 2, 0, 3, 3, 0, 3, 4, 5, 0, 2, 4, 2, 4, 2, 2, 0, 4, 0, 2, 4, 5, 2, 1, 0, 0, 2, 2, 1, 3, 3, 0, 1, 0, 0, 0, 6]
2021-11-03 02:56:48,386 INFO     [reward] 0.6646621621621631
2021-11-03 02:56:48,386 INFO     [error] [2.42135985e-05 4.81003954e-05]
2021-11-03 02:56:48,386 INFO     
2021-11-03 02:56:48,387 INFO     [min reward] 0.001943634596695821
2021-11-03 02:56:48,387 INFO     
2021-11-03 02:56:48,387 INFO     [max steps] 4
2021-11-03 03:05:07,847 INFO     [step] 1610400
2021-11-03 03:05:07,847 INFO     [task] make[plank] 0.032785029125996526 0.9057498518079431
2021-11-03 03:05:07,847 INFO     [task] make[stick] 0.054438047949742045 0.8111398008115087
2021-11-03 03:05:07,847 INFO     [task] make[cloth] 0.03150316165037463 0.9150124069478908
2021-11-03 03:05:07,847 INFO     [task] make[rope] 0.029964129949866542 0.9252150893448048
2021-11-03 03:05:07,847 INFO     [task] make[bridge] 0.0549895532855761 0.8036743515850144
2021-11-03 03:05:07,847 INFO     [task] make[bed] 0.07483761167404618 0.8114316239316239
2021-11-03 03:05:07,847 INFO     [task] make[axe] 0.10099847231611106 0.6636399526253455
2021-11-03 03:05:07,847 INFO     [task] make[shears] 0.294104138334537 0.1349856616140926
2021-11-03 03:05:07,847 INFO     [task] get[gold] 0.32637985571374983 0.10992798670523789
2021-11-03 03:05:07,847 INFO     
2021-11-03 03:05:07,847 INFO     [rollout0] [3, 3, 1, 4, 5, 0, 2, 2, 0, 2, 0, 2, 4, 2, 4, 5, 0, 1, 4, 4, 4, 4, 4, 4, 4, 4, 4, 4, 4, 4, 6, 5]
2021-11-03 03:05:07,847 INFO     [rollout1] [3, 1, 4, 5, 2, 1, 2, 4, 2, 2, 2, 1, 4, 5, 3, 3, 3, 4, 5, 0, 3, 0, 4, 0, 3, 3, 0, 4, 5]
2021-11-03 03:05:07,847 INFO     [rollout2] [2, 0, 2, 0, 2, 4, 5, 0, 3, 4, 3, 0, 0, 3, 4, 5, 1, 3, 1, 4, 5, 2, 4, 5]
2021-11-03 03:05:07,847 INFO     [reward] 0.3798799999999997
2021-11-03 03:05:07,847 INFO     [error] [-8.67639587e-06  3.68730094e-05]
2021-11-03 03:05:07,848 INFO     
2021-11-03 03:05:07,848 INFO     [min reward] 0.10992798670523789
2021-11-03 03:05:07,848 INFO     
2021-11-03 03:05:07,848 INFO     [max steps] 4
2021-11-03 03:13:28,592 INFO     [step] 1660400
2021-11-03 03:13:28,592 INFO     [task] make[plank] 0.034643540434863514 0.921733895243829
2021-11-03 03:13:28,592 INFO     [task] make[stick] 0.06608356410946972 0.775223880597015
2021-11-03 03:13:28,592 INFO     [task] make[cloth] 0.03156548530414305 0.9149616368286445
2021-11-03 03:13:28,592 INFO     [task] make[rope] 0.0281750149183322 0.9191551347414421
2021-11-03 03:13:28,593 INFO     [task] make[bridge] 0.068564419979967 0.8341708542713567
2021-11-03 03:13:28,593 INFO     [task] make[bed] 0.06598658788222336 0.8161094224924013
2021-11-03 03:13:28,593 INFO     [task] make[axe] 0.11509948440686567 0.6486580086580087
2021-11-03 03:13:28,593 INFO     [task] make[shears] 0.2907774726335325 0.1810243260101185
2021-11-03 03:13:28,593 INFO     [task] get[gold] 0.29910443033060286 0.3964342948717949
2021-11-03 03:13:28,593 INFO     
2021-11-03 03:13:28,593 INFO     [rollout0] [0, 2, 4, 5, 0, 4, 5, 3, 4, 3, 0, 3, 4, 3, 3, 4, 5, 2, 0, 0, 0, 2, 0, 0, 2, 2, 4, 2, 4, 5]
2021-11-03 03:13:28,593 INFO     [rollout1] [3, 4, 5, 1, 1, 2, 4, 5, 2, 1, 4, 5, 3, 0, 3, 0, 3, 0, 3, 3, 0, 4, 0, 4, 5]
2021-11-03 03:13:28,593 INFO     [rollout2] [2, 1, 4, 5, 3, 4, 3, 4, 5]
2021-11-03 03:13:28,593 INFO     [reward] 0.4957800000000009
2021-11-03 03:13:28,593 INFO     [error] [-7.54596430e-06  6.23745691e-05]
2021-11-03 03:13:28,593 INFO     
2021-11-03 03:13:28,593 INFO     [min reward] 0.1810243260101185
2021-11-03 03:13:28,593 INFO     
2021-11-03 03:13:28,593 INFO     [max steps] 4
2021-11-03 03:21:55,066 INFO     [step] 1710400
2021-11-03 03:21:55,066 INFO     [task] make[plank] 0.03290406913969166 0.9165143205362584
2021-11-03 03:21:55,066 INFO     [task] make[stick] 0.0875204551795318 0.7527658613682546
2021-11-03 03:21:55,066 INFO     [task] make[cloth] 0.03542864932526408 0.8998252766453116
2021-11-03 03:21:55,066 INFO     [task] make[rope] 0.03386538621717732 0.9163636363636364
2021-11-03 03:21:55,066 INFO     [task] make[bridge] 0.06554604832523453 0.854606672788491
2021-11-03 03:21:55,066 INFO     [task] make[bed] 0.07227903605204397 0.8262973917719817
2021-11-03 03:21:55,066 INFO     [task] make[axe] 0.13470201159363498 0.6642422443223986
2021-11-03 03:21:55,066 INFO     [task] make[shears] 0.30902771757556846 0.4963688237582674
2021-11-03 03:21:55,066 INFO     [task] get[gold] 0.22872662659185322 0.5320546505517604
2021-11-03 03:21:55,066 INFO     
2021-11-03 03:21:55,066 INFO     [rollout0] [1, 4, 5, 2, 1, 4, 5, 4, 3, 1, 3, 4, 5, 4, 2, 4, 5]
2021-11-03 03:21:55,066 INFO     [rollout1] [2, 4, 5, 0, 3, 3, 0, 4, 0, 4, 5, 2, 1, 1, 4, 3, 1, 4, 5, 0, 0, 4, 5]
2021-11-03 03:21:55,066 INFO     [rollout2] [1, 2, 1, 4, 5, 3, 4, 5, 0, 0, 4, 5, 3, 1, 4, 1, 4, 5]
2021-11-03 03:21:55,066 INFO     [reward] 0.6392999999999994
2021-11-03 03:21:55,066 INFO     [error] [-2.35919433e-05  6.64648238e-05]
2021-11-03 03:21:55,067 INFO     
2021-11-03 03:21:55,067 INFO     [min reward] 0.4963688237582674
2021-11-03 03:21:55,067 INFO     
2021-11-03 03:21:55,067 INFO     [max steps] 4
2021-11-03 03:30:10,501 INFO     [step] 1760500
2021-11-03 03:30:10,501 INFO     [task] make[plank] 0.04190376898383195 0.9276126558005753
2021-11-03 03:30:10,502 INFO     [task] make[stick] 0.11530193695773822 0.7760300906137801
2021-11-03 03:30:10,502 INFO     [task] make[cloth] 0.04938442103427246 0.8949057360609707
2021-11-03 03:30:10,502 INFO     [task] make[rope] 0.04197131125121762 0.9180176007410839
2021-11-03 03:30:10,502 INFO     [task] make[bridge] 0.06965308614594375 0.8590410167533218
2021-11-03 03:30:10,502 INFO     [task] make[bed] 0.08234236196464578 0.8390861683635461
2021-11-03 03:30:10,502 INFO     [task] make[axe] 0.15498152445799782 0.6944337318421391
2021-11-03 03:30:10,502 INFO     [task] make[shears] 0.230228654009785 0.840817030078428
2021-11-03 03:30:10,502 INFO     [task] get[gold] 0.21423293519456746 0.5740462319112949
2021-11-03 03:30:10,502 INFO     
2021-11-03 03:30:10,502 INFO     [rollout0] [3, 3, 0, 4, 5, 3, 0, 3, 4, 5]
2021-11-03 03:30:10,502 INFO     [rollout1] [2, 4, 0, 5, 0, 2, 0, 4, 2, 0, 2, 0, 2, 2, 0, 4, 0, 4, 6, 1, 3, 1, 2, 4, 5, 0, 0, 4, 5]
2021-11-03 03:30:10,502 INFO     [rollout2] [3, 0, 4, 5, 2, 2, 0, 2, 4, 5, 1, 1, 2, 4, 5, 2, 0, 4, 0, 4, 5]
2021-11-03 03:30:10,502 INFO     [reward] 0.7646107784431139
2021-11-03 03:30:10,502 INFO     [error] [-3.43057828e-05  7.29309042e-05]
2021-11-03 03:30:10,502 INFO     
2021-11-03 03:30:10,502 INFO     [min reward] 0.5740462319112949
2021-11-03 03:30:10,502 INFO     
2021-11-03 03:30:10,502 INFO     [max steps] 4
2021-11-03 03:38:21,387 INFO     [step] 1810900
2021-11-03 03:38:21,387 INFO     [task] make[plank] 0.046651693042435965 0.9192439862542955
2021-11-03 03:38:21,387 INFO     [task] make[stick] 0.1324850618734801 0.8112383247966255
2021-11-03 03:38:21,387 INFO     [task] make[cloth] 0.065171930524084 0.9196875
2021-11-03 03:38:21,387 INFO     [task] make[rope] 0.052084876593991594 0.9170108899737138
2021-11-03 03:38:21,387 INFO     [task] make[bridge] 0.0854802666217203 0.8726218097447795
2021-11-03 03:38:21,387 INFO     [task] make[bed] 0.0967796654654891 0.8528111181301327
2021-11-03 03:38:21,387 INFO     [task] make[axe] 0.1786888607674085 0.7390732829444627
2021-11-03 03:38:21,387 INFO     [task] make[shears] 0.09579956797349909 0.8867307299120835
2021-11-03 03:38:21,387 INFO     [task] get[gold] 0.2468580771378913 0.6306436119116234
2021-11-03 03:38:21,387 INFO     
2021-11-03 03:38:21,387 INFO     [rollout0] [3, 1, 3, 1, 4, 5, 3, 1, 3, 4, 5]
2021-11-03 03:38:21,387 INFO     [rollout1] [2, 0, 1, 2, 1, 2, 0, 2, 0, 4, 5, 3, 1, 4, 5, 2, 1, 4, 5]
2021-11-03 03:38:21,387 INFO     [rollout2] [2, 1, 0, 3, 1, 2, 0, 2, 2, 4, 5, 1, 4, 5, 2, 2, 1, 2, 4, 5, 0, 0, 3, 0, 4, 0, 4, 5]
2021-11-03 03:38:21,387 INFO     [reward] 0.7873611111111113
2021-11-03 03:38:21,387 INFO     [error] [-5.23165749e-05  6.44615729e-05]
2021-11-03 03:38:21,388 INFO     
2021-11-03 03:38:21,388 INFO     [min reward] 0.6306436119116234
2021-11-03 03:38:21,388 INFO     
2021-11-03 03:38:21,388 INFO     [max steps] 4
2021-11-03 03:46:33,059 INFO     [step] 1862200
2021-11-03 03:46:33,059 INFO     [task] make[plank] 0.05889657454698991 0.9272665764546685
2021-11-03 03:46:33,059 INFO     [task] make[stick] 0.1289873952981348 0.8292831105710814
2021-11-03 03:46:33,059 INFO     [task] make[cloth] 0.05860875405655176 0.9163054351450484
2021-11-03 03:46:33,059 INFO     [task] make[rope] 0.060345753682693286 0.9200128493414712
2021-11-03 03:46:33,059 INFO     [task] make[bridge] 0.08915227200445555 0.885342019543974
2021-11-03 03:46:33,059 INFO     [task] make[bed] 0.10200852061381784 0.8572253223013276
2021-11-03 03:46:33,059 INFO     [task] make[axe] 0.17581926452326058 0.7624559082892416
2021-11-03 03:46:33,059 INFO     [task] make[shears] 0.0799962168394558 0.9082148879788002
2021-11-03 03:46:33,059 INFO     [task] get[gold] 0.24618524843464043 0.667907787372257
2021-11-03 03:46:33,059 INFO     
2021-11-03 03:46:33,059 INFO     [rollout0] [0, 3, 4, 5, 3, 3, 1, 3, 4, 1, 3, 1, 3, 1, 4, 5]
2021-11-03 03:46:33,059 INFO     [rollout1] [0, 3, 4, 5, 1, 1, 3, 3, 1, 1, 3, 4, 5, 0, 2, 2, 2, 4, 5, 0, 0, 3, 0, 4, 5]
2021-11-03 03:46:33,059 INFO     [rollout2] [4, 3, 1, 4, 5, 1, 2, 4, 5, 3, 3, 3, 1, 3, 4, 5, 0, 0, 4, 0, 4, 5]
2021-11-03 03:46:33,059 INFO     [reward] 0.8082456140350873
2021-11-03 03:46:33,059 INFO     [error] [-3.05961797e-05  7.86870486e-05]
2021-11-03 03:46:33,060 INFO     
2021-11-03 03:46:33,060 INFO     [min reward] 0.667907787372257
2021-11-03 03:46:33,060 INFO     
2021-11-03 03:46:33,060 INFO     [max steps] 4
2021-11-03 03:54:58,108 INFO     [step] 1915900
2021-11-03 03:54:58,108 INFO     [task] make[plank] 0.05842813243005893 0.9305512301463719
2021-11-03 03:54:58,108 INFO     [task] make[stick] 0.1276261744700518 0.8396655420272847
2021-11-03 03:54:58,108 INFO     [task] make[cloth] 0.0661691274061965 0.9133942980096826
2021-11-03 03:54:58,108 INFO     [task] make[rope] 0.06355087134523482 0.9203405290361812
2021-11-03 03:54:58,108 INFO     [task] make[bridge] 0.08803616094234966 0.8959037162162162
2021-11-03 03:54:58,108 INFO     [task] make[bed] 0.10789278042684473 0.8456090651558074
2021-11-03 03:54:58,108 INFO     [task] make[axe] 0.1748209895463826 0.7709052851909994
2021-11-03 03:54:58,108 INFO     [task] make[shears] 0.0718828467351467 0.9155926206722265
2021-11-03 03:54:58,108 INFO     [task] get[gold] 0.24159291669773428 0.7080429164382489
2021-11-03 03:54:58,108 INFO     
2021-11-03 03:54:58,108 INFO     [rollout0] [3, 4, 5, 1, 1, 3, 4, 5, 3, 3, 1, 3, 3, 1, 4, 5]
2021-11-03 03:54:58,108 INFO     [rollout1] [3, 4, 5, 1, 1, 2, 1, 4, 5]
2021-11-03 03:54:58,108 INFO     [rollout2] [1, 4, 5, 0, 2, 4, 5]
2021-11-03 03:54:58,108 INFO     [reward] 0.8227932960893849
2021-11-03 03:54:58,108 INFO     [error] [-3.62224738e-05  5.17996307e-05]
2021-11-03 03:54:58,109 INFO     
2021-11-03 03:54:58,109 INFO     [min reward] 0.7080429164382489
2021-11-03 03:54:58,109 INFO     
2021-11-03 03:54:58,109 INFO     [max steps] 4
2021-11-03 04:03:17,543 INFO     [step] 1969400
2021-11-03 04:03:17,543 INFO     [task] make[plank] 0.05885116744441213 0.9209346991037132
2021-11-03 04:03:17,543 INFO     [task] make[stick] 0.12617415884693742 0.8428508835986563
2021-11-03 04:03:17,543 INFO     [task] make[cloth] 0.07156005504416901 0.9176717357105402
2021-11-03 04:03:17,543 INFO     [task] make[rope] 0.06641467889799106 0.9235361000568505
2021-11-03 04:03:17,543 INFO     [task] make[bridge] 0.08451609149034531 0.8923413566739606
2021-11-03 04:03:17,544 INFO     [task] make[bed] 0.12177153215440532 0.8584375
2021-11-03 04:03:17,544 INFO     [task] make[axe] 0.17710787872766398 0.7873726231747032
2021-11-03 04:03:17,544 INFO     [task] make[shears] 0.06993166161090927 0.9185556141275698
2021-11-03 04:03:17,544 INFO     [task] get[gold] 0.22367277578316647 0.7356051703877791
2021-11-03 04:03:17,544 INFO     
2021-11-03 04:03:17,544 INFO     [rollout0] [1, 4, 5, 0, 0, 4, 5, 2, 4, 2, 2, 2, 1, 2, 1, 2, 4, 5, 0, 4, 0, 4, 5]
2021-11-03 04:03:17,544 INFO     [rollout1] [1, 4, 1, 4, 5, 5, 3, 1, 4, 5, 0, 2, 0, 0, 2, 0, 4, 0, 4, 5]
2021-11-03 04:03:17,544 INFO     [rollout2] [2, 4, 2, 2, 0, 4, 5, 2, 1, 1, 2, 4, 5, 5, 5]
2021-11-03 04:03:17,544 INFO     [reward] 0.8357570093457943
2021-11-03 04:03:17,544 INFO     [error] [-3.10012518e-05  6.09628111e-05]
2021-11-03 04:03:17,544 INFO     
2021-11-03 04:03:17,544 INFO     [min reward] 0.7356051703877791
2021-11-03 04:03:17,544 INFO     
2021-11-03 04:03:17,544 INFO     [max steps] 4
2021-11-03 04:12:06,380 INFO     [step] 2026900
2021-11-03 04:12:06,380 INFO     [task] make[plank] 0.06889896529562443 0.9314043402344724
2021-11-03 04:12:06,380 INFO     [task] make[stick] 0.12930289410396625 0.8561958874458875
2021-11-03 04:12:06,380 INFO     [task] make[cloth] 0.07142312228296688 0.913604766633565
2021-11-03 04:12:06,380 INFO     [task] make[rope] 0.06688657851663714 0.9246361746361746
2021-11-03 04:12:06,380 INFO     [task] make[bridge] 0.09101814850084906 0.8982462902293312
2021-11-03 04:12:06,380 INFO     [task] make[bed] 0.11724542916862739 0.8609000584453536
2021-11-03 04:12:06,380 INFO     [task] make[axe] 0.17221966080374526 0.7857646229739254
2021-11-03 04:12:06,380 INFO     [task] make[shears] 0.07073937330589454 0.9219618265281468
2021-11-03 04:12:06,380 INFO     [task] get[gold] 0.2122658280216889 0.749546129724377
2021-11-03 04:12:06,381 INFO     
2021-11-03 04:12:06,381 INFO     [rollout0] [2, 0, 2, 4, 5, 1, 2, 4, 1, 0, 2, 1, 0, 2, 1, 0, 2, 1, 0, 6]
2021-11-03 04:12:06,381 INFO     [rollout1] [0, 3, 0, 0, 0, 2, 4, 5, 2, 0, 0, 4, 5, 3, 3, 3, 4, 3, 4, 3, 0, 0, 3, 4, 5]
2021-11-03 04:12:06,381 INFO     [rollout2] [1, 2, 1, 4, 5, 1, 4, 5, 1, 3, 1, 4, 5, 0, 0, 2, 0, 0, 0, 2, 4, 2, 4, 5]
2021-11-03 04:12:06,381 INFO     [reward] 0.844486956521738
2021-11-03 04:12:06,381 INFO     [error] [-3.38101823e-05  7.70354730e-05]
2021-11-03 04:12:06,381 INFO     
2021-11-03 04:12:06,381 INFO     [min reward] 0.749546129724377
2021-11-03 04:12:06,381 INFO     
2021-11-03 04:12:06,381 INFO     [max steps] 4
2021-11-03 04:21:09,584 INFO     [step] 2086700
2021-11-03 04:21:09,585 INFO     [task] make[plank] 0.06299041937120507 0.9339354838709677
2021-11-03 04:21:09,585 INFO     [task] make[stick] 0.12326616482006879 0.8604966752612295
2021-11-03 04:21:09,585 INFO     [task] make[cloth] 0.0772558712943092 0.9357935153583617
2021-11-03 04:21:09,585 INFO     [task] make[rope] 0.06841475947703783 0.9279630080311512
2021-11-03 04:21:09,585 INFO     [task] make[bridge] 0.0895649081099753 0.9090402821607574
2021-11-03 04:21:09,585 INFO     [task] make[bed] 0.1194960112907998 0.8691695108077361
2021-11-03 04:21:09,585 INFO     [task] make[axe] 0.17971323707785541 0.7921601804850535
2021-11-03 04:21:09,585 INFO     [task] make[shears] 0.07055811331326514 0.9236459078978764
2021-11-03 04:21:09,585 INFO     [task] get[gold] 0.20874051524548337 0.7651666533450564
2021-11-03 04:21:09,585 INFO     
2021-11-03 04:21:09,585 INFO     [rollout0] [3, 1, 3, 4, 3, 1, 4, 5, 3, 1, 4, 5]
2021-11-03 04:21:09,585 INFO     [rollout1] [1, 3, 3, 4, 5, 0, 3, 3, 4, 5, 3, 3, 4, 3, 4, 3, 3, 3, 1, 4, 5, 0, 2, 0, 0, 0, 2, 4, 2, 4, 5]
2021-11-03 04:21:09,585 INFO     [rollout2] [2, 2, 1, 2, 1, 4, 5, 2, 1, 2, 2, 1, 4, 5, 3, 0, 4, 5, 2, 1, 4, 5]
2021-11-03 04:21:09,585 INFO     [reward] 0.8535117056856185
2021-11-03 04:21:09,585 INFO     [error] [-3.40668088e-05  6.04177136e-05]
2021-11-03 04:21:09,586 INFO     
2021-11-03 04:21:09,586 INFO     [min reward] 0.7651666533450564
2021-11-03 04:21:09,586 INFO     
2021-11-03 04:21:09,586 INFO     [max steps] 4
2021-11-03 04:30:00,147 INFO     [step] 2144400
2021-11-03 04:30:00,147 INFO     [task] make[plank] 0.0648666630445362 0.9311545673720868
2021-11-03 04:30:00,147 INFO     [task] make[stick] 0.12749416263184837 0.8650273224043716
2021-11-03 04:30:00,147 INFO     [task] make[cloth] 0.0632821620373323 0.9281370923161968
2021-11-03 04:30:00,147 INFO     [task] make[rope] 0.06995989964891845 0.9324131366016183
2021-11-03 04:30:00,147 INFO     [task] make[bridge] 0.08609691261350191 0.908255006129955
2021-11-03 04:30:00,147 INFO     [task] make[bed] 0.12009810031967136 0.8717838148627282
2021-11-03 04:30:00,147 INFO     [task] make[axe] 0.18577048654576622 0.8016536603493125
2021-11-03 04:30:00,147 INFO     [task] make[shears] 0.07364145701529437 0.9298535663675012
2021-11-03 04:30:00,147 INFO     [task] get[gold] 0.20879015614313087 0.7688261813324428
2021-11-03 04:30:00,147 INFO     
2021-11-03 04:30:00,147 INFO     [rollout0] [0, 0, 2, 1, 3, 4, 0, 2, 1, 2, 2, 3, 0, 3, 6, 5, 0, 0, 2, 0, 0, 2, 2, 4, 4, 4, 4, 4, 4, 4, 6]
2021-11-03 04:30:00,147 INFO     [rollout1] [3, 1, 1, 1, 1, 3, 4, 5, 0, 2, 4, 5, 0, 0, 3, 4, 5, 0, 3, 4, 3, 4, 5]
2021-11-03 04:30:00,147 INFO     [rollout2] [0, 3, 4, 5, 2, 1, 2, 4, 5, 0, 3, 3, 0, 4, 5, 2, 2, 4, 5]
2021-11-03 04:30:00,147 INFO     [reward] 0.8556152512998267
2021-11-03 04:30:00,147 INFO     [error] [-4.23505505e-05  6.53683572e-05]
2021-11-03 04:30:00,148 INFO     
2021-11-03 04:30:00,148 INFO     [min reward] 0.7688261813324428
2021-11-03 04:30:00,148 INFO     
2021-11-03 04:30:00,148 INFO     [max steps] 4
2021-11-03 04:39:17,020 INFO     [step] 2206200
2021-11-03 04:39:17,021 INFO     [task] make[plank] 0.06838904498693786 0.93346911065852
2021-11-03 04:39:17,021 INFO     [task] make[stick] 0.1257465732574886 0.8575293056807936
2021-11-03 04:39:17,021 INFO     [task] make[cloth] 0.07100634608436589 0.9304628137232328
2021-11-03 04:39:17,021 INFO     [task] make[rope] 0.06729738571399307 0.9288672350791718
2021-11-03 04:39:17,021 INFO     [task] make[bridge] 0.08825169361187367 0.916818679314119
2021-11-03 04:39:17,021 INFO     [task] make[bed] 0.11988611880517999 0.8732164696290257
2021-11-03 04:39:17,021 INFO     [task] make[axe] 0.18071569551119882 0.8171072814219976
2021-11-03 04:39:17,021 INFO     [task] make[shears] 0.06951750878331964 0.9259087751794397
2021-11-03 04:39:17,021 INFO     [task] get[gold] 0.2091896332456423 0.7844047342770945
2021-11-03 04:39:17,021 INFO     
2021-11-03 04:39:17,021 INFO     [rollout0] [0, 0, 3, 0, 4, 5, 2, 0, 4, 5, 2, 2, 0, 0, 2, 4, 5, 1, 4, 5]
2021-11-03 04:39:17,021 INFO     [rollout1] [3, 1, 3, 4, 5, 1, 2, 1, 4, 5, 3, 3, 3, 3, 1, 4, 4, 4, 4, 1, 4, 4, 4, 4, 6, 0, 2, 0, 0, 2, 2, 2, 2, 2, 1, 0, 2, 4, 2, 6]
2021-11-03 04:39:17,021 INFO     [rollout2] [1, 4, 5, 3, 3, 1, 4, 5]
2021-11-03 04:39:17,021 INFO     [reward] 0.862184466019417
2021-11-03 04:39:17,021 INFO     [error] [-4.59305977e-05  6.74241827e-05]
2021-11-03 04:39:17,021 INFO     
2021-11-03 04:39:17,021 INFO     [min reward] 0.7844047342770945
2021-11-03 04:39:17,021 INFO     
2021-11-03 04:39:17,021 INFO     [max steps] 4
2021-11-03 04:49:16,543 INFO     [step] 2274000
2021-11-03 04:49:16,544 INFO     [task] make[plank] 0.06819624471444244 0.9420940170940171
2021-11-03 04:49:16,544 INFO     [task] make[stick] 0.13586577747944503 0.8786455488803933
2021-11-03 04:49:16,544 INFO     [task] make[cloth] 0.07087513899160594 0.9219035997559487
2021-11-03 04:49:16,544 INFO     [task] make[rope] 0.07229695014012145 0.9430353430353431
2021-11-03 04:49:16,544 INFO     [task] make[bridge] 0.08303335036334221 0.9202949438202247
2021-11-03 04:49:16,544 INFO     [task] make[bed] 0.12188703398522333 0.8818138538443228
2021-11-03 04:49:16,544 INFO     [task] make[axe] 0.17188561576860856 0.8247885378905576
2021-11-03 04:49:16,544 INFO     [task] make[shears] 0.07493321710416734 0.9281496062992126
2021-11-03 04:49:16,544 INFO     [task] get[gold] 0.20102667145304362 0.7945673148285587
2021-11-03 04:49:16,544 INFO     
2021-11-03 04:49:16,544 INFO     [rollout0] [2, 4, 5, 3, 3, 3, 3, 3, 0, 3, 0, 4, 5, 2, 1, 2, 1, 2, 2, 2, 0, 4, 5, 1, 1, 3, 1, 4, 5]
2021-11-03 04:49:16,544 INFO     [rollout1] [0, 2, 4, 4, 4, 2, 4, 0, 4, 0, 0, 2, 2, 4, 6, 5, 3, 1, 4, 4, 4, 4, 4, 4, 4, 4, 4, 4, 4, 4, 6, 0, 4, 4, 4, 0, 0, 0, 4, 4, 4, 4, 4, 4, 4, 6]
2021-11-03 04:49:16,544 INFO     [rollout2] [3, 3, 3, 4, 5, 0, 2, 4, 5, 1, 2, 1, 1, 2, 4, 5, 3, 1, 3, 3, 4, 5]
2021-11-03 04:49:16,544 INFO     [reward] 0.8724188790560465
2021-11-03 04:49:16,544 INFO     [error] [-1.54061944e-05  4.86601429e-05]
2021-11-03 04:49:16,545 INFO     
2021-11-03 04:49:16,545 INFO     [min reward] 0.7945673148285587
2021-11-03 04:49:16,545 INFO     
2021-11-03 04:49:16,545 INFO     [max steps] 4
2021-11-03 04:59:03,798 INFO     [step] 2339900
2021-11-03 04:59:03,799 INFO     [task] make[plank] 0.06438372723864369 0.9343387470997679
2021-11-03 04:59:03,799 INFO     [task] make[stick] 0.1245411492559575 0.8756736893679569
2021-11-03 04:59:03,799 INFO     [task] make[cloth] 0.08352687585528855 0.9273534635879218
2021-11-03 04:59:03,799 INFO     [task] make[rope] 0.06349122749038287 0.944980694980695
2021-11-03 04:59:03,799 INFO     [task] make[bridge] 0.08505209146301897 0.9220614828209764
2021-11-03 04:59:03,799 INFO     [task] make[bed] 0.12153718297968841 0.883613707165109
2021-11-03 04:59:03,799 INFO     [task] make[axe] 0.17560461902796642 0.8370460258299385
2021-11-03 04:59:03,799 INFO     [task] make[shears] 0.07760484712669981 0.9419591207096027
2021-11-03 04:59:03,799 INFO     [task] get[gold] 0.20425827956235382 0.8093315388066398
2021-11-03 04:59:03,799 INFO     
2021-11-03 04:59:03,799 INFO     [rollout0] [3, 4, 5, 0, 4, 0, 3, 4, 5, 0, 3, 3, 0, 4, 5, 3, 0, 3, 0, 4, 0, 4, 5]
2021-11-03 04:59:03,799 INFO     [rollout1] [0, 0, 3, 0, 4, 3, 0, 4, 5, 1, 2, 4, 5]
2021-11-03 04:59:03,799 INFO     [rollout2] [1, 1, 3, 4, 5, 1, 4, 5]
2021-11-03 04:59:03,799 INFO     [reward] 0.878133535660091
2021-11-03 04:59:03,799 INFO     [error] [-1.64404448e-05  5.47611897e-05]
2021-11-03 04:59:03,799 INFO     
2021-11-03 04:59:03,799 INFO     [min reward] 0.8093315388066398
2021-11-03 04:59:03,800 INFO     
2021-11-03 04:59:05,691 INFO     [max steps] 5
2021-11-03 05:09:27,262 INFO     [step] 2405300
2021-11-03 05:09:27,263 INFO     [task] make[plank] 0.1 0.9406537129085706
2021-11-03 05:09:27,263 INFO     [task] make[stick] 0.1 0.8771367521367521
2021-11-03 05:09:27,263 INFO     [task] make[cloth] 0.1 0.9301350721937587
2021-11-03 05:09:27,263 INFO     [task] make[rope] 0.1 0.94640625
2021-11-03 05:09:27,263 INFO     [task] make[bridge] 0.1 0.9202909531747234
2021-11-03 05:09:27,263 INFO     [task] make[bed] 0.1 0.8812108240330224
2021-11-03 05:09:27,263 INFO     [task] make[axe] 0.1 0.8240442192538001
2021-11-03 05:09:27,263 INFO     [task] make[shears] 0.1 0.9457785832955747
2021-11-03 05:09:27,263 INFO     [task] get[gold] 0.1 0.7857357809208546
2021-11-03 05:09:27,263 INFO     [task] get[gem] 0.1 0.012251861042183622
2021-11-03 05:09:27,263 INFO     
2021-11-03 05:09:27,263 INFO     [rollout0] [2, 1, 2, 1, 4, 5, 3, 3, 1, 4, 5]
2021-11-03 05:09:27,263 INFO     [rollout1] [4, 5, 1, 1, 1, 3, 1, 1, 3, 4, 5]
2021-11-03 05:09:27,263 INFO     [rollout2] [1, 4, 5, 3, 0, 0, 3, 0, 3, 3, 0, 4, 5]
2021-11-03 05:09:27,263 INFO     [reward] 0.8074464831804277
2021-11-03 05:09:27,263 INFO     [error] [-1.26512085e-05  4.01111598e-05]
2021-11-03 05:09:27,264 INFO     
2021-11-03 05:09:27,264 INFO     [min reward] 0.012251861042183622
2021-11-03 05:09:27,264 INFO     
2021-11-03 05:09:27,264 INFO     [max steps] 5
2021-11-03 05:19:32,282 INFO     [step] 2455300
2021-11-03 05:19:32,282 INFO     [task] make[plank] 0.03405410812084348 0.9322916666666666
2021-11-03 05:19:32,282 INFO     [task] make[stick] 0.06524558989086329 0.8698296836982968
2021-11-03 05:19:32,282 INFO     [task] make[cloth] 0.039219531436359124 0.9195402298850575
2021-11-03 05:19:32,282 INFO     [task] make[rope] 0.031229190907576976 0.9410288582183187
2021-11-03 05:19:32,282 INFO     [task] make[bridge] 0.04405371517552157 0.9110609480812641
2021-11-03 05:19:32,282 INFO     [task] make[bed] 0.06324492207335262 0.8755935422602089
2021-11-03 05:19:32,282 INFO     [task] make[axe] 0.09131791374609304 0.8169203222918532
2021-11-03 05:19:32,282 INFO     [task] make[shears] 0.03153742125000569 0.9489528795811518
2021-11-03 05:19:32,282 INFO     [task] get[gold] 0.11013016391329808 0.7730496453900709
2021-11-03 05:19:32,282 INFO     [task] get[gem] 0.4899674434860862 0.1981143577030926
2021-11-03 05:19:32,282 INFO     
2021-11-03 05:19:32,282 INFO     [rollout0] [2, 2, 2, 4, 5, 1, 2, 0, 1, 2, 2, 0, 2, 3, 2, 2, 3, 1, 2, 6, 1, 2, 4, 2, 1, 4, 1, 4, 5, 1, 3, 4, 5, 0, 0, 0, 3, 0, 1, 0, 0, 0, 0, 0, 3, 0, 0, 6]
2021-11-03 05:19:32,282 INFO     [rollout1] [3, 4, 3, 1, 1, 3, 3, 0, 3, 4, 5, 0, 4, 5, 2, 1, 2, 1, 4, 5, 2, 4, 2, 4, 5]
2021-11-03 05:19:32,282 INFO     [rollout2] [1, 4, 5, 2, 0, 2, 4, 5, 2, 0, 2, 4, 5, 0, 3, 0, 3, 3, 4, 3, 4, 5]
2021-11-03 05:19:32,282 INFO     [reward] 0.5348200000000007
2021-11-03 05:19:32,282 INFO     [error] [-2.11283980e-05  3.76242312e-05]
2021-11-03 05:19:32,283 INFO     
2021-11-03 05:19:32,283 INFO     [min reward] 0.1981143577030926
2021-11-03 05:19:32,283 INFO     
2021-11-03 05:19:32,283 INFO     [max steps] 5
2021-11-03 05:29:22,595 INFO     [step] 2505300
2021-11-03 05:29:22,596 INFO     [task] make[plank] 0.04060807264862586 0.9435721295387635
2021-11-03 05:29:22,596 INFO     [task] make[stick] 0.07324885431713149 0.8704475952182374
2021-11-03 05:29:22,596 INFO     [task] make[cloth] 0.047271595709669656 0.9173027989821882
2021-11-03 05:29:22,596 INFO     [task] make[rope] 0.036042275210241545 0.9266155531215772
2021-11-03 05:29:22,596 INFO     [task] make[bridge] 0.05170261715520244 0.9239046887009992
2021-11-03 05:29:22,596 INFO     [task] make[bed] 0.07023683260493593 0.8735154394299287
2021-11-03 05:29:22,596 INFO     [task] make[axe] 0.10089771898353704 0.8235525797558094
2021-11-03 05:29:22,596 INFO     [task] make[shears] 0.031901416419834815 0.9392991239048811
2021-11-03 05:29:22,596 INFO     [task] get[gold] 0.12382323492698324 0.778446033810143
2021-11-03 05:29:22,596 INFO     [task] get[gem] 0.42426738202383796 0.45433288126081467
2021-11-03 05:29:22,596 INFO     
2021-11-03 05:29:22,596 INFO     [rollout0] [1, 2, 1, 4, 5, 4, 0, 4, 5, 3, 0, 0, 3, 4, 5, 2, 3, 2, 3, 2, 3, 2, 3, 2, 3, 2, 3, 2, 3, 6]
2021-11-03 05:29:22,596 INFO     [rollout1] [2, 0, 3, 0, 4, 5, 2, 1, 2, 1, 2, 4, 2, 0, 4, 5, 1, 3, 4, 3, 4, 5, 0, 2, 3, 2, 1, 0, 3, 2, 3, 2, 3, 2, 3, 4, 6]
2021-11-03 05:29:22,596 INFO     [rollout2] [3, 0, 3, 4, 5, 1, 3, 1, 1, 1, 1, 3, 4, 5, 2, 0, 0, 0, 0, 0, 3, 4, 5, 2, 0, 4, 0, 4, 5]
2021-11-03 05:29:22,596 INFO     [reward] 0.6888400000000001
2021-11-03 05:29:22,596 INFO     [error] [-4.11400755e-05  4.66373787e-05]
2021-11-03 05:29:22,596 INFO     
2021-11-03 05:29:22,597 INFO     [min reward] 0.45433288126081467
2021-11-03 05:29:22,597 INFO     
2021-11-03 05:29:22,597 INFO     [max steps] 5
2021-11-03 05:38:51,986 INFO     [step] 2555300
2021-11-03 05:38:51,986 INFO     [task] make[plank] 0.04028345678725213 0.9396426846933849
2021-11-03 05:38:51,986 INFO     [task] make[stick] 0.08462793144729397 0.8799212598425197
2021-11-03 05:38:51,987 INFO     [task] make[cloth] 0.05621381004046013 0.9275008713837574
2021-11-03 05:38:51,987 INFO     [task] make[rope] 0.050566332161980004 0.9359320725588576
2021-11-03 05:38:51,987 INFO     [task] make[bridge] 0.052210265483704915 0.919629057187017
2021-11-03 05:38:51,987 INFO     [task] make[bed] 0.08276751700267011 0.885940986858418
2021-11-03 05:38:51,987 INFO     [task] make[axe] 0.11306619562468628 0.8378520202903621
2021-11-03 05:38:51,987 INFO     [task] make[shears] 0.04287471007610518 0.9385474860335196
2021-11-03 05:38:51,987 INFO     [task] get[gold] 0.1404198889134811 0.7954803865832859
2021-11-03 05:38:51,987 INFO     [task] get[gem] 0.3369698924623662 0.5589054078066694
2021-11-03 05:38:51,987 INFO     
2021-11-03 05:38:51,987 INFO     [rollout0] [3, 1, 2, 0, 4, 0, 0, 4, 0, 3, 4, 5, 5, 4, 4, 1, 4, 5, 0, 2, 0, 4, 0, 4, 5]
2021-11-03 05:38:51,987 INFO     [rollout1] [3, 1, 4, 5, 3, 0, 4, 5, 1, 1, 2, 2, 1, 4, 1, 4, 5, 0, 0, 0, 3, 0, 0, 0, 3, 4, 3, 4, 5]
2021-11-03 05:38:51,987 INFO     [rollout2] [2, 2, 0, 4, 5, 1, 1, 3, 1, 4, 1, 4, 5]
2021-11-03 05:38:51,987 INFO     [reward] 0.7680000000000008
2021-11-03 05:38:51,987 INFO     [error] [-3.08974052e-05  4.87352749e-05]
2021-11-03 05:38:51,987 INFO     
2021-11-03 05:38:51,987 INFO     [min reward] 0.5589054078066694
2021-11-03 05:38:51,987 INFO     
2021-11-03 05:38:51,987 INFO     [max steps] 5
2021-11-03 05:48:06,469 INFO     [step] 2605300
2021-11-03 05:48:06,469 INFO     [task] make[plank] 0.04751792889977356 0.9430929626411816
2021-11-03 05:48:06,469 INFO     [task] make[stick] 0.08785258930415887 0.8899543378995434
2021-11-03 05:48:06,469 INFO     [task] make[cloth] 0.05571826768539742 0.9212230215827338
2021-11-03 05:48:06,469 INFO     [task] make[rope] 0.05002400240207683 0.944422231107557
2021-11-03 05:48:06,469 INFO     [task] make[bridge] 0.061034734149230295 0.9152215799614644
2021-11-03 05:48:06,469 INFO     [task] make[bed] 0.08378698561972421 0.886240264337975
2021-11-03 05:48:06,469 INFO     [task] make[axe] 0.11626531547478083 0.8407169428474806
2021-11-03 05:48:06,469 INFO     [task] make[shears] 0.048257604252987515 0.9438625890238793
2021-11-03 05:48:06,469 INFO     [task] get[gold] 0.1448822726324794 0.8075279194815939
2021-11-03 05:48:06,469 INFO     [task] get[gem] 0.3046602995793909 0.598598995506212
2021-11-03 05:48:06,470 INFO     
2021-11-03 05:48:06,470 INFO     [rollout0] [4, 5, 0, 0, 4, 5]
2021-11-03 05:48:06,470 INFO     [rollout1] [0, 3, 4, 5, 1, 2, 4, 2, 1, 4, 5]
2021-11-03 05:48:06,470 INFO     [rollout2] [3, 4, 5, 3, 3, 2, 3, 2, 3, 0, 2, 3, 0, 2, 0, 3, 2, 6, 3, 4, 5, 0, 4, 5, 2, 0, 2, 0, 0, 0, 2, 0, 2, 0, 4, 2, 2, 0, 6]
2021-11-03 05:48:06,470 INFO     [reward] 0.7947399999999994
2021-11-03 05:48:06,470 INFO     [error] [-3.12901119e-05  5.64143846e-05]
2021-11-03 05:48:06,470 INFO     
2021-11-03 05:48:06,470 INFO     [min reward] 0.598598995506212
2021-11-03 05:48:06,470 INFO     
2021-11-03 05:48:06,470 INFO     [max steps] 5
2021-11-03 05:57:10,486 INFO     [step] 2655300
2021-11-03 05:57:10,487 INFO     [task] make[plank] 0.047480787892688364 0.9419547588561673
2021-11-03 05:57:10,487 INFO     [task] make[stick] 0.08519077879746939 0.8957345971563981
2021-11-03 05:57:10,487 INFO     [task] make[cloth] 0.06300085982552357 0.9268987341772152
2021-11-03 05:57:10,487 INFO     [task] make[rope] 0.04653746837659729 0.9434628975265018
2021-11-03 05:57:10,487 INFO     [task] make[bridge] 0.06725980160382503 0.9182649749188552
2021-11-03 05:57:10,487 INFO     [task] make[bed] 0.08782648269284486 0.8869683875369571
2021-11-03 05:57:10,487 INFO     [task] make[axe] 0.12013224987648094 0.8527986633249791
2021-11-03 05:57:10,487 INFO     [task] make[shears] 0.04693462012804034 0.9372678497730087
2021-11-03 05:57:10,487 INFO     [task] get[gold] 0.1436849438980381 0.8134390651085142
2021-11-03 05:57:10,487 INFO     [task] get[gem] 0.291952006908492 0.6454104299090971
2021-11-03 05:57:10,487 INFO     
2021-11-03 05:57:10,487 INFO     [rollout0] [3, 0, 4, 5, 0, 4, 5, 1, 1, 4, 5, 0, 0, 0, 2, 2, 0, 2, 2, 4, 2, 4, 5]
2021-11-03 05:57:10,487 INFO     [rollout1] [0, 3, 0, 4, 5, 1, 1, 2, 4, 5, 3, 4, 5, 2, 0, 2, 2, 2, 2, 2, 2, 2, 2, 2, 2, 2, 2, 6, 0, 0, 0, 0, 0, 4, 0, 2, 4, 4, 4, 4, 4, 4, 6]
2021-11-03 05:57:10,487 INFO     [rollout2] [3, 1, 4, 1, 4, 5, 2, 4, 5]
2021-11-03 05:57:10,487 INFO     [reward] 0.8145799999999987
2021-11-03 05:57:10,487 INFO     [error] [-5.59016881e-06  3.12243546e-05]
2021-11-03 05:57:10,488 INFO     
2021-11-03 05:57:10,488 INFO     [min reward] 0.6454104299090971
2021-11-03 05:57:10,488 INFO     
2021-11-03 05:57:10,488 INFO     [max steps] 5
2021-11-03 06:06:12,763 INFO     [step] 2705300
2021-11-03 06:06:12,763 INFO     [task] make[plank] 0.05086355162775997 0.9384615384615385
2021-11-03 06:06:12,763 INFO     [task] make[stick] 0.08541294172971128 0.8908961255051105
2021-11-03 06:06:12,763 INFO     [task] make[cloth] 0.062117871190651486 0.9245161290322581
2021-11-03 06:06:12,763 INFO     [task] make[rope] 0.04973622387006662 0.935254638768259
2021-11-03 06:06:12,763 INFO     [task] make[bridge] 0.06857157246934921 0.9271830577313606
2021-11-03 06:06:12,763 INFO     [task] make[bed] 0.09196564913529919 0.8863636363636364
2021-11-03 06:06:12,763 INFO     [task] make[axe] 0.11750738434479789 0.8510351792627504
2021-11-03 06:06:12,763 INFO     [task] make[shears] 0.05436699783676002 0.9392592592592592
2021-11-03 06:06:12,763 INFO     [task] get[gold] 0.1469285300748767 0.8146806226516371
2021-11-03 06:06:12,763 INFO     [task] get[gem] 0.2725292777207275 0.6619364375461937
2021-11-03 06:06:12,763 INFO     
2021-11-03 06:06:12,763 INFO     [rollout0] [2, 2, 1, 4, 5, 1, 1, 4, 1, 4, 5, 0, 2, 4, 5, 1, 4, 5]
2021-11-03 06:06:12,763 INFO     [rollout1] [2, 1, 1, 2, 2, 4, 5, 2, 0, 3, 3, 3, 4, 5, 2, 0, 0, 2, 4, 5, 3, 2, 3, 2, 3, 2, 3, 4, 2, 3, 2, 3, 2, 3, 6]
2021-11-03 06:06:12,763 INFO     [rollout2] [0, 3, 0, 4, 5, 0, 0, 0, 3, 3, 0, 0, 4, 5, 2, 4, 2, 2, 1, 2, 4, 5, 0, 4, 5]
2021-11-03 06:06:12,764 INFO     [reward] 0.82422
2021-11-03 06:06:12,764 INFO     [error] [-1.81106542e-05  4.13022346e-05]
2021-11-03 06:06:12,764 INFO     
2021-11-03 06:06:12,764 INFO     [min reward] 0.6619364375461937
2021-11-03 06:06:12,764 INFO     
2021-11-03 06:06:12,764 INFO     [max steps] 5
2021-11-03 06:15:08,824 INFO     [step] 2755300
2021-11-03 06:15:08,824 INFO     [task] make[plank] 0.05377160426997751 0.953720844131803
2021-11-03 06:15:08,824 INFO     [task] make[stick] 0.08952396051901443 0.893989798181415
2021-11-03 06:15:08,824 INFO     [task] make[cloth] 0.06425361661813127 0.9266480965645311
2021-11-03 06:15:08,824 INFO     [task] make[rope] 0.05618205785721081 0.9426289034132171
2021-11-03 06:15:08,824 INFO     [task] make[bridge] 0.06224903011262913 0.9268051434223541
2021-11-03 06:15:08,824 INFO     [task] make[bed] 0.0929307882202544 0.9014144877839692
2021-11-03 06:15:08,824 INFO     [task] make[axe] 0.11948528455473861 0.8573578595317726
2021-11-03 06:15:08,824 INFO     [task] make[shears] 0.053172000558484346 0.9505982246236974
2021-11-03 06:15:08,824 INFO     [task] get[gold] 0.14681104456499952 0.8162444712505026
2021-11-03 06:15:08,824 INFO     [task] get[gem] 0.26162061272456 0.6909132629646627
2021-11-03 06:15:08,825 INFO     
2021-11-03 06:15:08,825 INFO     [rollout0] [2, 1, 4, 5, 1, 2, 1, 4, 5, 0, 4, 5, 3, 4, 5, 0, 0, 3, 0, 4, 0, 4, 5]
2021-11-03 06:15:08,825 INFO     [rollout1] [2, 1, 4, 5, 0, 4, 0, 0, 4, 5, 3, 1, 4, 5, 4, 1, 1, 2, 2, 1, 4, 5]
2021-11-03 06:15:08,825 INFO     [rollout2] [4, 5, 3, 1, 1, 3, 4, 3, 4, 5]
2021-11-03 06:15:08,825 INFO     [reward] 0.8385400000000004
2021-11-03 06:15:08,825 INFO     [error] [-6.15902125e-05  7.89171496e-05]
2021-11-03 06:15:08,825 INFO     
2021-11-03 06:15:08,825 INFO     [min reward] 0.6909132629646627
2021-11-03 06:15:08,825 INFO     
2021-11-03 06:15:08,825 INFO     [max steps] 5
2021-11-03 06:23:59,561 INFO     [step] 2805300
2021-11-03 06:23:59,561 INFO     [task] make[plank] 0.04539817165478546 0.94971578487101
2021-11-03 06:23:59,561 INFO     [task] make[stick] 0.09358084666729304 0.900635593220339
2021-11-03 06:23:59,561 INFO     [task] make[cloth] 0.06723668757183422 0.9338743612864443
2021-11-03 06:23:59,561 INFO     [task] make[rope] 0.05434560203036473 0.9418948926720947
2021-11-03 06:23:59,561 INFO     [task] make[bridge] 0.06711000407597668 0.9271483794231341
2021-11-03 06:23:59,561 INFO     [task] make[bed] 0.08759164288730655 0.903337169159954
2021-11-03 06:23:59,561 INFO     [task] make[axe] 0.12313038438173132 0.8647219105625902
2021-11-03 06:23:59,561 INFO     [task] make[shears] 0.04791706544867179 0.9527950310559006
2021-11-03 06:23:59,561 INFO     [task] get[gold] 0.15629493046828116 0.8195948528474964
2021-11-03 06:23:59,561 INFO     [task] get[gem] 0.257394664813755 0.7105779032384537
2021-11-03 06:23:59,561 INFO     
2021-11-03 06:23:59,561 INFO     [rollout0] [2, 4, 5, 1, 3, 1, 3, 1, 4, 5, 0, 4, 5, 2, 1, 1, 1, 1, 1, 2, 4, 5]
2021-11-03 06:23:59,561 INFO     [rollout1] [1, 1, 1, 4, 5, 2, 4, 5, 0, 0, 3, 4, 5, 1, 4, 5, 0, 4, 0, 4, 0, 4, 5]
2021-11-03 06:23:59,561 INFO     [rollout2] [2, 4, 5, 2, 2, 2, 1, 4, 1, 1, 1, 1, 2, 4, 5]
2021-11-03 06:23:59,561 INFO     [reward] 0.8461800000000003
2021-11-03 06:23:59,561 INFO     [error] [-2.12992229e-05  4.58306667e-05]
2021-11-03 06:23:59,562 INFO     
2021-11-03 06:23:59,562 INFO     [min reward] 0.7105779032384537
2021-11-03 06:23:59,562 INFO     
2021-11-03 06:23:59,562 INFO     [max steps] 5
2021-11-03 06:32:47,608 INFO     [step] 2855300
2021-11-03 06:32:47,608 INFO     [task] make[plank] 0.0504173348881385 0.950262838657501
2021-11-03 06:32:47,608 INFO     [task] make[stick] 0.09146443906841581 0.8986074847693647
2021-11-03 06:32:47,608 INFO     [task] make[cloth] 0.06366594990716079 0.931640012543117
2021-11-03 06:32:47,608 INFO     [task] make[rope] 0.056958160546613845 0.9413398125650816
2021-11-03 06:32:47,608 INFO     [task] make[bridge] 0.06929107216061423 0.9317540891144952
2021-11-03 06:32:47,608 INFO     [task] make[bed] 0.08920503735634466 0.8989690721649485
2021-11-03 06:32:47,608 INFO     [task] make[axe] 0.12150003232857133 0.8675963904840033
2021-11-03 06:32:47,609 INFO     [task] make[shears] 0.047842077239441144 0.9518716577540107
2021-11-03 06:32:47,609 INFO     [task] get[gold] 0.1592410226768744 0.8161681892128645
2021-11-03 06:32:47,609 INFO     [task] get[gem] 0.25041487382782524 0.7282232767634521
2021-11-03 06:32:47,609 INFO     
2021-11-03 06:32:47,609 INFO     [rollout0] [0, 0, 3, 4, 5, 0, 2, 0, 0, 2, 4, 5]
2021-11-03 06:32:47,609 INFO     [rollout1] [1, 1, 1, 1, 4, 5, 2, 0, 1, 2, 2, 0, 4, 5, 3, 4, 5, 0, 3, 4, 4, 4, 3, 3, 3, 4, 3, 4, 5]
2021-11-03 06:32:47,609 INFO     [rollout2] [1, 4, 5, 2, 2, 0, 4, 5, 1, 1, 1, 4, 5]
2021-11-03 06:32:47,609 INFO     [reward] 0.8513800000000004
2021-11-03 06:32:47,609 INFO     [error] [-1.57404711e-05  5.62285504e-05]
2021-11-03 06:32:47,609 INFO     
2021-11-03 06:32:47,609 INFO     [min reward] 0.7282232767634521
2021-11-03 06:32:47,609 INFO     
2021-11-03 06:32:47,609 INFO     [max steps] 5
2021-11-03 06:41:32,292 INFO     [step] 2905300
2021-11-03 06:41:32,293 INFO     [task] make[plank] 0.05047213420183132 0.9574380165289256
2021-11-03 06:41:32,293 INFO     [task] make[stick] 0.09411592133689714 0.9091878064378597
2021-11-03 06:41:32,293 INFO     [task] make[cloth] 0.06620662438748834 0.9290590679726922
2021-11-03 06:41:32,293 INFO     [task] make[rope] 0.05801122980500042 0.9528759528759528
2021-11-03 06:41:32,293 INFO     [task] make[bridge] 0.06611024069783035 0.9292353823088456
2021-11-03 06:41:32,293 INFO     [task] make[bed] 0.09381041489592382 0.8925760476494363
2021-11-03 06:41:32,293 INFO     [task] make[axe] 0.12031730214142618 0.8722342372317418
2021-11-03 06:41:32,293 INFO     [task] make[shears] 0.04911283738355856 0.9545454545454546
2021-11-03 06:41:32,293 INFO     [task] get[gold] 0.16376916724484966 0.8181818181818182
2021-11-03 06:41:32,293 INFO     [task] get[gem] 0.23807412790519433 0.7373031247367978
2021-11-03 06:41:32,293 INFO     
2021-11-03 06:41:32,293 INFO     [rollout0] [2, 2, 4, 5, 0, 0, 2, 2, 2, 0, 2, 4, 5, 0, 4, 5, 2, 4, 5]
2021-11-03 06:41:32,293 INFO     [rollout1] [1, 4, 5, 2, 4, 5, 3, 0, 3, 4, 3, 4, 5]
2021-11-03 06:41:32,293 INFO     [rollout2] [4, 0, 2, 2, 0, 2, 2, 0, 4, 5, 3, 0, 3, 2, 0, 0, 3, 0, 3, 0, 3, 4, 5]
2021-11-03 06:41:32,293 INFO     [reward] 0.8569999999999992
2021-11-03 06:41:32,293 INFO     [error] [-2.31324232e-05  3.55499824e-05]
2021-11-03 06:41:32,293 INFO     
2021-11-03 06:41:32,294 INFO     [min reward] 0.7373031247367978
2021-11-03 06:41:32,294 INFO     
2021-11-03 06:41:32,294 INFO     [max steps] 5
2021-11-03 06:50:19,660 INFO     [step] 2955400
2021-11-03 06:50:19,660 INFO     [task] make[plank] 0.04581111581771524 0.962738301559792
2021-11-03 06:50:19,660 INFO     [task] make[stick] 0.08786424655482532 0.911522633744856
2021-11-03 06:50:19,660 INFO     [task] make[cloth] 0.07054517669671603 0.9298586082617133
2021-11-03 06:50:19,660 INFO     [task] make[rope] 0.049787244810053116 0.9582161510646846
2021-11-03 06:50:19,660 INFO     [task] make[bridge] 0.07039150752480795 0.9298043728423475
2021-11-03 06:50:19,661 INFO     [task] make[bed] 0.10234245219961804 0.9038759689922481
2021-11-03 06:50:19,661 INFO     [task] make[axe] 0.12007163537437093 0.8638576464663421
2021-11-03 06:50:19,661 INFO     [task] make[shears] 0.04833216778881584 0.9572544184134812
2021-11-03 06:50:19,661 INFO     [task] get[gold] 0.1671817607121336 0.8252761610642594
2021-11-03 06:50:19,661 INFO     [task] get[gem] 0.23767269252094378 0.7453060537172687
2021-11-03 06:50:19,661 INFO     
2021-11-03 06:50:19,661 INFO     [rollout0] [0, 2, 0, 3, 4, 3, 0, 4, 5, 3, 3, 1, 4, 5, 5, 3, 1, 5, 0, 2, 0, 2, 0, 4, 4, 4, 4, 4, 4, 4, 4, 4, 6]
2021-11-03 06:50:19,661 INFO     [rollout1] [0, 0, 3, 4, 5, 0, 2, 0, 2, 4, 5, 1, 3, 1, 3, 4, 5, 1, 4, 1, 4, 5]
2021-11-03 06:50:19,661 INFO     [rollout2] [0, 3, 4, 5, 3, 3, 3, 1, 4, 5]
2021-11-03 06:50:19,661 INFO     [reward] 0.8606586826347294
2021-11-03 06:50:19,661 INFO     [error] [-2.06840988e-05  4.60622745e-05]
2021-11-03 06:50:19,661 INFO     
2021-11-03 06:50:19,661 INFO     [min reward] 0.7453060537172687
2021-11-03 06:50:19,661 INFO     
2021-11-03 06:50:19,661 INFO     [max steps] 5
2021-11-03 06:59:05,480 INFO     [step] 3005400
2021-11-03 06:59:05,480 INFO     [task] make[plank] 0.042490458309064005 0.9534776600644864
2021-11-03 06:59:05,480 INFO     [task] make[stick] 0.08853571842206118 0.9110352673492605
2021-11-03 06:59:05,480 INFO     [task] make[cloth] 0.07205082713635654 0.936046511627907
2021-11-03 06:59:05,480 INFO     [task] make[rope] 0.04655608128541061 0.9496937882764654
2021-11-03 06:59:05,480 INFO     [task] make[bridge] 0.07209958729313236 0.9374145941514075
2021-11-03 06:59:05,480 INFO     [task] make[bed] 0.09541042459211403 0.9098055440628878
2021-11-03 06:59:05,480 INFO     [task] make[axe] 0.1313887520962959 0.8780450900287486
2021-11-03 06:59:05,480 INFO     [task] make[shears] 0.04742072353207301 0.9558697514995715
2021-11-03 06:59:05,480 INFO     [task] get[gold] 0.1660752964034781 0.819115514741421
2021-11-03 06:59:05,481 INFO     [task] get[gem] 0.23797213093001418 0.7549052774018945
2021-11-03 06:59:05,481 INFO     
2021-11-03 06:59:05,481 INFO     [rollout0] [0, 3, 0, 4, 5, 3, 3, 3, 4, 5, 0, 2, 4, 5, 1, 4, 5]
2021-11-03 06:59:05,481 INFO     [rollout1] [2, 2, 0, 4, 5, 3, 1, 3, 4, 5]
2021-11-03 06:59:05,481 INFO     [rollout2] [4, 4, 2, 4, 5, 0, 2, 0, 4, 5, 2, 2, 4, 5, 3, 3, 0, 4, 5]
2021-11-03 06:59:05,481 INFO     [reward] 0.8638599999999996
2021-11-03 06:59:05,481 INFO     [error] [-1.48235425e-05  3.69638693e-05]
2021-11-03 06:59:05,481 INFO     
2021-11-03 06:59:05,481 INFO     [min reward] 0.7549052774018945
2021-11-03 06:59:05,481 INFO     
