2021-10-20 16:47:03,984 INFO     BEGIN
2021-10-20 16:47:03,984 INFO     struct {
    trainer:
        improvement_threshold: 0.8
        use_curriculum: True
        name: 'CurriculumTrainer'
        max_timesteps: 100
        hints: 'resources/light/hints.yaml'
    name: 'light_joint-feat-plan'
    recipes: 'resources/light/recipes.yaml'
    world:
        name: 'LightWorld'
    model:
        baseline: 'state'
        use_args: False
        name: 'ModularACModel'
        max_subtask_timesteps: 15
        featurize_plan: True
    experiment_dir: 'experiments/light_joint-feat-plan'
}
2021-10-20 16:47:04,062 ERROR    Uncaught exception: 'module' object has no attribute 'RMSPropOptimizer'
None
2021-10-20 16:47:04,064 ERROR    Traceback (most recent call last):

  File "main.py", line 60, in <module>
    main()

  File "main.py", line 29, in main
    trainer.train(model, world)

  File "/Users/mlunghi/Desktop/psketch/trainers/curriculum.py", line 113, in train
    model.prepare(world, self)

  File "/Users/mlunghi/Desktop/psketch/models/modular_ac.py", line 61, in prepare
    self.optimizer = tf.train.RMSPropOptimizer(0.001)

AttributeError: 'module' object has no attribute 'RMSPropOptimizer'
None
