## SLURM PROLOG ###############################################################
##    Job ID : 3357305
##  Job Name : run.sh
##  Nodelist : node1122
##      CPUs : 8
##  Mem/Node : 65536 MB
## Directory : /gpfs/data/ceickhof/mlunghi/psketch
##   Started : Tue Nov 16 17:25:39 EST 2021
###############################################################################
module: unloading 'anaconda/2020.02'
module: loading 'anaconda/2020.02'
module: anaconda: "See https://docs.ccv.brown.edu/oscar/software/anaconda for potential issues on VNC and batch jobs"
2021-11-16 17:25:40.487680: W tensorflow/stream_executor/platform/default/dso_loader.cc:64] Could not load dynamic library 'libcudart.so.11.0'; dlerror: libcudart.so.11.0: cannot open shared object file: No such file or directory; LD_LIBRARY_PATH: /gpfs/runtime/opt/intel/2017.0/lib/intel64:/gpfs/runtime/opt/intel/2017.0/mkl/lib/intel64:/gpfs/runtime/opt/python/2.7.12/lib:/gpfs/runtime/opt/java/8u111/jre/lib/amd64
2021-11-16 17:25:40.487728: I tensorflow/stream_executor/cuda/cudart_stub.cc:29] Ignore above cudart dlerror if you do not have a GPU set up on your machine.
WARNING:tensorflow:From /users/mlunghi/anaconda/reAI/lib/python3.8/site-packages/tensorflow/python/training/rmsprop.py:192: calling Ones.__init__ (from tensorflow.python.ops.init_ops) with dtype is deprecated and will be removed in a future version.
Instructions for updating:
Call initializer instance with the dtype argument instead of passing it to the constructor
2021-11-16 17:26:13.287478: W tensorflow/stream_executor/platform/default/dso_loader.cc:64] Could not load dynamic library 'libcuda.so.1'; dlerror: libcuda.so.1: cannot open shared object file: No such file or directory; LD_LIBRARY_PATH: /gpfs/runtime/opt/intel/2017.0/lib/intel64:/gpfs/runtime/opt/intel/2017.0/mkl/lib/intel64:/gpfs/runtime/opt/python/2.7.12/lib:/gpfs/runtime/opt/java/8u111/jre/lib/amd64
2021-11-16 17:26:13.287545: W tensorflow/stream_executor/cuda/cuda_driver.cc:269] failed call to cuInit: UNKNOWN ERROR (303)
2021-11-16 17:26:13.287580: I tensorflow/stream_executor/cuda/cuda_diagnostics.cc:156] kernel driver does not appear to be running on this host (node1122.oscar.ccv.brown.edu): /proc/driver/nvidia/version does not exist
2021-11-16 17:26:13.287941: I tensorflow/core/platform/cpu_feature_guard.cc:151] This TensorFlow binary is optimized with oneAPI Deep Neural Network Library (oneDNN) to use the following CPU instructions in performance-critical operations:  AVX2 AVX512F FMA
To enable them in other operations, rebuild TensorFlow with the appropriate compiler flags.
