## SLURM PROLOG ###############################################################
##    Job ID : 3585521
##  Job Name : run.sh
##  Nodelist : node1161
##      CPUs : 1
##  Mem/Node : 4096 MB
## Directory : /gpfs/data/sbach/tliu46/psketch
##   Started : Wed Dec  8 16:11:01 EST 2021
###############################################################################
module: loading 'anaconda/2020.02'
module: anaconda: "See https://docs.ccv.brown.edu/oscar/software/anaconda for potential issues on VNC and batch jobs"
2021-12-08 16:11:06.857795: W tensorflow/stream_executor/platform/default/dso_loader.cc:64] Could not load dynamic library 'libcudart.so.11.0'; dlerror: libcudart.so.11.0: cannot open shared object file: No such file or directory; LD_LIBRARY_PATH: /gpfs/runtime/opt/intel/2017.0/lib/intel64:/gpfs/runtime/opt/intel/2017.0/mkl/lib/intel64:/gpfs/runtime/opt/python/2.7.12/lib:/gpfs/runtime/opt/java/8u111/jre/lib/amd64
2021-12-08 16:11:06.857844: I tensorflow/stream_executor/cuda/cudart_stub.cc:29] Ignore above cudart dlerror if you do not have a GPU set up on your machine.
WARNING:tensorflow:From /users/tliu46/anaconda/csci2951x/lib/python3.8/site-packages/tensorflow/python/training/rmsprop.py:123: calling Ones.__init__ (from tensorflow.python.ops.init_ops) with dtype is deprecated and will be removed in a future version.
Instructions for updating:
Call initializer instance with the dtype argument instead of passing it to the constructor
2021-12-08 16:12:00.002049: W tensorflow/stream_executor/platform/default/dso_loader.cc:64] Could not load dynamic library 'libcuda.so.1'; dlerror: libcuda.so.1: cannot open shared object file: No such file or directory; LD_LIBRARY_PATH: /gpfs/runtime/opt/intel/2017.0/lib/intel64:/gpfs/runtime/opt/intel/2017.0/mkl/lib/intel64:/gpfs/runtime/opt/python/2.7.12/lib:/gpfs/runtime/opt/java/8u111/jre/lib/amd64
2021-12-08 16:12:00.002153: W tensorflow/stream_executor/cuda/cuda_driver.cc:269] failed call to cuInit: UNKNOWN ERROR (303)
2021-12-08 16:12:00.002189: I tensorflow/stream_executor/cuda/cuda_diagnostics.cc:156] kernel driver does not appear to be running on this host (node1161.oscar.ccv.brown.edu): /proc/driver/nvidia/version does not exist
2021-12-08 16:12:00.002583: I tensorflow/core/platform/cpu_feature_guard.cc:142] This TensorFlow binary is optimized with oneAPI Deep Neural Network Library (oneDNN) to use the following CPU instructions in performance-critical operations:  AVX2 AVX512F FMA
To enable them in other operations, rebuild TensorFlow with the appropriate compiler flags.
INFO:tensorflow:Restoring parameters from experiments/deeper_network_more_iters/modular_ac.chk
