2021-11-26 14:07:53,513 INFO     BEGIN
2021-11-26 14:07:53,514 INFO     struct {
    name: 'craft_embedded_model_10M'
    recipes: 'resources/craft/recipes.yaml'
    world:
        name: 'CraftWorld'
    model:
        name: 'EmbeddedModel'
        use_args: False
        featurize_plan: False
        max_subtask_timesteps: 15
        baseline: 'state'
        size: 'small'
    trainer:
        name: 'CurriculumTrainer'
        use_curriculum: True
        improvement_threshold: 0.8
        hints: 'resources/craft/hints.yaml'
        max_timesteps: 100
    synonyms: 'word2vec/noise.json'
    experiment_dir: 'experiments/craft_embedded_model_10M'
}
2021-11-26 14:07:53,536 INFO     USING word2vec/noise.json
2021-11-26 14:07:55,286 INFO     USING SMALL MODEL, NUMBER OF PARAMS: 4
2021-11-26 14:07:55,454 WARNING  From /users/tliu46/anaconda/csci2951x/lib/python3.8/site-packages/tensorflow/python/training/rmsprop.py:123: calling Ones.__init__ (from tensorflow.python.ops.init_ops) with dtype is deprecated and will be removed in a future version.
Instructions for updating:
Call initializer instance with the dtype argument instead of passing it to the constructor
2021-11-26 14:08:26,583 INFO     loaded experiments/craft_embedded_model_10M/modular_ac.chk
2021-11-26 14:08:26,585 INFO     Restoring parameters from experiments/craft_embedded_model_10M/modular_ac.chk
2021-11-26 14:08:26,851 INFO     [max steps] 3
2021-11-26 14:19:13,089 INFO     [task] make[plank] 0.2 0.8589344837965286
2021-11-26 14:19:13,090 INFO     [task] make[stick] 0.2 0.8516385505325926
2021-11-26 14:19:13,090 INFO     [task] make[cloth] 0.2 0.6606094071582752
2021-11-26 14:19:13,090 INFO     [task] make[rope] 0.2 0.640440838818307
2021-11-26 14:19:13,090 INFO     [task] make[bridge] 0.2 0.5938461538461538
2021-11-26 14:19:13,090 INFO     
2021-11-26 14:19:13,090 INFO     [rollout0] [4, 5, 0, 0, 4, 0, 0, 0, 0, 1, 1, 0, 0, 1, 1, 2, 6]
2021-11-26 14:19:13,090 INFO     [rollout1] [4, 1, 4, 5, 1, 4, 1, 1, 4, 2, 2, 0, 2, 0, 4, 0, 0, 4, 6]
2021-11-26 14:19:13,090 INFO     [rollout2] [1, 3, 4, 5, 3, 1, 3, 4, 5]
2021-11-26 14:19:13,090 INFO     [reward] 0.7211021233569264
2021-11-26 14:19:13,090 INFO     [error] [-2.03008316e-05  9.22268287e-05]
2021-11-26 14:19:13,090 INFO     
2021-11-26 14:19:13,091 INFO     [min reward] 0.5938461538461538
2021-11-26 14:19:13,091 INFO     
