2021-11-29 11:29:42,795 INFO     BEGIN
2021-11-29 11:29:42,796 INFO     struct {
    name: 'craft_embedded_model_10M'
    recipes: 'resources/craft/recipes.yaml'
    world:
        name: 'CraftWorld'
    model:
        name: 'EmbeddedModel'
        use_args: False
        featurize_plan: False
        max_subtask_timesteps: 15
        baseline: 'state'
        size: 'small'
    trainer:
        name: 'CurriculumTrainer'
        use_curriculum: True
        improvement_threshold: 0.8
        hints: 'resources/craft/hints.yaml'
        max_timesteps: 100
    synonyms: 'word2vec/synonyms_3.json'
    experiment_dir: 'experiments/craft_embedded_model_10M'
}
2021-11-29 11:29:42,813 INFO     USING word2vec/synonyms_3.json
2021-11-29 11:29:42,987 INFO     USING SMALL MODEL, NUMBER OF PARAMS: 4
2021-11-29 11:29:43,122 WARNING  From /users/tliu46/anaconda/csci2951x/lib/python3.8/site-packages/tensorflow/python/training/rmsprop.py:123: calling Ones.__init__ (from tensorflow.python.ops.init_ops) with dtype is deprecated and will be removed in a future version.
Instructions for updating:
Call initializer instance with the dtype argument instead of passing it to the constructor
2021-11-29 11:30:08,000 INFO     loaded experiments/craft_embedded_model_10M/modular_ac.chk
2021-11-29 11:30:08,000 INFO     Restoring parameters from experiments/craft_embedded_model_10M/modular_ac.chk
2021-11-29 11:30:08,201 INFO     [max steps] 3
2021-11-29 11:39:19,421 INFO     [task] make[plank] 0.2 0.9325135121733525
2021-11-29 11:39:19,421 INFO     [task] make[stick] 0.2 0.8833770690351231
2021-11-29 11:39:19,421 INFO     [task] make[cloth] 0.2 0.9111276332094176
2021-11-29 11:39:19,421 INFO     [task] make[rope] 0.2 0.9246502701883743
2021-11-29 11:39:19,421 INFO     [task] make[bridge] 0.2 0.7088967616386408
2021-11-29 11:39:19,421 INFO     
2021-11-29 11:39:19,422 INFO     [rollout0] [0, 3, 3, 1, 3, 4, 5, 3, 1, 3, 4, 5]
2021-11-29 11:39:19,422 INFO     [rollout1] [2, 4, 5, 2, 0, 4, 0, 4, 5]
2021-11-29 11:39:19,422 INFO     [rollout2] [3, 3, 3, 0, 2, 3, 0, 2, 3, 0, 2, 3, 0, 4, 6, 0, 3, 3, 3, 3, 1, 1, 4, 4, 4, 4, 4, 4, 4, 6]
2021-11-29 11:39:19,422 INFO     [reward] 0.8720899999999991
2021-11-29 11:39:19,422 INFO     [error] [-4.62983006e-05  9.54358165e-05]
2021-11-29 11:39:19,422 INFO     
2021-11-29 11:39:19,422 INFO     [min reward] 0.7088967616386408
2021-11-29 11:39:19,422 INFO     
