2021-11-25 02:17:51,514 INFO     BEGIN
2021-11-25 02:17:51,514 INFO     struct {
    name: 'craft_embedded_model_10M'
    recipes: 'resources/craft/recipes.yaml'
    world:
        name: 'CraftWorld'
    model:
        name: 'EmbeddedModel'
        use_args: False
        featurize_plan: False
        max_subtask_timesteps: 15
        baseline: 'state'
        size: 'small'
    trainer:
        name: 'CurriculumTrainer'
        use_curriculum: True
        improvement_threshold: 0.8
        hints: 'resources/craft/hints.yaml'
        max_timesteps: 100
    synonyms: 'word2vec/synonyms_0.json'
    experiment_dir: 'experiments/craft_embedded_model_10M'
}
2021-11-25 02:17:51,533 INFO     USING word2vec/synonyms_0.json
2021-11-25 02:17:53,219 INFO     USING SMALL MODEL, NUMBER OF PARAMS: 4
2021-11-25 02:17:53,355 WARNING  From /users/tliu46/anaconda/csci2951x/lib/python3.8/site-packages/tensorflow/python/training/rmsprop.py:123: calling Ones.__init__ (from tensorflow.python.ops.init_ops) with dtype is deprecated and will be removed in a future version.
Instructions for updating:
Call initializer instance with the dtype argument instead of passing it to the constructor
2021-11-25 02:18:19,634 INFO     loaded experiments/craft_embedded_model_10M/modular_ac.chk
2021-11-25 02:18:19,636 INFO     Restoring parameters from experiments/craft_embedded_model_10M/modular_ac.chk
2021-11-25 02:18:19,854 INFO     [max steps] 3
2021-11-25 02:27:47,073 INFO     [task] make[plank] 0.2 0.9394555461893191
2021-11-25 02:27:47,074 INFO     [task] make[stick] 0.2 0.878885748889786
2021-11-25 02:27:47,074 INFO     [task] make[cloth] 0.2 0.9143990086741016
2021-11-25 02:27:47,074 INFO     [task] make[rope] 0.2 0.9285389626786525
2021-11-25 02:27:47,074 INFO     [task] make[bridge] 0.2 0.7199241554812634
2021-11-25 02:27:47,074 INFO     
2021-11-25 02:27:47,074 INFO     [rollout0] [0, 3, 3, 1, 3, 4, 5, 3, 1, 3, 4, 5]
2021-11-25 02:27:47,074 INFO     [rollout1] [2, 4, 5, 0, 0, 2, 4, 5]
2021-11-25 02:27:47,074 INFO     [rollout2] [3, 3, 3, 0, 4, 0, 4, 5, 3, 3, 1, 4, 1, 3, 1, 1, 3, 4, 3, 4, 5]
2021-11-25 02:27:47,074 INFO     [reward] 0.8762399999999966
2021-11-25 02:27:47,074 INFO     [error] [-3.50623064e-05  9.30904574e-05]
2021-11-25 02:27:47,074 INFO     
2021-11-25 02:27:47,074 INFO     [min reward] 0.7199241554812634
2021-11-25 02:27:47,074 INFO     
