2021-12-05 12:43:04,567 INFO     BEGIN
2021-12-05 12:43:04,567 INFO     struct {
    name: 'deeper_network_more_iters'
    recipes: 'resources/craft/recipes.yaml'
    world:
        name: 'CraftWorld'
    model:
        name: 'EmbeddedModel'
        use_args: False
        featurize_plan: False
        max_subtask_timesteps: 15
        baseline: 'state'
        size: 'small'
    trainer:
        name: 'CurriculumTrainer'
        use_curriculum: True
        improvement_threshold: 0.8
        hints: 'resources/craft/hints.yaml'
        max_timesteps: 100
    synonyms: 'word2vec/nouns/subtask_embeddings/subtask_embeddings_SYNONYM.json'
    experiment_dir: 'experiments/deeper_network_more_iters'
}
2021-12-05 12:43:04,584 INFO     USING word2vec/nouns/subtask_embeddings/subtask_embeddings_SYNONYM.json
2021-12-05 12:43:04,777 INFO     USING SMALL MODEL, NUMBER OF PARAMS: 4
2021-12-05 12:43:04,917 WARNING  From /users/tliu46/anaconda/csci2951x/lib/python3.8/site-packages/tensorflow/python/training/rmsprop.py:123: calling Ones.__init__ (from tensorflow.python.ops.init_ops) with dtype is deprecated and will be removed in a future version.
Instructions for updating:
Call initializer instance with the dtype argument instead of passing it to the constructor
2021-12-05 12:43:32,033 INFO     loaded experiments/deeper_network_more_iters/modular_ac.chk
2021-12-05 12:43:32,033 INFO     Restoring parameters from experiments/deeper_network_more_iters/modular_ac.chk
2021-12-05 12:43:32,270 INFO     [max steps] 4
2021-12-05 12:55:12,786 INFO     [task] make[plank] 0.1111111111111111 0.03724014794031374
2021-12-05 12:55:12,787 INFO     [task] make[stick] 0.1111111111111111 0.731990704879938
2021-12-05 12:55:12,787 INFO     [task] make[cloth] 0.1111111111111111 0.5698896820246593
2021-12-05 12:55:12,787 INFO     [task] make[rope] 0.1111111111111111 0.034110364809693136
2021-12-05 12:55:12,787 INFO     [task] make[bridge] 0.1111111111111111 0.4185896609513987
2021-12-05 12:55:12,787 INFO     [task] make[bed] 0.1111111111111111 0.0
2021-12-05 12:55:12,787 INFO     [task] make[axe] 0.1111111111111111 0.0
2021-12-05 12:55:12,787 INFO     [task] make[shears] 0.1111111111111111 0.16629998705836677
2021-12-05 12:55:12,787 INFO     [task] get[gold] 0.1111111111111111 0.0
2021-12-05 12:55:12,787 INFO     
2021-12-05 12:55:12,788 INFO     [rollout0] [3, 0, 1, 4, 2, 1, 2, 0, 2, 1, 2, 1, 1, 4, 6, 3, 2, 4, 0, 3, 4, 2, 4, 2, 4, 4, 2, 4, 2, 6, 1, 1, 1, 1, 4, 5, 1, 1, 2, 0, 3, 1, 2, 0, 3, 1, 2, 0, 2, 1, 6]
2021-12-05 12:55:12,788 INFO     [rollout1] [3, 1, 3, 4, 5, 2, 4, 1, 3, 3, 3, 1, 4, 1, 3, 3, 1, 4, 5]
2021-12-05 12:55:12,788 INFO     [rollout2] [0, 0, 0, 1, 2, 2, 2, 2, 0, 4, 5, 2, 0, 4, 5, 5, 5]
2021-12-05 12:55:12,788 INFO     [reward] 0.21821325648414977
2021-12-05 12:55:12,788 INFO     [error] [-1.90385173e-05  3.02036115e-05]
2021-12-05 12:55:12,788 INFO     
2021-12-05 12:55:12,788 INFO     [min reward] 0.0
2021-12-05 12:55:12,788 INFO     
