2021-12-05 12:43:04,286 INFO     BEGIN
2021-12-05 12:43:04,286 INFO     struct {
    name: 'deeper_network_more_iters'
    recipes: 'resources/craft/recipes.yaml'
    world:
        name: 'CraftWorld'
    model:
        name: 'EmbeddedModel'
        use_args: False
        featurize_plan: False
        max_subtask_timesteps: 15
        baseline: 'state'
        size: 'small'
    trainer:
        name: 'CurriculumTrainer'
        use_curriculum: True
        improvement_threshold: 0.8
        hints: 'resources/craft/hints.yaml'
        max_timesteps: 100
    synonyms: 'word2vec/nouns/subtask_embeddings/subtask_embeddings_MOST_SIMILAR.json'
    experiment_dir: 'experiments/deeper_network_more_iters'
}
2021-12-05 12:43:04,303 INFO     USING word2vec/nouns/subtask_embeddings/subtask_embeddings_MOST_SIMILAR.json
2021-12-05 12:43:04,500 INFO     USING SMALL MODEL, NUMBER OF PARAMS: 4
2021-12-05 12:43:04,641 WARNING  From /users/tliu46/anaconda/csci2951x/lib/python3.8/site-packages/tensorflow/python/training/rmsprop.py:123: calling Ones.__init__ (from tensorflow.python.ops.init_ops) with dtype is deprecated and will be removed in a future version.
Instructions for updating:
Call initializer instance with the dtype argument instead of passing it to the constructor
2021-12-05 12:43:31,527 INFO     loaded experiments/deeper_network_more_iters/modular_ac.chk
2021-12-05 12:43:31,527 INFO     Restoring parameters from experiments/deeper_network_more_iters/modular_ac.chk
2021-12-05 12:43:31,766 INFO     [max steps] 4
2021-12-05 12:57:10,761 INFO     [task] make[plank] 0.1111111111111111 0.9250929536592002
2021-12-05 12:57:10,762 INFO     [task] make[stick] 0.1111111111111111 0.6617283950617284
2021-12-05 12:57:10,762 INFO     [task] make[cloth] 0.1111111111111111 0.8616582684379295
2021-12-05 12:57:10,762 INFO     [task] make[rope] 0.1111111111111111 0.8223025583982202
2021-12-05 12:57:10,762 INFO     [task] make[bridge] 0.1111111111111111 0.702365670273244
2021-12-05 12:57:10,762 INFO     [task] make[bed] 0.1111111111111111 0.0
2021-12-05 12:57:10,762 INFO     [task] make[axe] 0.1111111111111111 0.0
2021-12-05 12:57:10,762 INFO     [task] make[shears] 0.1111111111111111 0.10852500912741876
2021-12-05 12:57:10,762 INFO     [task] get[gold] 0.1111111111111111 0.0
2021-12-05 12:57:10,762 INFO     
2021-12-05 12:57:10,762 INFO     [rollout0] [4, 3, 4, 5, 5, 3, 0, 3, 4, 3, 4, 0, 0, 3, 4, 0, 0, 4, 1, 6, 5]
2021-12-05 12:57:10,762 INFO     [rollout1] [0, 4, 5, 3, 3, 1, 4, 5]
2021-12-05 12:57:10,763 INFO     [rollout2] [2, 4, 0, 0, 3, 4, 5, 3, 1, 4, 5, 5, 3, 5]
2021-12-05 12:57:10,763 INFO     [reward] 0.45378818737270893
2021-12-05 12:57:10,763 INFO     [error] [-9.43739598e-06  4.28119835e-05]
2021-12-05 12:57:10,763 INFO     
2021-12-05 12:57:10,763 INFO     [min reward] 0.0
2021-12-05 12:57:10,763 INFO     
