2021-12-05 12:45:12,790 INFO     BEGIN
2021-12-05 12:45:12,790 INFO     struct {
    name: 'deeper_network_more_iters'
    recipes: 'resources/craft/recipes.yaml'
    world:
        name: 'CraftWorld'
    model:
        name: 'EmbeddedModel'
        use_args: False
        featurize_plan: False
        max_subtask_timesteps: 15
        baseline: 'state'
        size: 'small'
    trainer:
        name: 'CurriculumTrainer'
        use_curriculum: True
        improvement_threshold: 0.8
        hints: 'resources/craft/hints.yaml'
        max_timesteps: 100
    synonyms: 'word2vec/nouns/subtask_embeddings/subtask_embeddings_ANTONYM.json'
    experiment_dir: 'experiments/deeper_network_more_iters'
}
2021-12-05 12:45:12,809 INFO     USING word2vec/nouns/subtask_embeddings/subtask_embeddings_ANTONYM.json
2021-12-05 12:45:13,472 INFO     USING SMALL MODEL, NUMBER OF PARAMS: 4
2021-12-05 12:45:13,617 WARNING  From /users/tliu46/anaconda/csci2951x/lib/python3.8/site-packages/tensorflow/python/training/rmsprop.py:123: calling Ones.__init__ (from tensorflow.python.ops.init_ops) with dtype is deprecated and will be removed in a future version.
Instructions for updating:
Call initializer instance with the dtype argument instead of passing it to the constructor
2021-12-05 12:45:41,202 INFO     loaded experiments/deeper_network_more_iters/modular_ac.chk
2021-12-05 12:45:41,204 INFO     Restoring parameters from experiments/deeper_network_more_iters/modular_ac.chk
2021-12-05 12:45:41,444 INFO     [max steps] 4
2021-12-05 12:57:51,813 INFO     [task] make[plank] 0.1111111111111111 0.9501246882793017
2021-12-05 12:57:51,814 INFO     [task] make[stick] 0.1111111111111111 0.8963009516968935
2021-12-05 12:57:51,814 INFO     [task] make[cloth] 0.1111111111111111 0.9306930693069307
2021-12-05 12:57:51,814 INFO     [task] make[rope] 0.1111111111111111 0.9462806154966766
2021-12-05 12:57:51,814 INFO     [task] make[bridge] 0.1111111111111111 0.7742022471910113
2021-12-05 12:57:51,815 INFO     [task] make[bed] 0.1111111111111111 0.0
2021-12-05 12:57:51,815 INFO     [task] make[axe] 0.1111111111111111 0.0
2021-12-05 12:57:51,815 INFO     [task] make[shears] 0.1111111111111111 0.05081555834378921
2021-12-05 12:57:51,815 INFO     [task] get[gold] 0.1111111111111111 0.0
2021-12-05 12:57:51,815 INFO     
2021-12-05 12:57:51,815 INFO     [rollout0] [1, 3, 3, 3, 3, 3, 4, 5, 3, 4, 5]
2021-12-05 12:57:51,815 INFO     [rollout1] [4, 5, 0, 2, 2, 2, 2, 2, 0, 4, 0, 2, 4, 5]
2021-12-05 12:57:51,815 INFO     [rollout2] [0, 3, 4, 5, 3, 3, 0, 3, 3, 3, 3, 0, 4, 5]
2021-12-05 12:57:51,815 INFO     [reward] 0.5056400000000001
2021-12-05 12:57:51,815 INFO     [error] [-1.20674787e-06  3.81133144e-05]
2021-12-05 12:57:51,815 INFO     
2021-12-05 12:57:51,815 INFO     [min reward] 0.0
2021-12-05 12:57:51,815 INFO     
