2021-12-05 12:53:05,212 INFO     BEGIN
2021-12-05 12:53:05,212 INFO     struct {
    name: 'deeper_network_more_iters'
    recipes: 'resources/craft/recipes.yaml'
    world:
        name: 'CraftWorld'
    model:
        name: 'EmbeddedModel'
        use_args: False
        featurize_plan: False
        max_subtask_timesteps: 15
        baseline: 'state'
        size: 'small'
    trainer:
        name: 'CurriculumTrainer'
        use_curriculum: True
        improvement_threshold: 0.8
        hints: 'resources/craft/hints.yaml'
        max_timesteps: 100
    synonyms: 'word2vec/nouns/subtask_embeddings/subtask_embeddings_NOISE.json'
    experiment_dir: 'experiments/deeper_network_more_iters'
}
2021-12-05 12:53:05,236 INFO     USING word2vec/nouns/subtask_embeddings/subtask_embeddings_NOISE.json
2021-12-05 12:53:05,667 INFO     USING SMALL MODEL, NUMBER OF PARAMS: 4
2021-12-05 12:53:05,799 WARNING  From /users/tliu46/anaconda/csci2951x/lib/python3.8/site-packages/tensorflow/python/training/rmsprop.py:123: calling Ones.__init__ (from tensorflow.python.ops.init_ops) with dtype is deprecated and will be removed in a future version.
Instructions for updating:
Call initializer instance with the dtype argument instead of passing it to the constructor
2021-12-05 12:53:31,457 INFO     loaded experiments/deeper_network_more_iters/modular_ac.chk
2021-12-05 12:53:31,458 INFO     Restoring parameters from experiments/deeper_network_more_iters/modular_ac.chk
2021-12-05 12:53:31,679 INFO     [max steps] 4
2021-12-05 13:03:31,373 INFO     [task] make[plank] 0.1111111111111111 0.3688179586110137
2021-12-05 13:03:31,374 INFO     [task] make[stick] 0.1111111111111111 0.013445679455001793
2021-12-05 13:03:31,374 INFO     [task] make[cloth] 0.1111111111111111 0.010869565217391304
2021-12-05 13:03:31,374 INFO     [task] make[rope] 0.1111111111111111 0.18193477464272628
2021-12-05 13:03:31,374 INFO     [task] make[bridge] 0.1111111111111111 0.0038979447200566974
2021-12-05 13:03:31,374 INFO     [task] make[bed] 0.1111111111111111 0.0
2021-12-05 13:03:31,374 INFO     [task] make[axe] 0.1111111111111111 0.0
2021-12-05 13:03:31,374 INFO     [task] make[shears] 0.1111111111111111 0.012093862815884477
2021-12-05 13:03:31,374 INFO     [task] get[gold] 0.1111111111111111 0.0
2021-12-05 13:03:31,374 INFO     
2021-12-05 13:03:31,374 INFO     [rollout0] [3, 0, 2, 2, 2, 2, 2, 0, 3, 0, 3, 3, 0, 3, 6, 1, 3, 1, 1, 1, 1, 1, 1, 1, 1, 1, 1, 1, 1, 6, 4, 5, 1, 4, 1, 4, 5]
2021-12-05 13:03:31,374 INFO     [rollout1] [3, 0, 0, 0, 4, 5, 1, 1, 1, 1, 1, 1, 1, 1, 1, 1, 1, 1, 1, 1, 6, 5, 1, 1, 1, 1, 1, 1, 1, 1, 1, 1, 1, 1, 1, 1, 6]
2021-12-05 13:03:31,374 INFO     [rollout2] [0, 2, 0, 0, 2, 4, 4, 0, 3, 1, 2, 4, 0, 3, 6, 0, 2, 0, 3, 0, 2, 0, 3, 0, 3, 0, 2, 0, 3, 6, 4, 4, 4, 4, 4, 4, 4, 4, 4, 4, 4, 4, 4, 4, 6]
2021-12-05 13:03:31,374 INFO     [reward] 0.06639999999999995
2021-12-05 13:03:31,374 INFO     [error] [-3.44447189e-06  1.49683054e-05]
2021-12-05 13:03:31,375 INFO     
2021-12-05 13:03:31,375 INFO     [min reward] 0.0
2021-12-05 13:03:31,375 INFO     
