2021-12-05 12:43:04,835 INFO     BEGIN
2021-12-05 12:43:04,835 INFO     struct {
    name: 'deeper_network_more_iters'
    recipes: 'resources/craft/recipes.yaml'
    world:
        name: 'CraftWorld'
    model:
        name: 'EmbeddedModel'
        use_args: False
        featurize_plan: False
        max_subtask_timesteps: 15
        baseline: 'state'
        size: 'small'
    trainer:
        name: 'CurriculumTrainer'
        use_curriculum: True
        improvement_threshold: 0.8
        hints: 'resources/craft/hints.yaml'
        max_timesteps: 100
    synonyms: 'word2vec/nouns/subtask_embeddings/subtask_embeddings_RANDOM.json'
    experiment_dir: 'experiments/deeper_network_more_iters'
}
2021-12-05 12:43:04,851 INFO     USING word2vec/nouns/subtask_embeddings/subtask_embeddings_RANDOM.json
2021-12-05 12:43:05,033 INFO     USING SMALL MODEL, NUMBER OF PARAMS: 4
2021-12-05 12:43:05,171 WARNING  From /users/tliu46/anaconda/csci2951x/lib/python3.8/site-packages/tensorflow/python/training/rmsprop.py:123: calling Ones.__init__ (from tensorflow.python.ops.init_ops) with dtype is deprecated and will be removed in a future version.
Instructions for updating:
Call initializer instance with the dtype argument instead of passing it to the constructor
2021-12-05 12:43:31,816 INFO     loaded experiments/deeper_network_more_iters/modular_ac.chk
2021-12-05 12:43:31,816 INFO     Restoring parameters from experiments/deeper_network_more_iters/modular_ac.chk
2021-12-05 12:43:32,052 INFO     [max steps] 4
2021-12-05 12:55:26,343 INFO     [task] make[plank] 0.1111111111111111 0.002383015597920277
2021-12-05 12:55:26,344 INFO     [task] make[stick] 0.1111111111111111 0.0014155052264808363
2021-12-05 12:55:26,344 INFO     [task] make[cloth] 0.1111111111111111 0.381140350877193
2021-12-05 12:55:26,344 INFO     [task] make[rope] 0.1111111111111111 0.0044662795891022775
2021-12-05 12:55:26,344 INFO     [task] make[bridge] 0.1111111111111111 0.10535557506584724
2021-12-05 12:55:26,344 INFO     [task] make[bed] 0.1111111111111111 0.0
2021-12-05 12:55:26,344 INFO     [task] make[axe] 0.1111111111111111 0.0
2021-12-05 12:55:26,344 INFO     [task] make[shears] 0.1111111111111111 0.008750820389411508
2021-12-05 12:55:26,344 INFO     [task] get[gold] 0.1111111111111111 0.0
2021-12-05 12:55:26,344 INFO     
2021-12-05 12:55:26,344 INFO     [rollout0] [5, 2, 1, 2, 0, 4, 2, 1, 2, 1, 3, 2, 1, 0, 3, 6, 5, 2, 1, 3, 4, 0, 3, 2, 4, 0, 2, 0, 1, 4, 4, 6]
2021-12-05 12:55:26,344 INFO     [rollout1] [3, 5, 0, 4, 4, 4, 4, 4, 4, 4, 4, 4, 4, 4, 4, 4, 6]
2021-12-05 12:55:26,344 INFO     [rollout2] [3, 5, 1, 1, 3, 4, 0, 4, 0, 4, 4, 4, 4, 4, 4, 4, 6, 0, 4, 5, 4, 4, 4, 4, 4, 4, 4, 4, 4, 4, 4, 4, 4, 4, 6]
2021-12-05 12:55:26,344 INFO     [reward] 0.05605616605616609
2021-12-05 12:55:26,344 INFO     [error] [-7.12750143e-06  2.75555213e-05]
2021-12-05 12:55:26,344 INFO     
2021-12-05 12:55:26,344 INFO     [min reward] 0.0
2021-12-05 12:55:26,345 INFO     
