2021-12-05 12:43:03,513 INFO     BEGIN
2021-12-05 12:43:03,513 INFO     struct {
    name: 'deeper_network_more_iters'
    recipes: 'resources/craft/recipes.yaml'
    world:
        name: 'CraftWorld'
    model:
        name: 'EmbeddedModel'
        use_args: False
        featurize_plan: False
        max_subtask_timesteps: 15
        baseline: 'state'
        size: 'small'
    trainer:
        name: 'CurriculumTrainer'
        use_curriculum: True
        improvement_threshold: 0.8
        hints: 'resources/craft/hints.yaml'
        max_timesteps: 100
    synonyms: 'word2vec/verbs/subtask_embeddings/subtask_embeddings_MOST_SIMILAR.json'
    experiment_dir: 'experiments/deeper_network_more_iters'
}
2021-12-05 12:43:03,532 INFO     USING word2vec/verbs/subtask_embeddings/subtask_embeddings_MOST_SIMILAR.json
2021-12-05 12:43:03,726 INFO     USING SMALL MODEL, NUMBER OF PARAMS: 4
2021-12-05 12:43:03,868 WARNING  From /users/tliu46/anaconda/csci2951x/lib/python3.8/site-packages/tensorflow/python/training/rmsprop.py:123: calling Ones.__init__ (from tensorflow.python.ops.init_ops) with dtype is deprecated and will be removed in a future version.
Instructions for updating:
Call initializer instance with the dtype argument instead of passing it to the constructor
2021-12-05 12:43:30,711 INFO     loaded experiments/deeper_network_more_iters/modular_ac.chk
2021-12-05 12:43:30,711 INFO     Restoring parameters from experiments/deeper_network_more_iters/modular_ac.chk
2021-12-05 12:43:30,946 INFO     [max steps] 4
2021-12-05 12:56:11,395 INFO     [task] make[plank] 0.1111111111111111 0.9259885999287496
2021-12-05 12:56:11,396 INFO     [task] make[stick] 0.1111111111111111 0.8788831028910038
2021-12-05 12:56:11,396 INFO     [task] make[cloth] 0.1111111111111111 0.9204320432043205
2021-12-05 12:56:11,396 INFO     [task] make[rope] 0.1111111111111111 0.9247018118911045
2021-12-05 12:56:11,396 INFO     [task] make[bridge] 0.1111111111111111 0.7546966292134831
2021-12-05 12:56:11,396 INFO     [task] make[bed] 0.1111111111111111 0.0
2021-12-05 12:56:11,396 INFO     [task] make[axe] 0.1111111111111111 0.0
2021-12-05 12:56:11,396 INFO     [task] make[shears] 0.1111111111111111 0.0566409750851407
2021-12-05 12:56:11,396 INFO     [task] get[gold] 0.1111111111111111 0.0
2021-12-05 12:56:11,396 INFO     
2021-12-05 12:56:11,396 INFO     [rollout0] [0, 0, 2, 1, 2, 0, 0, 1, 1, 1, 1, 1, 2, 4, 6, 0, 3, 0, 4, 5]
2021-12-05 12:56:11,396 INFO     [rollout1] [3, 4, 5, 0, 2, 4, 3, 4, 5]
2021-12-05 12:56:11,396 INFO     [rollout2] [0, 3, 4, 5, 3, 1, 4, 5]
2021-12-05 12:56:11,396 INFO     [reward] 0.4959599999999997
2021-12-05 12:56:11,396 INFO     [error] [-1.56059818e-05  4.75683524e-05]
2021-12-05 12:56:11,396 INFO     
2021-12-05 12:56:11,396 INFO     [min reward] 0.0
2021-12-05 12:56:11,396 INFO     
