2021-12-05 12:45:12,793 INFO     BEGIN
2021-12-05 12:45:12,793 INFO     struct {
    name: 'deeper_network_more_iters'
    recipes: 'resources/craft/recipes.yaml'
    world:
        name: 'CraftWorld'
    model:
        name: 'EmbeddedModel'
        use_args: False
        featurize_plan: False
        max_subtask_timesteps: 15
        baseline: 'state'
        size: 'small'
    trainer:
        name: 'CurriculumTrainer'
        use_curriculum: True
        improvement_threshold: 0.8
        hints: 'resources/craft/hints.yaml'
        max_timesteps: 100
    synonyms: 'word2vec/verbs+nouns/subtask_embeddings/subtask_embeddings_ANTONYM.json'
    experiment_dir: 'experiments/deeper_network_more_iters'
}
2021-12-05 12:45:12,810 INFO     USING word2vec/verbs+nouns/subtask_embeddings/subtask_embeddings_ANTONYM.json
2021-12-05 12:45:13,471 INFO     USING SMALL MODEL, NUMBER OF PARAMS: 4
2021-12-05 12:45:13,605 WARNING  From /users/tliu46/anaconda/csci2951x/lib/python3.8/site-packages/tensorflow/python/training/rmsprop.py:123: calling Ones.__init__ (from tensorflow.python.ops.init_ops) with dtype is deprecated and will be removed in a future version.
Instructions for updating:
Call initializer instance with the dtype argument instead of passing it to the constructor
2021-12-05 12:45:40,131 INFO     loaded experiments/deeper_network_more_iters/modular_ac.chk
2021-12-05 12:45:40,132 INFO     Restoring parameters from experiments/deeper_network_more_iters/modular_ac.chk
2021-12-05 12:45:40,351 INFO     [max steps] 4
2021-12-05 12:58:12,487 INFO     [task] make[plank] 0.1111111111111111 0.8701789085678324
2021-12-05 12:58:12,487 INFO     [task] make[stick] 0.1111111111111111 0.826640014537525
2021-12-05 12:58:12,487 INFO     [task] make[cloth] 0.1111111111111111 0.8657882780554294
2021-12-05 12:58:12,487 INFO     [task] make[rope] 0.1111111111111111 0.8482676224611708
2021-12-05 12:58:12,487 INFO     [task] make[bridge] 0.1111111111111111 0.6963993453355155
2021-12-05 12:58:12,487 INFO     [task] make[bed] 0.1111111111111111 0.0
2021-12-05 12:58:12,488 INFO     [task] make[axe] 0.1111111111111111 0.0
2021-12-05 12:58:12,488 INFO     [task] make[shears] 0.1111111111111111 0.0507922136713445
2021-12-05 12:58:12,488 INFO     [task] get[gold] 0.1111111111111111 0.0
2021-12-05 12:58:12,488 INFO     
2021-12-05 12:58:12,488 INFO     [rollout0] [1, 3, 4, 5, 3, 4, 5, 5, 5]
2021-12-05 12:58:12,488 INFO     [rollout1] [3, 0, 4, 5, 5, 1, 1, 2, 4, 0, 3, 0, 3, 4, 3, 3, 3, 2, 0, 6, 5]
2021-12-05 12:58:12,488 INFO     [rollout2] [4, 2, 0, 4, 1, 5, 5, 3, 3, 0, 4, 3, 1, 4, 2, 0, 3, 2, 0, 4, 4, 6, 5]
2021-12-05 12:58:12,488 INFO     [reward] 0.46217171717171684
2021-12-05 12:58:12,488 INFO     [error] [-3.35862098e-06  4.37833745e-05]
2021-12-05 12:58:12,488 INFO     
2021-12-05 12:58:12,488 INFO     [min reward] 0.0
2021-12-05 12:58:12,488 INFO     
