2021-12-05 12:45:12,711 INFO     BEGIN
2021-12-05 12:45:12,711 INFO     struct {
    name: 'deeper_network_more_iters'
    recipes: 'resources/craft/recipes.yaml'
    world:
        name: 'CraftWorld'
    model:
        name: 'EmbeddedModel'
        use_args: False
        featurize_plan: False
        max_subtask_timesteps: 15
        baseline: 'state'
        size: 'small'
    trainer:
        name: 'CurriculumTrainer'
        use_curriculum: True
        improvement_threshold: 0.8
        hints: 'resources/craft/hints.yaml'
        max_timesteps: 100
    synonyms: 'word2vec/verbs+nouns/subtask_embeddings/subtask_embeddings_MOST_SIMILAR.json'
    experiment_dir: 'experiments/deeper_network_more_iters'
}
2021-12-05 12:45:12,730 INFO     USING word2vec/verbs+nouns/subtask_embeddings/subtask_embeddings_MOST_SIMILAR.json
2021-12-05 12:45:13,469 INFO     USING SMALL MODEL, NUMBER OF PARAMS: 4
2021-12-05 12:45:13,602 WARNING  From /users/tliu46/anaconda/csci2951x/lib/python3.8/site-packages/tensorflow/python/training/rmsprop.py:123: calling Ones.__init__ (from tensorflow.python.ops.init_ops) with dtype is deprecated and will be removed in a future version.
Instructions for updating:
Call initializer instance with the dtype argument instead of passing it to the constructor
2021-12-05 12:45:39,401 INFO     loaded experiments/deeper_network_more_iters/modular_ac.chk
2021-12-05 12:45:39,403 INFO     Restoring parameters from experiments/deeper_network_more_iters/modular_ac.chk
2021-12-05 12:45:39,613 INFO     [max steps] 4
2021-12-05 12:58:38,418 INFO     [task] make[plank] 0.1111111111111111 0.9017710425415374
2021-12-05 12:58:38,419 INFO     [task] make[stick] 0.1111111111111111 0.6079602904678739
2021-12-05 12:58:38,419 INFO     [task] make[cloth] 0.1111111111111111 0.8480545823345012
2021-12-05 12:58:38,419 INFO     [task] make[rope] 0.1111111111111111 0.8420218222512357
2021-12-05 12:58:38,419 INFO     [task] make[bridge] 0.1111111111111111 0.6752073732718894
2021-12-05 12:58:38,419 INFO     [task] make[bed] 0.1111111111111111 0.0
2021-12-05 12:58:38,419 INFO     [task] make[axe] 0.1111111111111111 0.0
2021-12-05 12:58:38,419 INFO     [task] make[shears] 0.1111111111111111 0.08230641898105573
2021-12-05 12:58:38,419 INFO     [task] get[gold] 0.1111111111111111 0.0
2021-12-05 12:58:38,419 INFO     
2021-12-05 12:58:38,419 INFO     [rollout0] [4, 5, 0, 2, 4, 2, 4, 5]
2021-12-05 12:58:38,419 INFO     [rollout1] [0, 0, 3, 4, 5, 3, 3, 3, 3, 3, 1, 4, 5]
2021-12-05 12:58:38,419 INFO     [rollout2] [1, 3, 4, 1, 4, 5, 5, 3, 1, 1, 3, 4, 1, 3, 3, 1, 4, 5, 5]
2021-12-05 12:58:38,419 INFO     [reward] 0.439959016393443
2021-12-05 12:58:38,419 INFO     [error] [-2.97487627e-06  4.91684083e-05]
2021-12-05 12:58:38,420 INFO     
2021-12-05 12:58:38,420 INFO     [min reward] 0.0
2021-12-05 12:58:38,420 INFO     
