2021-12-05 12:43:03,745 INFO     BEGIN
2021-12-05 12:43:03,745 INFO     struct {
    name: 'deeper_network_more_iters'
    recipes: 'resources/craft/recipes.yaml'
    world:
        name: 'CraftWorld'
    model:
        name: 'EmbeddedModel'
        use_args: False
        featurize_plan: False
        max_subtask_timesteps: 15
        baseline: 'state'
        size: 'small'
    trainer:
        name: 'CurriculumTrainer'
        use_curriculum: True
        improvement_threshold: 0.8
        hints: 'resources/craft/hints.yaml'
        max_timesteps: 100
    synonyms: 'word2vec/verbs/subtask_embeddings/subtask_embeddings_ANTONYM.json'
    experiment_dir: 'experiments/deeper_network_more_iters'
}
2021-12-05 12:43:03,761 INFO     USING word2vec/verbs/subtask_embeddings/subtask_embeddings_ANTONYM.json
2021-12-05 12:43:03,953 INFO     USING SMALL MODEL, NUMBER OF PARAMS: 4
2021-12-05 12:43:04,096 WARNING  From /users/tliu46/anaconda/csci2951x/lib/python3.8/site-packages/tensorflow/python/training/rmsprop.py:123: calling Ones.__init__ (from tensorflow.python.ops.init_ops) with dtype is deprecated and will be removed in a future version.
Instructions for updating:
Call initializer instance with the dtype argument instead of passing it to the constructor
2021-12-05 12:43:30,967 INFO     loaded experiments/deeper_network_more_iters/modular_ac.chk
2021-12-05 12:43:30,967 INFO     Restoring parameters from experiments/deeper_network_more_iters/modular_ac.chk
2021-12-05 12:43:31,205 INFO     [max steps] 4
2021-12-05 12:56:23,757 INFO     [task] make[plank] 0.1111111111111111 0.9097905852872741
2021-12-05 12:56:23,758 INFO     [task] make[stick] 0.1111111111111111 0.8422573363431152
2021-12-05 12:56:23,758 INFO     [task] make[cloth] 0.1111111111111111 0.8833695258776691
2021-12-05 12:56:23,758 INFO     [task] make[rope] 0.1111111111111111 0.8849775989759532
2021-12-05 12:56:23,758 INFO     [task] make[bridge] 0.1111111111111111 0.7014277968552323
2021-12-05 12:56:23,758 INFO     [task] make[bed] 0.1111111111111111 0.0
2021-12-05 12:56:23,758 INFO     [task] make[axe] 0.1111111111111111 0.0
2021-12-05 12:56:23,758 INFO     [task] make[shears] 0.1111111111111111 0.04826220061228165
2021-12-05 12:56:23,758 INFO     [task] get[gold] 0.1111111111111111 0.0
2021-12-05 12:56:23,758 INFO     
2021-12-05 12:56:23,758 INFO     [rollout0] [2, 0, 2, 1, 1, 2, 2, 4, 5, 0, 4, 3, 4, 5, 5, 5]
2021-12-05 12:56:23,758 INFO     [rollout1] [0, 4, 5, 2, 4, 5]
2021-12-05 12:56:23,758 INFO     [rollout2] [0, 0, 3, 4, 5, 0, 0, 3, 3, 0, 0, 3, 4, 5]
2021-12-05 12:56:23,758 INFO     [reward] 0.47471356783919605
2021-12-05 12:56:23,758 INFO     [error] [-5.64637328e-06  5.07734765e-05]
2021-12-05 12:56:23,759 INFO     
2021-12-05 12:56:23,759 INFO     [min reward] 0.0
2021-12-05 12:56:23,759 INFO     
