2021-12-05 12:43:03,514 INFO     BEGIN
2021-12-05 12:43:03,514 INFO     struct {
    name: 'deeper_network_more_iters'
    recipes: 'resources/craft/recipes.yaml'
    world:
        name: 'CraftWorld'
    model:
        name: 'EmbeddedModel'
        use_args: False
        featurize_plan: False
        max_subtask_timesteps: 15
        baseline: 'state'
        size: 'small'
    trainer:
        name: 'CurriculumTrainer'
        use_curriculum: True
        improvement_threshold: 0.8
        hints: 'resources/craft/hints.yaml'
        max_timesteps: 100
    synonyms: 'word2vec/verbs/subtask_embeddings/subtask_embeddings_SYNONYM.json'
    experiment_dir: 'experiments/deeper_network_more_iters'
}
2021-12-05 12:43:03,532 INFO     USING word2vec/verbs/subtask_embeddings/subtask_embeddings_SYNONYM.json
2021-12-05 12:43:03,765 INFO     USING SMALL MODEL, NUMBER OF PARAMS: 4
2021-12-05 12:43:03,905 WARNING  From /users/tliu46/anaconda/csci2951x/lib/python3.8/site-packages/tensorflow/python/training/rmsprop.py:123: calling Ones.__init__ (from tensorflow.python.ops.init_ops) with dtype is deprecated and will be removed in a future version.
Instructions for updating:
Call initializer instance with the dtype argument instead of passing it to the constructor
2021-12-05 12:43:30,576 INFO     loaded experiments/deeper_network_more_iters/modular_ac.chk
2021-12-05 12:43:30,577 INFO     Restoring parameters from experiments/deeper_network_more_iters/modular_ac.chk
2021-12-05 12:43:30,813 INFO     [max steps] 4
2021-12-05 12:56:24,931 INFO     [task] make[plank] 0.1111111111111111 0.9190586557318595
2021-12-05 12:56:24,932 INFO     [task] make[stick] 0.1111111111111111 0.8627785765636233
2021-12-05 12:56:24,932 INFO     [task] make[cloth] 0.1111111111111111 0.9048048318759578
2021-12-05 12:56:24,932 INFO     [task] make[rope] 0.1111111111111111 0.9112366718308575
2021-12-05 12:56:24,932 INFO     [task] make[bridge] 0.1111111111111111 0.7525865946918578
2021-12-05 12:56:24,932 INFO     [task] make[bed] 0.1111111111111111 0.0
2021-12-05 12:56:24,932 INFO     [task] make[axe] 0.1111111111111111 0.0
2021-12-05 12:56:24,932 INFO     [task] make[shears] 0.1111111111111111 0.05248519648304324
2021-12-05 12:56:24,932 INFO     [task] get[gold] 0.1111111111111111 0.0
2021-12-05 12:56:24,932 INFO     
2021-12-05 12:56:24,932 INFO     [rollout0] [3, 4, 5, 3, 3, 3, 1, 3, 3, 0, 4, 5]
2021-12-05 12:56:24,932 INFO     [rollout1] [1, 3, 4, 5, 2, 1, 1, 2, 4, 2, 4, 5]
2021-12-05 12:56:24,932 INFO     [rollout2] [3, 4, 1, 3, 3, 1, 4, 1, 1, 2, 4, 5, 5, 0, 4, 5, 5]
2021-12-05 12:56:24,932 INFO     [reward] 0.48945945945945957
2021-12-05 12:56:24,932 INFO     [error] [-3.78811005e-06  3.61935489e-05]
2021-12-05 12:56:24,933 INFO     
2021-12-05 12:56:24,933 INFO     [min reward] 0.0
2021-12-05 12:56:24,933 INFO     
