2021-12-05 12:43:03,988 INFO     BEGIN
2021-12-05 12:43:03,989 INFO     struct {
    name: 'deeper_network_more_iters'
    recipes: 'resources/craft/recipes.yaml'
    world:
        name: 'CraftWorld'
    model:
        name: 'EmbeddedModel'
        use_args: False
        featurize_plan: False
        max_subtask_timesteps: 15
        baseline: 'state'
        size: 'small'
    trainer:
        name: 'CurriculumTrainer'
        use_curriculum: True
        improvement_threshold: 0.8
        hints: 'resources/craft/hints.yaml'
        max_timesteps: 100
    synonyms: 'word2vec/verbs/subtask_embeddings/subtask_embeddings_RANDOM.json'
    experiment_dir: 'experiments/deeper_network_more_iters'
}
2021-12-05 12:43:04,005 INFO     USING word2vec/verbs/subtask_embeddings/subtask_embeddings_RANDOM.json
2021-12-05 12:43:04,195 INFO     USING SMALL MODEL, NUMBER OF PARAMS: 4
2021-12-05 12:43:04,338 WARNING  From /users/tliu46/anaconda/csci2951x/lib/python3.8/site-packages/tensorflow/python/training/rmsprop.py:123: calling Ones.__init__ (from tensorflow.python.ops.init_ops) with dtype is deprecated and will be removed in a future version.
Instructions for updating:
Call initializer instance with the dtype argument instead of passing it to the constructor
2021-12-05 12:43:31,557 INFO     loaded experiments/deeper_network_more_iters/modular_ac.chk
2021-12-05 12:43:31,557 INFO     Restoring parameters from experiments/deeper_network_more_iters/modular_ac.chk
2021-12-05 12:43:31,794 INFO     [max steps] 4
2021-12-05 12:56:17,946 INFO     [task] make[plank] 0.1111111111111111 0.8794154650150005
2021-12-05 12:56:17,947 INFO     [task] make[stick] 0.1111111111111111 0.844733242134063
2021-12-05 12:56:17,947 INFO     [task] make[cloth] 0.1111111111111111 0.873162125073515
2021-12-05 12:56:17,947 INFO     [task] make[rope] 0.1111111111111111 0.8442201108471893
2021-12-05 12:56:17,947 INFO     [task] make[bridge] 0.1111111111111111 0.7377756001959823
2021-12-05 12:56:17,947 INFO     [task] make[bed] 0.1111111111111111 0.0
2021-12-05 12:56:17,947 INFO     [task] make[axe] 0.1111111111111111 0.0
2021-12-05 12:56:17,947 INFO     [task] make[shears] 0.1111111111111111 0.052071121531848376
2021-12-05 12:56:17,947 INFO     [task] get[gold] 0.1111111111111111 0.0
2021-12-05 12:56:17,947 INFO     
2021-12-05 12:56:17,947 INFO     [rollout0] [3, 4, 5, 0, 0, 0, 4, 0, 0, 2, 4, 5]
2021-12-05 12:56:17,947 INFO     [rollout1] [2, 2, 1, 4, 5, 3, 4, 5]
2021-12-05 12:56:17,947 INFO     [rollout2] [1, 1, 1, 1, 3, 4, 1, 0, 4, 0, 0, 0, 4, 1, 6, 2, 2, 0, 4, 5, 0, 4, 5, 5]
2021-12-05 12:56:17,947 INFO     [reward] 0.47093681917211305
2021-12-05 12:56:17,947 INFO     [error] [-1.03381344e-05  5.88678159e-05]
2021-12-05 12:56:17,948 INFO     
2021-12-05 12:56:17,948 INFO     [min reward] 0.0
2021-12-05 12:56:17,948 INFO     
