2021-12-05 12:43:03,562 INFO     BEGIN
2021-12-05 12:43:03,562 INFO     struct {
    name: 'deeper_network_more_iters'
    recipes: 'resources/craft/recipes.yaml'
    world:
        name: 'CraftWorld'
    model:
        name: 'EmbeddedModel'
        use_args: False
        featurize_plan: False
        max_subtask_timesteps: 15
        baseline: 'state'
        size: 'small'
    trainer:
        name: 'CurriculumTrainer'
        use_curriculum: True
        improvement_threshold: 0.8
        hints: 'resources/craft/hints.yaml'
        max_timesteps: 100
    synonyms: 'word2vec/verbs/subtask_embeddings/subtask_embeddings_RELATED.json'
    experiment_dir: 'experiments/deeper_network_more_iters'
}
2021-12-05 12:43:03,580 INFO     USING word2vec/verbs/subtask_embeddings/subtask_embeddings_RELATED.json
2021-12-05 12:43:03,778 INFO     USING SMALL MODEL, NUMBER OF PARAMS: 4
2021-12-05 12:43:03,919 WARNING  From /users/tliu46/anaconda/csci2951x/lib/python3.8/site-packages/tensorflow/python/training/rmsprop.py:123: calling Ones.__init__ (from tensorflow.python.ops.init_ops) with dtype is deprecated and will be removed in a future version.
Instructions for updating:
Call initializer instance with the dtype argument instead of passing it to the constructor
2021-12-05 12:43:30,876 INFO     loaded experiments/deeper_network_more_iters/modular_ac.chk
2021-12-05 12:43:30,876 INFO     Restoring parameters from experiments/deeper_network_more_iters/modular_ac.chk
2021-12-05 12:43:31,113 INFO     [max steps] 4
2021-12-05 12:56:33,616 INFO     [task] make[plank] 0.1111111111111111 0.9177057356608479
2021-12-05 12:56:33,617 INFO     [task] make[stick] 0.1111111111111111 0.8611959059077033
2021-12-05 12:56:33,617 INFO     [task] make[cloth] 0.1111111111111111 0.9
2021-12-05 12:56:33,617 INFO     [task] make[rope] 0.1111111111111111 0.9106801420376947
2021-12-05 12:56:33,617 INFO     [task] make[bridge] 0.1111111111111111 0.753438202247191
2021-12-05 12:56:33,617 INFO     [task] make[bed] 0.1111111111111111 0.0
2021-12-05 12:56:33,617 INFO     [task] make[axe] 0.1111111111111111 0.0
2021-12-05 12:56:33,617 INFO     [task] make[shears] 0.1111111111111111 0.0463344685427496
2021-12-05 12:56:33,617 INFO     [task] get[gold] 0.1111111111111111 0.0
2021-12-05 12:56:33,617 INFO     
2021-12-05 12:56:33,617 INFO     [rollout0] [0, 4, 5, 2, 2, 2, 1, 4, 1, 4, 5]
2021-12-05 12:56:33,617 INFO     [rollout1] [0, 3, 4, 5, 2, 1, 4, 5]
2021-12-05 12:56:33,617 INFO     [rollout2] [3, 4, 5, 0, 0, 1, 0, 1, 3, 0, 4, 0, 0, 0, 4, 0, 0, 6]
2021-12-05 12:56:33,617 INFO     [reward] 0.4879600000000001
2021-12-05 12:56:33,617 INFO     [error] [-8.24461086e-06  3.73203570e-05]
2021-12-05 12:56:33,618 INFO     
2021-12-05 12:56:33,618 INFO     [min reward] 0.0
2021-12-05 12:56:33,618 INFO     
