2021-12-05 12:53:04,263 INFO     BEGIN
2021-12-05 12:53:04,263 INFO     struct {
    name: 'deeper_network_more_iters'
    recipes: 'resources/craft/recipes.yaml'
    world:
        name: 'CraftWorld'
    model:
        name: 'EmbeddedModel'
        use_args: False
        featurize_plan: False
        max_subtask_timesteps: 15
        baseline: 'state'
        size: 'small'
    trainer:
        name: 'CurriculumTrainer'
        use_curriculum: True
        improvement_threshold: 0.8
        hints: 'resources/craft/hints.yaml'
        max_timesteps: 100
    synonyms: 'word2vec/verbs/subtask_embeddings/subtask_embeddings_NOISE.json'
    experiment_dir: 'experiments/deeper_network_more_iters'
}
2021-12-05 12:53:04,284 INFO     USING word2vec/verbs/subtask_embeddings/subtask_embeddings_NOISE.json
2021-12-05 12:53:04,513 INFO     USING SMALL MODEL, NUMBER OF PARAMS: 4
2021-12-05 12:53:04,667 WARNING  From /users/tliu46/anaconda/csci2951x/lib/python3.8/site-packages/tensorflow/python/training/rmsprop.py:123: calling Ones.__init__ (from tensorflow.python.ops.init_ops) with dtype is deprecated and will be removed in a future version.
Instructions for updating:
Call initializer instance with the dtype argument instead of passing it to the constructor
2021-12-05 12:53:32,908 INFO     loaded experiments/deeper_network_more_iters/modular_ac.chk
2021-12-05 12:53:32,909 INFO     Restoring parameters from experiments/deeper_network_more_iters/modular_ac.chk
2021-12-05 12:53:33,149 INFO     [max steps] 4
2021-12-05 13:04:44,139 INFO     [task] make[plank] 0.1111111111111111 0.7082982898794505
2021-12-05 13:04:44,140 INFO     [task] make[stick] 0.1111111111111111 0.6077733485193622
2021-12-05 13:04:44,140 INFO     [task] make[cloth] 0.1111111111111111 0.41206896551724137
2021-12-05 13:04:44,140 INFO     [task] make[rope] 0.1111111111111111 0.5987456242707118
2021-12-05 13:04:44,140 INFO     [task] make[bridge] 0.1111111111111111 0.28622008214133976
2021-12-05 13:04:44,140 INFO     [task] make[bed] 0.1111111111111111 0.0
2021-12-05 13:04:44,140 INFO     [task] make[axe] 0.1111111111111111 0.0
2021-12-05 13:04:44,140 INFO     [task] make[shears] 0.1111111111111111 0.052940334811847185
2021-12-05 13:04:44,140 INFO     [task] get[gold] 0.1111111111111111 0.0
2021-12-05 13:04:44,140 INFO     
2021-12-05 13:04:44,140 INFO     [rollout0] [0, 0, 2, 4, 5, 1, 4, 5]
2021-12-05 13:04:44,140 INFO     [rollout1] [3, 0, 2, 4, 0, 2, 2, 0, 4, 3, 0, 3, 1, 2, 6, 0, 3, 4, 5, 1, 1, 2, 1, 4, 4, 4, 4, 4, 4, 4, 4, 4, 4, 6, 5]
2021-12-05 13:04:44,140 INFO     [rollout2] [2, 4, 2, 2, 4, 1, 4, 1, 1, 1, 2, 4, 1, 2, 6, 4, 1, 3, 4, 5]
2021-12-05 13:04:44,140 INFO     [reward] 0.297547770700637
2021-12-05 13:04:44,140 INFO     [error] [-8.71159141e-06  5.04775630e-05]
2021-12-05 13:04:44,140 INFO     
2021-12-05 13:04:44,140 INFO     [min reward] 0.0
2021-12-05 13:04:44,141 INFO     
