2021-11-16 12:27:44,125 INFO     BEGIN
2021-11-16 12:27:44,125 INFO     struct {
    name: 'craft_embedded_model_expanded'
    recipes: 'resources/craft/recipes.yaml'
    world:
        name: 'CraftWorld'
    model:
        name: 'EmbeddedModel'
        use_args: False
        featurize_plan: False
        max_subtask_timesteps: 15
        baseline: 'state'
    trainer:
        name: 'CurriculumTrainer'
        use_curriculum: True
        improvement_threshold: 0.8
        hints: 'resources/craft/hints.yaml'
        max_timesteps: 100
    experiment_dir: 'experiments/craft_embedded_model_expanded'
}
2021-11-16 12:27:45,402 WARNING  From /users/tliu46/anaconda/csci2951x/lib/python3.8/site-packages/tensorflow/python/training/rmsprop.py:123: calling Ones.__init__ (from tensorflow.python.ops.init_ops) with dtype is deprecated and will be removed in a future version.
Instructions for updating:
Call initializer instance with the dtype argument instead of passing it to the constructor
2021-11-16 12:28:22,930 INFO     [max steps] 1
2021-11-16 12:28:22,933 INFO     [min reward] inf
2021-11-16 12:28:22,933 INFO     
2021-11-16 12:28:25,447 INFO     [max steps] 2
2021-11-16 12:37:13,786 INFO     [step] 66900
2021-11-16 12:37:13,787 INFO     [task] make[plank] 0.25 0.010987063618642566
2021-11-16 12:37:13,787 INFO     [task] make[stick] 0.25 0.00789014033608384
2021-11-16 12:37:13,787 INFO     [task] make[cloth] 0.25 0.008366700531883105
2021-11-16 12:37:13,787 INFO     [task] make[rope] 0.25 0.011541929666366095
2021-11-16 12:37:13,787 INFO     
2021-11-16 12:37:13,787 INFO     [rollout0] [4, 2, 2, 4, 2, 4, 0, 0, 1, 2, 1, 1, 3, 4, 6, 2, 5]
2021-11-16 12:37:13,787 INFO     [rollout1] [1, 2, 5, 5]
2021-11-16 12:37:13,787 INFO     [rollout2] [2, 4, 2, 5, 4, 2, 4, 1, 0, 2, 5]
2021-11-16 12:37:13,787 INFO     [reward] 0.009701046337817562
2021-11-16 12:37:13,787 INFO     [error] [-5.10781517e-05  1.35712935e-05]
2021-11-16 12:37:13,788 INFO     
2021-11-16 12:37:13,788 INFO     [min reward] 0.00789014033608384
2021-11-16 12:37:13,788 INFO     
2021-11-16 12:37:13,788 INFO     [max steps] 2
2021-11-16 12:47:07,737 INFO     [step] 162900
2021-11-16 12:47:07,738 INFO     [task] make[plank] 0.24967744663821928 0.00699271417804204
2021-11-16 12:47:07,738 INFO     [task] make[stick] 0.2504514425190179 0.005350946866769784
2021-11-16 12:47:07,738 INFO     [task] make[cloth] 0.2503323386230387 0.004787477623745889
2021-11-16 12:47:07,738 INFO     [task] make[rope] 0.2495387722197241 0.005914956982131039
2021-11-16 12:47:07,738 INFO     
2021-11-16 12:47:07,738 INFO     [rollout0] [4, 4, 3, 5, 0, 4, 3, 1, 0, 4, 5]
2021-11-16 12:47:07,738 INFO     [rollout1] [4, 2, 4, 0, 1, 5, 1, 1, 4, 2, 4, 4, 2, 4, 3, 0, 4, 3, 3, 3, 6]
2021-11-16 12:47:07,738 INFO     [rollout2] [2, 4, 0, 4, 2, 0, 1, 4, 4, 1, 1, 4, 2, 2, 6, 4, 1, 1, 3, 4, 2, 0, 4, 4, 1, 3, 4, 5]
2021-11-16 12:47:07,738 INFO     [reward] 0.005760416666666614
2021-11-16 12:47:07,738 INFO     [error] [-2.68682513e-05  1.89306205e-05]
2021-11-16 12:47:07,739 INFO     
2021-11-16 12:47:07,739 INFO     [min reward] 0.004787477623745889
2021-11-16 12:47:07,739 INFO     
2021-11-16 12:47:07,739 INFO     [max steps] 2
2021-11-16 12:57:08,351 INFO     [step] 258500
2021-11-16 12:57:08,351 INFO     [task] make[plank] 0.24969350152013522 0.0074327710038416565
2021-11-16 12:57:08,351 INFO     [task] make[stick] 0.2501022110424165 0.006421088205474822
2021-11-16 12:57:08,351 INFO     [task] make[cloth] 0.25024248381039965 0.006079280479680213
2021-11-16 12:57:08,351 INFO     [task] make[rope] 0.24996180362704867 0.006551493907527958
2021-11-16 12:57:08,351 INFO     
2021-11-16 12:57:08,351 INFO     [rollout0] [3, 0, 3, 0, 5, 3, 4, 3, 4, 1, 3, 3, 0, 3, 0, 5]
2021-11-16 12:57:08,351 INFO     [rollout1] [4, 3, 2, 3, 2, 3, 3, 2, 0, 2, 3, 2, 0, 2, 6, 2, 1, 1, 3, 2, 4, 0, 1, 1, 1, 0, 4, 2, 1, 6]
2021-11-16 12:57:08,351 INFO     [rollout2] [3, 2, 4, 0, 1, 4, 3, 0, 2, 3, 3, 3, 1, 4, 6, 3, 1, 1, 1, 4, 4, 4, 1, 4, 4, 0, 4, 5]
2021-11-16 12:57:08,352 INFO     [reward] 0.006621338912133827
2021-11-16 12:57:08,352 INFO     [error] [-7.78027854e-05  1.78747432e-06]
2021-11-16 12:57:08,353 INFO     
2021-11-16 12:57:08,353 INFO     [min reward] 0.006079280479680213
2021-11-16 12:57:08,353 INFO     
2021-11-16 12:57:08,353 INFO     [max steps] 2
2021-11-16 13:06:57,066 INFO     [step] 363700
2021-11-16 13:06:57,067 INFO     [task] make[plank] 0.24979778011777298 0.008717544057415549
2021-11-16 13:06:57,067 INFO     [task] make[stick] 0.2500498491161467 0.006122138565670393
2021-11-16 13:06:57,067 INFO     [task] make[cloth] 0.2501350132913373 0.005868231528407575
2021-11-16 13:06:57,067 INFO     [task] make[rope] 0.2500173574747431 0.008216232818858941
2021-11-16 13:06:57,067 INFO     
2021-11-16 13:06:57,067 INFO     [rollout0] [1, 5, 4, 2, 2, 3, 4, 3, 2, 4, 2, 4, 1, 1, 4, 0, 6]
2021-11-16 13:06:57,067 INFO     [rollout1] [1, 4, 0, 5, 3, 1, 0, 5]
2021-11-16 13:06:57,067 INFO     [rollout2] [5, 2, 4, 2, 4, 0, 3, 3, 4, 1, 4, 0, 4, 4, 4, 6]
2021-11-16 13:06:57,067 INFO     [reward] 0.007233840304182435
2021-11-16 13:06:57,067 INFO     [error] [3.94187093e-06 6.31284148e-06]
2021-11-16 13:06:57,068 INFO     
2021-11-16 13:06:57,068 INFO     [min reward] 0.005868231528407575
2021-11-16 13:06:57,068 INFO     
2021-11-16 13:06:57,068 INFO     [max steps] 2
2021-11-16 13:16:52,020 INFO     [step] 452300
2021-11-16 13:16:52,021 INFO     [task] make[plank] 0.24962939935087378 0.01608737028141569
2021-11-16 13:16:52,021 INFO     [task] make[stick] 0.25027645903930745 0.01005909152420046
2021-11-16 13:16:52,021 INFO     [task] make[cloth] 0.25033976051915136 0.010136504933099068
2021-11-16 13:16:52,021 INFO     [task] make[rope] 0.24975438109066758 0.014932106284116028
2021-11-16 13:16:52,021 INFO     
2021-11-16 13:16:52,021 INFO     [rollout0] [0, 0, 4, 5, 4, 2, 1, 4, 0, 4, 3, 2, 3, 0, 0, 1, 2, 4, 6]
2021-11-16 13:16:52,021 INFO     [rollout1] [3, 2, 2, 0, 1, 5, 0, 3, 4, 5]
2021-11-16 13:16:52,021 INFO     [rollout2] [0, 3, 0, 4, 2, 5, 4, 2, 3, 3, 1, 3, 3, 2, 4, 4, 4, 3, 4, 0, 6]
2021-11-16 13:16:52,021 INFO     [reward] 0.01279909706546263
2021-11-16 13:16:52,021 INFO     [error] [9.12308975e-05 2.99841133e-06]
2021-11-16 13:16:52,021 INFO     
2021-11-16 13:16:52,022 INFO     [min reward] 0.01005909152420046
2021-11-16 13:16:52,022 INFO     
2021-11-16 13:16:52,022 INFO     [max steps] 2
2021-11-16 13:26:33,613 INFO     [step] 549800
2021-11-16 13:26:33,613 INFO     [task] make[plank] 0.2491767914074534 0.019642114024136497
2021-11-16 13:26:33,613 INFO     [task] make[stick] 0.2506880984514719 0.012262190899091538
2021-11-16 13:26:33,613 INFO     [task] make[cloth] 0.2506686906843659 0.009060115087948415
2021-11-16 13:26:33,614 INFO     [task] make[rope] 0.2494664194567088 0.015028665028665029
2021-11-16 13:26:33,614 INFO     
2021-11-16 13:26:33,614 INFO     [rollout0] [4, 1, 0, 2, 0, 2, 0, 3, 1, 2, 4, 2, 1, 4, 6, 4, 3, 4, 0, 3, 4, 4, 0, 4, 3, 3, 0, 4, 3, 6]
2021-11-16 13:26:33,614 INFO     [rollout1] [5, 3, 2, 3, 2, 4, 0, 4, 3, 0, 4, 3, 4, 0, 3, 6]
2021-11-16 13:26:33,614 INFO     [rollout2] [2, 0, 2, 1, 4, 2, 2, 0, 1, 1, 4, 4, 4, 2, 6, 0, 0, 3, 3, 4, 3, 0, 2, 3, 4, 3, 3, 3, 2, 6]
2021-11-16 13:26:33,614 INFO     [reward] 0.013969230769230609
2021-11-16 13:26:33,614 INFO     [error] [6.27520168e-05 6.88767460e-06]
2021-11-16 13:26:33,614 INFO     
2021-11-16 13:26:33,614 INFO     [min reward] 0.009060115087948415
2021-11-16 13:26:33,614 INFO     
2021-11-16 13:26:33,614 INFO     [max steps] 2
2021-11-16 13:35:58,689 INFO     [step] 631900
2021-11-16 13:35:58,689 INFO     [task] make[plank] 0.24858337525896776 0.05231674430007355
2021-11-16 13:35:58,690 INFO     [task] make[stick] 0.2504357623864431 0.023283230179781903
2021-11-16 13:35:58,690 INFO     [task] make[cloth] 0.25123949487975755 0.014511618937421656
2021-11-16 13:35:58,690 INFO     [task] make[rope] 0.24974136747483158 0.039941761708323226
2021-11-16 13:35:58,690 INFO     
2021-11-16 13:35:58,690 INFO     [rollout0] [3, 3, 3, 1, 3, 0, 3, 2, 3, 1, 2, 3, 4, 0, 6, 2, 4, 2, 4, 4, 4, 4, 4, 1, 1, 0, 2, 4, 3, 6]
2021-11-16 13:35:58,690 INFO     [rollout1] [3, 3, 0, 3, 2, 3, 4, 3, 1, 4, 4, 4, 0, 1, 6, 5]
2021-11-16 13:35:58,690 INFO     [rollout2] [3, 4, 3, 4, 1, 4, 2, 3, 2, 4, 1, 4, 0, 3, 6, 4, 4, 4, 2, 3, 3, 4, 1, 4, 4, 1, 1, 3, 1, 6]
2021-11-16 13:35:58,690 INFO     [reward] 0.03246041412911076
2021-11-16 13:35:58,690 INFO     [error] [-3.26494884e-06  1.82137989e-05]
2021-11-16 13:35:58,690 INFO     
2021-11-16 13:35:58,690 INFO     [min reward] 0.014511618937421656
2021-11-16 13:35:58,690 INFO     
2021-11-16 13:35:58,690 INFO     [max steps] 2
2021-11-16 13:44:56,021 INFO     [step] 708200
2021-11-16 13:44:56,022 INFO     [task] make[plank] 0.24493512129004777 0.09016927083333333
2021-11-16 13:44:56,022 INFO     [task] make[stick] 0.25236067379940286 0.02630359808513924
2021-11-16 13:44:56,022 INFO     [task] make[cloth] 0.25460408324691003 0.01553067437180744
2021-11-16 13:44:56,022 INFO     [task] make[rope] 0.2481001216636393 0.06369359916054565
2021-11-16 13:44:56,022 INFO     
2021-11-16 13:44:56,022 INFO     [rollout0] [4, 1, 4, 4, 4, 1, 1, 2, 4, 2, 4, 2, 4, 5, 0, 2, 4, 4, 4, 2, 4, 2, 2, 4, 2, 2, 2, 4, 6]
2021-11-16 13:44:56,022 INFO     [rollout1] [4, 0, 5, 5]
2021-11-16 13:44:56,022 INFO     [rollout2] [4, 4, 4, 4, 2, 2, 4, 4, 5, 2, 4, 3, 2, 4, 1, 2, 5]
2021-11-16 13:44:56,022 INFO     [reward] 0.04833551769331585
2021-11-16 13:44:56,022 INFO     [error] [-6.69481366e-05  2.06797490e-05]
2021-11-16 13:44:56,022 INFO     
2021-11-16 13:44:56,022 INFO     [min reward] 0.01553067437180744
2021-11-16 13:44:56,022 INFO     
2021-11-16 13:44:56,022 INFO     [max steps] 2
2021-11-16 13:53:25,224 INFO     [step] 775400
2021-11-16 13:53:25,224 INFO     [task] make[plank] 0.23927114050350304 0.14763387297633873
2021-11-16 13:53:25,224 INFO     [task] make[stick] 0.2558842105749151 0.0311933048516416
2021-11-16 13:53:25,224 INFO     [task] make[cloth] 0.25868651937121007 0.02183330445330099
2021-11-16 13:53:25,224 INFO     [task] make[rope] 0.24615812955037186 0.13393070489844683
2021-11-16 13:53:25,224 INFO     
2021-11-16 13:53:25,224 INFO     [rollout0] [4, 3, 2, 4, 2, 4, 2, 4, 2, 4, 2, 4, 0, 4, 6, 4, 3, 4, 3, 0, 3, 3, 3, 4, 1, 1, 1, 3, 3, 6]
2021-11-16 13:53:25,224 INFO     [rollout1] [4, 1, 4, 4, 1, 4, 1, 1, 4, 4, 4, 1, 4, 4, 6, 4, 1, 1, 1, 1, 1, 4, 4, 1, 1, 1, 4, 1, 4, 6]
2021-11-16 13:53:25,224 INFO     [rollout2] [4, 4, 2, 4, 4, 4, 2, 4, 2, 2, 4, 4, 4, 4, 6, 1, 1, 4, 4, 4, 4, 1, 1, 1, 1, 2, 4, 1, 4, 6]
2021-11-16 13:53:25,224 INFO     [reward] 0.08220238095238093
2021-11-16 13:53:25,224 INFO     [error] [-1.06081428e-04  4.66204901e-05]
2021-11-16 13:53:25,224 INFO     
2021-11-16 13:53:25,225 INFO     [min reward] 0.02183330445330099
2021-11-16 13:53:25,225 INFO     
2021-11-16 13:53:25,225 INFO     [max steps] 2
2021-11-16 14:01:48,537 INFO     [step] 840800
2021-11-16 14:01:48,538 INFO     [task] make[plank] 0.23273170939734844 0.24045700700039624
2021-11-16 14:01:48,538 INFO     [task] make[stick] 0.2641561956029802 0.030572219658514074
2021-11-16 14:01:48,538 INFO     [task] make[cloth] 0.26668223277489933 0.029864514269241856
2021-11-16 14:01:48,538 INFO     [task] make[rope] 0.23642986222477208 0.23566797201001477
2021-11-16 14:01:48,538 INFO     
2021-11-16 14:01:48,538 INFO     [rollout0] [4, 4, 2, 4, 2, 4, 5, 5]
2021-11-16 14:01:48,538 INFO     [rollout1] [4, 4, 3, 4, 4, 2, 5, 5]
2021-11-16 14:01:48,538 INFO     [rollout2] [2, 4, 4, 0, 4, 2, 3, 0, 2, 2, 0, 4, 3, 4, 6, 4, 3, 4, 5]
2021-11-16 14:01:48,538 INFO     [reward] 0.12782874617736995
2021-11-16 14:01:48,538 INFO     [error] [1.24322907e-05 3.04048796e-05]
2021-11-16 14:01:48,538 INFO     
2021-11-16 14:01:48,539 INFO     [min reward] 0.029864514269241856
2021-11-16 14:01:48,539 INFO     
2021-11-16 14:01:48,539 INFO     [max steps] 2
2021-11-16 14:09:50,350 INFO     [step] 903500
2021-11-16 14:09:50,350 INFO     [task] make[plank] 0.2196536459173605 0.3324538258575198
2021-11-16 14:09:50,350 INFO     [task] make[stick] 0.2795618761028285 0.034911005551422195
2021-11-16 14:09:50,350 INFO     [task] make[cloth] 0.2797638792012949 0.03305503492928949
2021-11-16 14:09:50,350 INFO     [task] make[rope] 0.22102059877851613 0.3184745277618775
2021-11-16 14:09:50,350 INFO     
2021-11-16 14:09:50,350 INFO     [rollout0] [3, 1, 4, 4, 2, 4, 4, 1, 4, 4, 1, 4, 2, 4, 6, 4, 4, 0, 4, 4, 3, 4, 5]
2021-11-16 14:09:50,350 INFO     [rollout1] [0, 4, 4, 4, 1, 4, 0, 4, 4, 4, 4, 4, 0, 4, 6, 3, 4, 1, 1, 0, 4, 4, 4, 4, 4, 3, 0, 3, 4, 6]
2021-11-16 14:09:50,350 INFO     [rollout2] [2, 4, 4, 4, 1, 2, 2, 2, 0, 4, 3, 1, 2, 3, 6, 4, 1, 1, 1, 4, 1, 4, 1, 3, 4, 5]
2021-11-16 14:09:50,350 INFO     [reward] 0.16234449760765568
2021-11-16 14:09:50,350 INFO     [error] [2.52672791e-05 3.77102178e-05]
2021-11-16 14:09:50,351 INFO     
2021-11-16 14:09:50,351 INFO     [min reward] 0.03305503492928949
2021-11-16 14:09:50,351 INFO     
2021-11-16 14:09:50,351 INFO     [max steps] 2
2021-11-16 14:18:58,360 INFO     [step] 980500
2021-11-16 14:18:58,360 INFO     [task] make[plank] 0.20401223404002275 0.34255305589191254
2021-11-16 14:18:58,360 INFO     [task] make[stick] 0.2936037302506574 0.03724485287620394
2021-11-16 14:18:58,360 INFO     [task] make[cloth] 0.29416257144463676 0.036945486647539175
2021-11-16 14:18:58,360 INFO     [task] make[rope] 0.208221464264683 0.32228464419475655
2021-11-16 14:18:58,360 INFO     
2021-11-16 14:18:58,360 INFO     [rollout0] [4, 4, 3, 1, 1, 3, 0, 0, 4, 0, 0, 4, 4, 4, 6, 4, 4, 4, 4, 1, 4, 1, 2, 1, 4, 4, 4, 4, 4, 6]
2021-11-16 14:18:58,360 INFO     [rollout1] [1, 1, 1, 4, 2, 1, 2, 1, 4, 4, 4, 4, 0, 4, 6, 3, 3, 4, 3, 4, 5]
2021-11-16 14:18:58,361 INFO     [rollout2] [5, 4, 4, 1, 5]
2021-11-16 14:18:58,361 INFO     [reward] 0.1586753246753247
2021-11-16 14:18:58,361 INFO     [error] [2.95178241e-05 4.72925783e-05]
2021-11-16 14:18:58,361 INFO     
2021-11-16 14:18:58,361 INFO     [min reward] 0.036945486647539175
2021-11-16 14:18:58,361 INFO     
2021-11-16 14:18:58,361 INFO     [max steps] 2
2021-11-16 14:29:08,126 INFO     [step] 1066300
2021-11-16 14:29:08,127 INFO     [task] make[plank] 0.20219709592120075 0.37455030753162355
2021-11-16 14:29:08,127 INFO     [task] make[stick] 0.29468749168320396 0.037794715848505196
2021-11-16 14:29:08,127 INFO     [task] make[cloth] 0.2947781820108581 0.04825224938291265
2021-11-16 14:29:08,127 INFO     [task] make[rope] 0.2083372303847373 0.40712748938048215
2021-11-16 14:29:08,127 INFO     
2021-11-16 14:29:08,127 INFO     [rollout0] [2, 1, 4, 1, 4, 4, 2, 3, 4, 5, 5]
2021-11-16 14:29:08,127 INFO     [rollout1] [4, 4, 4, 4, 4, 2, 4, 4, 4, 4, 4, 4, 4, 4, 6, 1, 2, 4, 0, 4, 5]
2021-11-16 14:29:08,127 INFO     [rollout2] [2, 1, 1, 1, 1, 1, 4, 1, 1, 1, 2, 4, 5, 5]
2021-11-16 14:29:08,127 INFO     [reward] 0.1865268065268064
2021-11-16 14:29:08,127 INFO     [error] [-6.74336404e-06  4.60972701e-05]
2021-11-16 14:29:08,127 INFO     
2021-11-16 14:29:08,127 INFO     [min reward] 0.037794715848505196
2021-11-16 14:29:08,127 INFO     
2021-11-16 14:29:08,127 INFO     [max steps] 2
2021-11-16 14:38:55,254 INFO     [step] 1147500
2021-11-16 14:38:55,256 INFO     [task] make[plank] 0.20031354306373278 0.47385180649112063
2021-11-16 14:38:55,256 INFO     [task] make[stick] 0.30646939854072025 0.05828183690779111
2021-11-16 14:38:55,256 INFO     [task] make[cloth] 0.3031728581240465 0.06589147286821706
2021-11-16 14:38:55,256 INFO     [task] make[rope] 0.1900442002715004 0.45760281561624194
2021-11-16 14:38:55,256 INFO     
2021-11-16 14:38:55,256 INFO     [rollout0] [1, 2, 1, 1, 2, 1, 2, 1, 2, 0, 2, 4, 1, 1, 6, 3, 1, 3, 4, 5]
2021-11-16 14:38:55,256 INFO     [rollout1] [1, 1, 2, 2, 1, 0, 1, 4, 4, 1, 4, 1, 1, 4, 6, 3, 3, 1, 4, 2, 4, 5]
2021-11-16 14:38:55,256 INFO     [rollout2] [3, 1, 1, 1, 3, 4, 1, 1, 3, 1, 4, 2, 4, 1, 6, 4, 3, 1, 1, 3, 1, 3, 4, 5]
2021-11-16 14:38:55,256 INFO     [reward] 0.21963054187192077
2021-11-16 14:38:55,256 INFO     [error] [1.00140814e-05 5.12322502e-05]
2021-11-16 14:38:55,256 INFO     
2021-11-16 14:38:55,256 INFO     [min reward] 0.05828183690779111
2021-11-16 14:38:55,256 INFO     
2021-11-16 14:38:55,256 INFO     [max steps] 2
2021-11-16 14:48:45,387 INFO     [step] 1236700
2021-11-16 14:48:45,387 INFO     [task] make[plank] 0.1796519271966081 0.44728155944447906
2021-11-16 14:48:45,388 INFO     [task] make[stick] 0.318900640191562 0.07444794952681388
2021-11-16 14:48:45,388 INFO     [task] make[cloth] 0.31635081202445003 0.07357765158195478
2021-11-16 14:48:45,388 INFO     [task] make[rope] 0.1850966205873799 0.420120526380519
2021-11-16 14:48:45,388 INFO     
2021-11-16 14:48:45,388 INFO     [rollout0] [5, 1, 1, 1, 4, 1, 1, 1, 1, 1, 1, 1, 3, 4, 5]
2021-11-16 14:48:45,388 INFO     [rollout1] [5, 0, 2, 0, 2, 0, 2, 0, 0, 5]
2021-11-16 14:48:45,388 INFO     [rollout2] [2, 4, 5, 2, 1, 3, 2, 0, 2, 0, 1, 2, 1, 2, 0, 3, 1, 6]
2021-11-16 14:48:45,388 INFO     [reward] 0.20430493273542574
2021-11-16 14:48:45,388 INFO     [error] [-5.88229724e-05  6.39901171e-05]
2021-11-16 14:48:45,388 INFO     
2021-11-16 14:48:45,388 INFO     [min reward] 0.07357765158195478
2021-11-16 14:48:45,388 INFO     
2021-11-16 14:48:45,388 INFO     [max steps] 2
2021-11-16 14:56:55,252 INFO     [step] 1336700
2021-11-16 14:56:55,253 INFO     [task] make[plank] 0.18604892933938535 0.3365272011072075
2021-11-16 14:56:55,253 INFO     [task] make[stick] 0.3093171376434203 0.08827062299126709
2021-11-16 14:56:55,253 INFO     [task] make[cloth] 0.3096048801255885 0.07880531402527717
2021-11-16 14:56:55,253 INFO     [task] make[rope] 0.19502905289160583 0.3218137003183732
2021-11-16 14:56:55,253 INFO     
2021-11-16 14:56:55,253 INFO     [rollout0] [5, 2, 4, 1, 4, 1, 1, 3, 1, 4, 5]
2021-11-16 14:56:55,253 INFO     [rollout1] [5, 4, 0, 4, 0, 4, 5]
2021-11-16 14:56:55,253 INFO     [rollout2] [5, 2, 1, 2, 0, 2, 0, 2, 0, 3, 1, 2, 0, 3, 3, 6]
2021-11-16 14:56:55,253 INFO     [reward] 0.17745999999999976
2021-11-16 14:56:55,253 INFO     [error] [3.44842328e-05 8.26727673e-05]
2021-11-16 14:56:55,253 INFO     
2021-11-16 14:56:55,254 INFO     [min reward] 0.07880531402527717
2021-11-16 14:56:55,254 INFO     
2021-11-16 14:56:55,254 INFO     [max steps] 2
2021-11-16 15:04:54,376 INFO     [step] 1436700
2021-11-16 15:04:54,376 INFO     [task] make[plank] 0.20950548330702048 0.37725091461966076
2021-11-16 15:04:54,376 INFO     [task] make[stick] 0.28673371653015123 0.12840738543157307
2021-11-16 15:04:54,376 INFO     [task] make[cloth] 0.289678206838936 0.11880086248869723
2021-11-16 15:04:54,376 INFO     [task] make[rope] 0.2140825933238924 0.3636996472990533
2021-11-16 15:04:54,376 INFO     
2021-11-16 15:04:54,377 INFO     [rollout0] [5, 2, 4, 2, 0, 4, 2, 0, 4, 0, 3, 1, 1, 2, 0, 6]
2021-11-16 15:04:54,377 INFO     [rollout1] [5, 2, 1, 4, 2, 0, 0, 2, 4, 5]
2021-11-16 15:04:54,377 INFO     [rollout2] [5, 3, 1, 2, 4, 1, 3, 4, 1, 3, 1, 4, 1, 4, 5]
2021-11-16 15:04:54,377 INFO     [reward] 0.2287199999999999
2021-11-16 15:04:54,377 INFO     [error] [-1.50299873e-06  8.38564193e-05]
2021-11-16 15:04:54,377 INFO     
2021-11-16 15:04:54,377 INFO     [min reward] 0.11880086248869723
2021-11-16 15:04:54,377 INFO     
2021-11-16 15:04:54,377 INFO     [max steps] 2
2021-11-16 15:12:47,536 INFO     [step] 1536700
2021-11-16 15:12:47,537 INFO     [task] make[plank] 0.20733355569755427 0.4230397370202069
2021-11-16 15:12:47,537 INFO     [task] make[stick] 0.28887237560415585 0.18549922131856722
2021-11-16 15:12:47,537 INFO     [task] make[cloth] 0.29202015504099116 0.1803351878563088
2021-11-16 15:12:47,537 INFO     [task] make[rope] 0.21177391365729872 0.4144406365898315
2021-11-16 15:12:47,537 INFO     
2021-11-16 15:12:47,537 INFO     [rollout0] [5, 1, 2, 0, 3, 1, 2, 0, 2, 1, 2, 0, 4, 3, 1, 6]
2021-11-16 15:12:47,537 INFO     [rollout1] [5, 1, 3, 1, 2, 1, 1, 3, 1, 1, 4, 2, 4, 1, 4, 6]
2021-11-16 15:12:47,537 INFO     [rollout2] [5, 3, 0, 2, 1, 2, 1, 0, 3, 0, 2, 1, 2, 0, 3, 6]
2021-11-16 15:12:47,537 INFO     [reward] 0.2819000000000006
2021-11-16 15:12:47,537 INFO     [error] [-2.67779172e-05  1.07424197e-04]
2021-11-16 15:12:47,538 INFO     
2021-11-16 15:12:47,538 INFO     [min reward] 0.1803351878563088
2021-11-16 15:12:47,538 INFO     
2021-11-16 15:12:47,538 INFO     [max steps] 2
2021-11-16 15:20:37,723 INFO     [step] 1636700
2021-11-16 15:20:37,724 INFO     [task] make[plank] 0.2069176584760579 0.4395192307692308
2021-11-16 15:20:37,724 INFO     [task] make[stick] 0.2906564230947296 0.2776051377667288
2021-11-16 15:20:37,724 INFO     [task] make[cloth] 0.29247686951963403 0.2502997704614752
2021-11-16 15:20:37,724 INFO     [task] make[rope] 0.20994904890957863 0.43859565775096204
2021-11-16 15:20:37,724 INFO     
2021-11-16 15:20:37,724 INFO     [rollout0] [5, 3, 0, 4, 3, 3, 1, 4, 3, 0, 3, 4, 3, 4, 0, 6]
2021-11-16 15:20:37,724 INFO     [rollout1] [5, 2, 4, 0, 3, 0, 2, 0, 3, 3, 1, 1, 4, 2, 2, 6]
2021-11-16 15:20:37,724 INFO     [rollout2] [5, 3, 1, 3, 4, 1, 4, 1, 3, 4, 1, 1, 3, 4, 5]
2021-11-16 15:20:37,724 INFO     [reward] 0.3372000000000003
2021-11-16 15:20:37,724 INFO     [error] [-1.30065551e-05  1.27803484e-04]
2021-11-16 15:20:37,724 INFO     
2021-11-16 15:20:37,725 INFO     [min reward] 0.2502997704614752
2021-11-16 15:20:37,725 INFO     
2021-11-16 15:20:37,725 INFO     [max steps] 2
2021-11-16 15:28:22,828 INFO     [step] 1736700
2021-11-16 15:28:22,828 INFO     [task] make[plank] 0.21658506336779618 0.46629084742655486
2021-11-16 15:28:22,828 INFO     [task] make[stick] 0.27805632757950965 0.3717925648684637
2021-11-16 15:28:22,828 INFO     [task] make[cloth] 0.28842290788696434 0.3397943587605947
2021-11-16 15:28:22,829 INFO     [task] make[rope] 0.2169357011657298 0.45903915579005833
2021-11-16 15:28:22,829 INFO     
2021-11-16 15:28:22,829 INFO     [rollout0] [5, 3, 4, 3, 1, 3, 4, 3, 3, 3, 3, 3, 3, 3, 3, 6]
2021-11-16 15:28:22,829 INFO     [rollout1] [5, 3, 4, 3, 3, 3, 1, 1, 3, 1, 4, 3, 1, 4, 5]
2021-11-16 15:28:22,829 INFO     [rollout2] [5, 3, 4, 3, 4, 1, 1, 2, 1, 4, 5]
2021-11-16 15:28:22,829 INFO     [reward] 0.40204999999999996
2021-11-16 15:28:22,829 INFO     [error] [1.96073980e-05 1.43637402e-04]
2021-11-16 15:28:22,829 INFO     
2021-11-16 15:28:22,829 INFO     [min reward] 0.3397943587605947
2021-11-16 15:28:22,829 INFO     
2021-11-16 15:28:22,829 INFO     [max steps] 2
2021-11-16 15:35:58,451 INFO     [step] 1836700
2021-11-16 15:35:58,451 INFO     [task] make[plank] 0.22625483015856093 0.4885024240537295
2021-11-16 15:35:58,451 INFO     [task] make[stick] 0.2655785987014649 0.4305870782266606
2021-11-16 15:35:58,451 INFO     [task] make[cloth] 0.27889407932938487 0.42038555756736606
2021-11-16 15:35:58,451 INFO     [task] make[rope] 0.22927249181058934 0.4806231997905211
2021-11-16 15:35:58,451 INFO     
2021-11-16 15:35:58,451 INFO     [rollout0] [5, 1, 4, 4, 3, 1, 4, 4, 3, 0, 1, 4, 4, 4, 4, 6]
2021-11-16 15:35:58,451 INFO     [rollout1] [5, 0, 2, 4, 0, 4, 0, 2, 2, 0, 0, 4, 2, 4, 5]
2021-11-16 15:35:58,451 INFO     [rollout2] [5, 4, 3, 4, 4, 4, 4, 4, 4, 4, 4, 4, 4, 4, 4, 6]
2021-11-16 15:35:58,451 INFO     [reward] 0.4522000000000006
2021-11-16 15:35:58,451 INFO     [error] [-1.59830867e-05  1.34378522e-04]
2021-11-16 15:35:58,452 INFO     
2021-11-16 15:35:58,452 INFO     [min reward] 0.42038555756736606
2021-11-16 15:35:58,452 INFO     
2021-11-16 15:35:58,452 INFO     [max steps] 2
2021-11-16 15:43:22,396 INFO     [step] 1936700
2021-11-16 15:43:22,396 INFO     [task] make[plank] 0.23491921577632296 0.5037635317997293
2021-11-16 15:43:22,396 INFO     [task] make[stick] 0.2610083641264801 0.47912011711225827
2021-11-16 15:43:22,396 INFO     [task] make[cloth] 0.26560384710386276 0.4798017440560483
2021-11-16 15:43:22,396 INFO     [task] make[rope] 0.2384685729933341 0.4856112054329372
2021-11-16 15:43:22,396 INFO     
2021-11-16 15:43:22,396 INFO     [rollout0] [5, 4, 0, 0, 4, 0, 0, 4, 0, 2, 4, 5]
2021-11-16 15:43:22,397 INFO     [rollout1] [5, 3, 4, 1, 4, 1, 1, 1, 1, 1, 4, 5]
2021-11-16 15:43:22,397 INFO     [rollout2] [5, 2, 4, 2, 0, 4, 1, 4, 1, 3, 3, 3, 0, 4, 0, 6]
2021-11-16 15:43:22,397 INFO     [reward] 0.48665999999999954
2021-11-16 15:43:22,397 INFO     [error] [-2.67779113e-05  1.34141620e-04]
2021-11-16 15:43:22,397 INFO     
2021-11-16 15:43:22,397 INFO     [min reward] 0.47912011711225827
2021-11-16 15:43:22,397 INFO     
2021-11-16 15:43:22,397 INFO     [max steps] 2
2021-11-16 15:50:42,085 INFO     [step] 2036700
2021-11-16 15:50:42,086 INFO     [task] make[plank] 0.24202115262291604 0.5164118331394383
2021-11-16 15:50:42,086 INFO     [task] make[stick] 0.25380265791120504 0.4887678155473963
2021-11-16 15:50:42,086 INFO     [task] make[cloth] 0.25347678621100656 0.5193652290046351
2021-11-16 15:50:42,086 INFO     [task] make[rope] 0.2506994032548725 0.5095645257506463
2021-11-16 15:50:42,086 INFO     
2021-11-16 15:50:42,086 INFO     [rollout0] [5, 0, 0, 2, 4, 0, 3, 1, 1, 1, 3, 4, 5]
2021-11-16 15:50:42,086 INFO     [rollout1] [5, 3, 1, 3, 1, 4, 3, 4, 5]
2021-11-16 15:50:42,086 INFO     [rollout2] [5, 3, 4, 1, 4, 5]
2021-11-16 15:50:42,086 INFO     [reward] 0.5084399999999998
2021-11-16 15:50:42,086 INFO     [error] [-6.46699494e-06  1.42949991e-04]
2021-11-16 15:50:42,086 INFO     
2021-11-16 15:50:42,087 INFO     [min reward] 0.4887678155473963
2021-11-16 15:50:42,087 INFO     
2021-11-16 15:50:42,087 INFO     [max steps] 2
2021-11-16 15:57:58,602 INFO     [step] 2136700
2021-11-16 15:57:58,602 INFO     [task] make[plank] 0.24606933583893406 0.5384147330845368
2021-11-16 15:57:58,602 INFO     [task] make[stick] 0.2598507542470363 0.5416444003359036
2021-11-16 15:57:58,602 INFO     [task] make[cloth] 0.24459697444980105 0.5585563365807539
2021-11-16 15:57:58,602 INFO     [task] make[rope] 0.2494829354642287 0.5273335213310236
2021-11-16 15:57:58,602 INFO     
2021-11-16 15:57:58,602 INFO     [rollout0] [5, 2, 2, 0, 2, 4, 2, 2, 4, 2, 0, 0, 2, 4, 2, 6]
2021-11-16 15:57:58,602 INFO     [rollout1] [5, 1, 4, 2, 4, 2, 0, 0, 4, 0, 2, 2, 4, 0, 4, 6]
2021-11-16 15:57:58,603 INFO     [rollout2] [5, 2, 4, 2, 2, 2, 0, 0, 2, 4, 2, 4, 5]
2021-11-16 15:57:58,603 INFO     [reward] 0.5414099999999996
2021-11-16 15:57:58,603 INFO     [error] [-1.55381274e-06  1.44561467e-04]
2021-11-16 15:57:58,603 INFO     
2021-11-16 15:57:58,603 INFO     [min reward] 0.5273335213310236
2021-11-16 15:57:58,603 INFO     
2021-11-16 15:57:58,603 INFO     [max steps] 2
2021-11-16 16:05:14,247 INFO     [step] 2236700
2021-11-16 16:05:14,248 INFO     [task] make[plank] 0.25163950433275656 0.5651658767772512
2021-11-16 16:05:14,248 INFO     [task] make[stick] 0.2499161428893225 0.5644027167399122
2021-11-16 16:05:14,248 INFO     [task] make[cloth] 0.24089187611823148 0.5930817610062893
2021-11-16 16:05:14,248 INFO     [task] make[rope] 0.25755247665968944 0.5280232558139535
2021-11-16 16:05:14,248 INFO     
2021-11-16 16:05:14,248 INFO     [rollout0] [5, 2, 0, 2, 2, 0, 2, 2, 4, 2, 2, 2, 0, 4, 5]
2021-11-16 16:05:14,248 INFO     [rollout1] [5, 1, 4, 1, 4, 1, 2, 1, 2, 2, 1, 2, 4, 1, 1, 6]
2021-11-16 16:05:14,248 INFO     [rollout2] [5, 0, 2, 4, 2, 0, 4, 2, 1, 4, 5]
2021-11-16 16:05:14,248 INFO     [reward] 0.5620500000000006
2021-11-16 16:05:14,248 INFO     [error] [-3.18977906e-05  1.33951083e-04]
2021-11-16 16:05:14,248 INFO     
2021-11-16 16:05:14,248 INFO     [min reward] 0.5280232558139535
2021-11-16 16:05:14,248 INFO     
2021-11-16 16:05:14,248 INFO     [max steps] 2
2021-11-16 16:12:38,456 INFO     [step] 2336700
2021-11-16 16:12:38,456 INFO     [task] make[plank] 0.24860423776940407 0.5758669071958308
2021-11-16 16:12:38,456 INFO     [task] make[stick] 0.24903074466146577 0.5741717322168994
2021-11-16 16:12:38,456 INFO     [task] make[cloth] 0.23300290064593934 0.6262125550190163
2021-11-16 16:12:38,456 INFO     [task] make[rope] 0.26936211692319084 0.5616305523440123
2021-11-16 16:12:38,456 INFO     
2021-11-16 16:12:38,456 INFO     [rollout0] [5, 3, 0, 3, 4, 3, 0, 3, 4, 5]
2021-11-16 16:12:38,456 INFO     [rollout1] [5, 0, 4, 3, 3, 0, 3, 4, 5]
2021-11-16 16:12:38,457 INFO     [rollout2] [5, 2, 0, 3, 0, 2, 0, 2, 0, 3, 0, 2, 0, 2, 0, 6]
2021-11-16 16:12:38,457 INFO     [reward] 0.5834099999999984
2021-11-16 16:12:38,457 INFO     [error] [7.19095751e-07 1.31894232e-04]
2021-11-16 16:12:38,457 INFO     
2021-11-16 16:12:38,457 INFO     [min reward] 0.5616305523440123
2021-11-16 16:12:38,457 INFO     
2021-11-16 16:12:38,457 INFO     [max steps] 2
2021-11-16 16:19:48,520 INFO     [step] 2436700
2021-11-16 16:19:48,521 INFO     [task] make[plank] 0.25505460151303333 0.5807042857699957
2021-11-16 16:19:48,521 INFO     [task] make[stick] 0.2560505223168437 0.6136103773212948
2021-11-16 16:19:48,521 INFO     [task] make[cloth] 0.22547636996077888 0.6339321357285429
2021-11-16 16:19:48,521 INFO     [task] make[rope] 0.26341850620934415 0.5583197852470793
2021-11-16 16:19:48,521 INFO     
2021-11-16 16:19:48,522 INFO     [rollout0] [5, 2, 4, 2, 2, 0, 3, 0, 2, 1, 2, 0, 3, 0, 2, 6]
2021-11-16 16:19:48,522 INFO     [rollout1] [5, 3, 3, 4, 1, 1, 2, 4, 5]
2021-11-16 16:19:48,522 INFO     [rollout2] [5, 3, 3, 0, 0, 3, 4, 0, 4, 2, 2, 2, 2, 2, 2, 6]
2021-11-16 16:19:48,522 INFO     [reward] 0.595129999999999
2021-11-16 16:19:48,522 INFO     [error] [-9.87460131e-06  1.50765646e-04]
2021-11-16 16:19:48,522 INFO     
2021-11-16 16:19:48,522 INFO     [min reward] 0.5583197852470793
2021-11-16 16:19:48,522 INFO     
2021-11-16 16:19:48,522 INFO     [max steps] 2
2021-11-16 16:26:56,728 INFO     [step] 2536700
2021-11-16 16:26:56,728 INFO     [task] make[plank] 0.25963894892479744 0.5739865513928915
2021-11-16 16:26:56,728 INFO     [task] make[stick] 0.23973727569489658 0.6229798725684628
2021-11-16 16:26:56,728 INFO     [task] make[cloth] 0.227446633561128 0.6569667620515078
2021-11-16 16:26:56,728 INFO     [task] make[rope] 0.27317714181917785 0.5599216283879395
2021-11-16 16:26:56,728 INFO     
2021-11-16 16:26:56,728 INFO     [rollout0] [5, 3, 4, 1, 1, 3, 1, 1, 3, 4, 5]
2021-11-16 16:26:56,728 INFO     [rollout1] [5, 2, 0, 4, 1, 2, 4, 0, 1, 3, 4, 5]
2021-11-16 16:26:56,728 INFO     [rollout2] [5, 3, 4, 3, 0, 4, 3, 4, 3, 1, 3, 4, 3, 4, 5]
2021-11-16 16:26:56,728 INFO     [reward] 0.6005700000000004
2021-11-16 16:26:56,728 INFO     [error] [-2.15912191e-05  1.42370398e-04]
2021-11-16 16:26:56,729 INFO     
2021-11-16 16:26:56,729 INFO     [min reward] 0.5599216283879395
2021-11-16 16:26:56,729 INFO     
2021-11-16 16:26:56,729 INFO     [max steps] 2
2021-11-16 16:34:01,545 INFO     [step] 2636700
2021-11-16 16:34:01,545 INFO     [task] make[plank] 0.2681270113322921 0.5853274323006527
2021-11-16 16:34:01,545 INFO     [task] make[stick] 0.23799850767256608 0.6404915642574464
2021-11-16 16:34:01,545 INFO     [task] make[cloth] 0.21709822780578308 0.690809968847352
2021-11-16 16:34:01,545 INFO     [task] make[rope] 0.2767762531893588 0.5773132157789492
2021-11-16 16:34:01,546 INFO     
2021-11-16 16:34:01,546 INFO     [rollout0] [5, 0, 0, 4, 0, 0, 3, 4, 0, 4, 2, 0, 4, 5]
2021-11-16 16:34:01,546 INFO     [rollout1] [5, 2, 1, 3, 4, 0, 0, 4, 5]
2021-11-16 16:34:01,546 INFO     [rollout2] [5, 2, 4, 0, 2, 0, 4, 3, 4, 5]
2021-11-16 16:34:01,546 INFO     [reward] 0.6193900000000001
2021-11-16 16:34:01,546 INFO     [error] [-3.48394108e-05  1.30895019e-04]
2021-11-16 16:34:01,546 INFO     
2021-11-16 16:34:01,546 INFO     [min reward] 0.5773132157789492
2021-11-16 16:34:01,546 INFO     
2021-11-16 16:34:01,546 INFO     [max steps] 2
2021-11-16 16:41:07,625 INFO     [step] 2736700
2021-11-16 16:41:07,625 INFO     [task] make[plank] 0.2746809094272293 0.6104295601860329
2021-11-16 16:41:07,625 INFO     [task] make[stick] 0.23900039910902288 0.6572529958937401
2021-11-16 16:41:07,625 INFO     [task] make[cloth] 0.2064541359760868 0.7031549673954737
2021-11-16 16:41:07,625 INFO     [task] make[rope] 0.2798645554876612 0.5854277644703443
2021-11-16 16:41:07,625 INFO     
2021-11-16 16:41:07,625 INFO     [rollout0] [5, 3, 4, 0, 0, 0, 0, 2, 4, 0, 0, 2, 4, 5]
2021-11-16 16:41:07,625 INFO     [rollout1] [5, 1, 4, 2, 4, 5]
2021-11-16 16:41:07,625 INFO     [rollout2] [5, 2, 2, 1, 2, 2, 4, 1, 4, 1, 2, 4, 5]
2021-11-16 16:41:07,625 INFO     [reward] 0.6339500000000003
2021-11-16 16:41:07,625 INFO     [error] [-2.24820672e-05  1.39045431e-04]
2021-11-16 16:41:07,626 INFO     
2021-11-16 16:41:07,626 INFO     [min reward] 0.5854277644703443
2021-11-16 16:41:07,626 INFO     
2021-11-16 16:41:07,626 INFO     [max steps] 2
2021-11-16 16:48:13,044 INFO     [step] 2836700
2021-11-16 16:48:13,044 INFO     [task] make[plank] 0.26930045955500614 0.6340185109467346
2021-11-16 16:48:13,044 INFO     [task] make[stick] 0.23774263771037565 0.659300029410529
2021-11-16 16:48:13,044 INFO     [task] make[cloth] 0.2068058596402739 0.7038159857562196
2021-11-16 16:48:13,044 INFO     [task] make[rope] 0.2861510430943443 0.5826056461511485
2021-11-16 16:48:13,044 INFO     
2021-11-16 16:48:13,044 INFO     [rollout0] [5, 2, 1, 2, 1, 4, 2, 1, 2, 2, 0, 4, 2, 1, 4, 6]
2021-11-16 16:48:13,044 INFO     [rollout1] [5, 2, 1, 1, 1, 4, 3, 1, 3, 4, 5]
2021-11-16 16:48:13,044 INFO     [rollout2] [5, 2, 1, 2, 0, 2, 0, 4, 0, 2, 0, 4, 5]
2021-11-16 16:48:13,044 INFO     [reward] 0.6398800000000006
2021-11-16 16:48:13,044 INFO     [error] [-3.82359726e-05  1.36162821e-04]
2021-11-16 16:48:13,045 INFO     
2021-11-16 16:48:13,045 INFO     [min reward] 0.5826056461511485
2021-11-16 16:48:13,045 INFO     
2021-11-16 16:48:13,045 INFO     [max steps] 2
2021-11-16 16:55:16,008 INFO     [step] 2936700
2021-11-16 16:55:16,009 INFO     [task] make[plank] 0.2574757463788846 0.6261602392325916
2021-11-16 16:55:16,009 INFO     [task] make[stick] 0.24016271894115657 0.6711445459430414
2021-11-16 16:55:16,009 INFO     [task] make[cloth] 0.20967776311331063 0.7292646988925329
2021-11-16 16:55:16,009 INFO     [task] make[rope] 0.2926837715666481 0.6104965712119645
2021-11-16 16:55:16,009 INFO     
2021-11-16 16:55:16,009 INFO     [rollout0] [5, 3, 1, 1, 4, 1, 3, 1, 4, 5]
2021-11-16 16:55:16,009 INFO     [rollout1] [5, 1, 1, 1, 1, 1, 2, 4, 1, 4, 5]
2021-11-16 16:55:16,009 INFO     [rollout2] [5, 3, 3, 4, 1, 1, 1, 3, 4, 5]
2021-11-16 16:55:16,009 INFO     [reward] 0.654190000000001
2021-11-16 16:55:16,009 INFO     [error] [-2.85040147e-05  1.43138857e-04]
2021-11-16 16:55:16,009 INFO     
2021-11-16 16:55:16,009 INFO     [min reward] 0.6104965712119645
2021-11-16 16:55:16,009 INFO     
2021-11-16 16:55:16,010 INFO     [max steps] 2
2021-11-16 17:02:17,524 INFO     [step] 3036700
2021-11-16 17:02:17,524 INFO     [task] make[plank] 0.27359788549706204 0.6132620947083364
2021-11-16 17:02:17,524 INFO     [task] make[stick] 0.24153343450864997 0.6940421329822252
2021-11-16 17:02:17,524 INFO     [task] make[cloth] 0.20010585827226732 0.7308134593270337
2021-11-16 17:02:17,524 INFO     [task] make[rope] 0.28476282172202066 0.6163770312665233
2021-11-16 17:02:17,524 INFO     
2021-11-16 17:02:17,524 INFO     [rollout0] [5, 1, 1, 2, 4, 1, 1, 1, 2, 4, 2, 2, 1, 4, 1, 6]
2021-11-16 17:02:17,524 INFO     [rollout1] [5, 3, 4, 1, 3, 4, 5]
2021-11-16 17:02:17,525 INFO     [rollout2] [5, 3, 3, 1, 3, 4, 0, 4, 3, 4, 5]
2021-11-16 17:02:17,525 INFO     [reward] 0.6572899999999999
2021-11-16 17:02:17,525 INFO     [error] [-9.78500873e-06  1.19611242e-04]
2021-11-16 17:02:17,525 INFO     
2021-11-16 17:02:17,525 INFO     [min reward] 0.6132620947083364
2021-11-16 17:02:17,525 INFO     
