2021-11-03 16:56:14,939 INFO     BEGIN
2021-11-03 16:56:14,939 INFO     struct {
    name: 'craft_recreated_baseline_modified_hints'
    recipes: 'resources/craft/recipes.yaml'
    world:
        name: 'CraftWorld'
    model:
        name: 'ModularACModel'
        use_args: False
        featurize_plan: False
        max_subtask_timesteps: 15
        baseline: 'state'
    trainer:
        name: 'CurriculumTrainer'
        use_curriculum: True
        improvement_threshold: 0.8
        hints: 'resources/craft/hints.yaml'
        max_timesteps: 100
    experiment_dir: 'experiments/craft_recreated_baseline_modified_hints'
}
2021-11-03 16:56:16,791 WARNING  From /users/tliu46/anaconda/csci2951x/lib/python3.8/site-packages/tensorflow/python/training/rmsprop.py:123: calling Ones.__init__ (from tensorflow.python.ops.init_ops) with dtype is deprecated and will be removed in a future version.
Instructions for updating:
Call initializer instance with the dtype argument instead of passing it to the constructor
2021-11-03 16:56:37,941 INFO     [max steps] 1
2021-11-03 16:56:37,942 INFO     [min reward] inf
2021-11-03 16:56:37,942 INFO     
2021-11-03 16:56:40,268 INFO     [max steps] 2
2021-11-03 17:03:50,951 INFO     [step] 50000
2021-11-03 17:03:50,952 INFO     [task] make[plank] 0.25 0.01696386302666877
2021-11-03 17:03:50,952 INFO     [task] make[stick] 0.25 0.009835536923573042
2021-11-03 17:03:50,952 INFO     [task] make[cloth] 0.25 0.014113873295910184
2021-11-03 17:03:50,952 INFO     [task] make[rope] 0.25 0.017346610986186957
2021-11-03 17:03:50,952 INFO     
2021-11-03 17:03:50,952 INFO     [rollout0] [2, 1, 3, 3, 1, 3, 0, 0, 0, 0, 4, 2, 4, 5, 4, 3, 3, 4, 1, 4, 2, 1, 3, 2, 4, 1, 4, 1, 6]
2021-11-03 17:03:50,952 INFO     [rollout1] [4, 0, 0, 3, 2, 3, 3, 4, 4, 3, 4, 3, 4, 3, 6, 0, 1, 3, 2, 2, 4, 2, 4, 0, 3, 3, 4, 3, 3, 6]
2021-11-03 17:03:50,953 INFO     [rollout2] [3, 4, 2, 1, 1, 4, 4, 0, 2, 1, 4, 4, 2, 0, 6, 1, 1, 0, 0, 0, 0, 4, 3, 1, 4, 4, 0, 1, 4, 6]
2021-11-03 17:03:50,953 INFO     [reward] 0.014579999999999909
2021-11-03 17:03:50,953 INFO     [error] [7.48237839e-06 6.28806577e-06]
2021-11-03 17:03:50,953 INFO     
2021-11-03 17:03:50,953 INFO     [min reward] 0.009835536923573042
2021-11-03 17:03:50,953 INFO     
2021-11-03 17:03:50,953 INFO     [max steps] 2
2021-11-03 17:12:21,167 INFO     [step] 127300
2021-11-03 17:12:21,167 INFO     [task] make[plank] 0.24939752673483526 0.019920112050630285
2021-11-03 17:12:21,168 INFO     [task] make[stick] 0.25118778071822995 0.010864479908509642
2021-11-03 17:12:21,168 INFO     [task] make[cloth] 0.2501132916134803 0.015872195222831145
2021-11-03 17:12:21,168 INFO     [task] make[rope] 0.24930140093345446 0.018411849413700884
2021-11-03 17:12:21,168 INFO     
2021-11-03 17:12:21,168 INFO     [rollout0] [4, 4, 4, 0, 4, 4, 0, 4, 4, 4, 2, 3, 3, 4, 6, 0, 3, 3, 3, 2, 2, 3, 4, 4, 2, 0, 4, 0, 4, 6]
2021-11-03 17:12:21,168 INFO     [rollout1] [4, 3, 1, 4, 5, 1, 4, 2, 0, 1, 1, 2, 4, 2, 2, 4, 0, 2, 3, 6]
2021-11-03 17:12:21,168 INFO     [rollout2] [1, 4, 4, 1, 5, 0, 1, 1, 0, 0, 4, 0, 4, 4, 2, 4, 4, 4, 4, 6]
2021-11-03 17:12:21,168 INFO     [reward] 0.016274256144889854
2021-11-03 17:12:21,168 INFO     [error] [-8.94556258e-05  3.10809333e-06]
2021-11-03 17:12:21,168 INFO     
2021-11-03 17:12:21,168 INFO     [min reward] 0.010864479908509642
2021-11-03 17:12:21,168 INFO     
2021-11-03 17:12:21,168 INFO     [max steps] 2
2021-11-03 17:22:15,558 INFO     [step] 227200
2021-11-03 17:22:15,559 INFO     [task] make[plank] 0.24908100226953764 0.03810405182472941
2021-11-03 17:22:15,559 INFO     [task] make[stick] 0.25135918805797475 0.008201005025125628
2021-11-03 17:22:15,559 INFO     [task] make[cloth] 0.2500993637097041 0.015640625625025002
2021-11-03 17:22:15,559 INFO     [task] make[rope] 0.24946044596278363 0.037818297382115756
2021-11-03 17:22:15,559 INFO     
2021-11-03 17:22:15,559 INFO     [rollout0] [0, 5, 4, 4, 3, 1, 5]
2021-11-03 17:22:15,559 INFO     [rollout1] [0, 4, 0, 4, 2, 4, 3, 4, 4, 2, 0, 5, 5]
2021-11-03 17:22:15,560 INFO     [rollout2] [3, 5, 0, 2, 4, 2, 0, 3, 1, 1, 0, 1, 4, 2, 3, 1, 6]
2021-11-03 17:22:15,560 INFO     [reward] 0.024964964964964857
2021-11-03 17:22:15,560 INFO     [error] [-1.52556638e-05  4.00675990e-06]
2021-11-03 17:22:15,561 INFO     
2021-11-03 17:22:15,561 INFO     [min reward] 0.008201005025125628
2021-11-03 17:22:15,561 INFO     
2021-11-03 17:22:15,561 INFO     [max steps] 2
2021-11-03 17:31:14,983 INFO     [step] 327200
2021-11-03 17:31:14,983 INFO     [task] make[plank] 0.24665932274280294 0.1038836118792834
2021-11-03 17:31:14,984 INFO     [task] make[stick] 0.25424847391210736 0.008560769683879836
2021-11-03 17:31:14,984 INFO     [task] make[cloth] 0.2523603584383472 0.02449270767279645
2021-11-03 17:31:14,984 INFO     [task] make[rope] 0.2467318449067426 0.0985134691195795
2021-11-03 17:31:14,984 INFO     
2021-11-03 17:31:14,984 INFO     [rollout0] [4, 5, 0, 3, 4, 1, 2, 4, 1, 2, 4, 4, 1, 4, 4, 4, 6]
2021-11-03 17:31:14,984 INFO     [rollout1] [3, 1, 4, 4, 5, 4, 1, 2, 1, 4, 2, 4, 0, 4, 4, 4, 1, 1, 1, 6]
2021-11-03 17:31:14,984 INFO     [rollout2] [5, 4, 4, 0, 4, 2, 0, 0, 0, 2, 4, 4, 4, 4, 4, 6]
2021-11-03 17:31:14,984 INFO     [reward] 0.05827000000000007
2021-11-03 17:31:14,984 INFO     [error] [4.75238353e-05 2.86190549e-05]
2021-11-03 17:31:14,984 INFO     
2021-11-03 17:31:14,984 INFO     [min reward] 0.008560769683879836
2021-11-03 17:31:14,984 INFO     
2021-11-03 17:31:14,984 INFO     [max steps] 2
2021-11-03 17:40:26,672 INFO     [step] 427200
2021-11-03 17:40:26,672 INFO     [task] make[plank] 0.2381665429820413 0.19531021821671465
2021-11-03 17:40:26,673 INFO     [task] make[stick] 0.26322150511553416 0.02173665209956299
2021-11-03 17:40:26,673 INFO     [task] make[cloth] 0.25903390334210835 0.052478811099500755
2021-11-03 17:40:26,673 INFO     [task] make[rope] 0.2395780485603162 0.18706813518154028
2021-11-03 17:40:26,673 INFO     
2021-11-03 17:40:26,673 INFO     [rollout0] [2, 4, 2, 4, 4, 4, 2, 2, 1, 0, 3, 4, 0, 1, 6, 2, 2, 4, 4, 4, 1, 1, 4, 2, 4, 4, 2, 1, 4, 6]
2021-11-03 17:40:26,673 INFO     [rollout1] [2, 4, 2, 4, 5, 1, 1, 3, 2, 2, 4, 2, 2, 1, 4, 4, 4, 4, 4, 6]
2021-11-03 17:40:26,673 INFO     [rollout2] [4, 0, 5, 0, 4, 4, 4, 4, 4, 4, 4, 4, 0, 4, 4, 4, 4, 6]
2021-11-03 17:40:26,673 INFO     [reward] 0.11075999999999993
2021-11-03 17:40:26,673 INFO     [error] [-5.12988064e-06  2.78123752e-05]
2021-11-03 17:40:26,673 INFO     
2021-11-03 17:40:26,673 INFO     [min reward] 0.02173665209956299
2021-11-03 17:40:26,673 INFO     
2021-11-03 17:40:26,673 INFO     [max steps] 2
2021-11-03 17:50:26,327 INFO     [step] 522900
2021-11-03 17:50:26,327 INFO     [task] make[plank] 0.22735066584321276 0.3351137947050627
2021-11-03 17:50:26,328 INFO     [task] make[stick] 0.27578881581378967 0.11511256464861576
2021-11-03 17:50:26,328 INFO     [task] make[cloth] 0.2672097830649133 0.19412312708640633
2021-11-03 17:50:26,328 INFO     [task] make[rope] 0.22965073527808436 0.2763205499276411
2021-11-03 17:50:26,328 INFO     
2021-11-03 17:50:26,328 INFO     [rollout0] [2, 4, 1, 4, 5, 0, 0, 0, 3, 1, 3, 4, 3, 3, 3, 3, 4, 3, 3, 6]
2021-11-03 17:50:26,328 INFO     [rollout1] [4, 2, 4, 4, 4, 3, 4, 5, 0, 4, 0, 0, 0, 0, 0, 3, 0, 4, 2, 0, 4, 3, 6]
2021-11-03 17:50:26,328 INFO     [rollout2] [4, 0, 0, 0, 4, 1, 2, 0, 2, 3, 1, 4, 0, 0, 6, 2, 0, 1, 4, 1, 2, 4, 4, 4, 2, 1, 4, 4, 4, 6]
2021-11-03 17:50:26,328 INFO     [reward] 0.22312434691745034
2021-11-03 17:50:26,328 INFO     [error] [-5.02348375e-06  6.73615195e-05]
2021-11-03 17:50:26,328 INFO     
2021-11-03 17:50:26,328 INFO     [min reward] 0.11511256464861576
2021-11-03 17:50:26,328 INFO     
2021-11-03 17:50:26,328 INFO     [max steps] 2
2021-11-03 17:58:05,070 INFO     [step] 589600
2021-11-03 17:58:05,070 INFO     [task] make[plank] 0.21635614480138948 0.5646394379778221
2021-11-03 17:58:05,070 INFO     [task] make[stick] 0.28688450589861325 0.39458403716216217
2021-11-03 17:58:05,070 INFO     [task] make[cloth] 0.2615551680731953 0.48810748999428244
2021-11-03 17:58:05,070 INFO     [task] make[rope] 0.23520418122680192 0.556042420778561
2021-11-03 17:58:05,070 INFO     
2021-11-03 17:58:05,070 INFO     [rollout0] [3, 2, 2, 1, 2, 0, 2, 4, 2, 4, 1, 4, 4, 4, 6, 4, 4, 4, 4, 4, 1, 3, 4, 4, 4, 4, 4, 4, 4, 6]
2021-11-03 17:58:05,071 INFO     [rollout1] [1, 0, 0, 1, 2, 4, 0, 0, 4, 5, 1, 3, 4, 5]
2021-11-03 17:58:05,071 INFO     [rollout2] [3, 3, 4, 5, 1, 3, 3, 3, 4, 3, 1, 4, 1, 4, 1, 1, 1, 4, 6]
2021-11-03 17:58:05,071 INFO     [reward] 0.49424287856071975
2021-11-03 17:58:05,071 INFO     [error] [-4.72378597e-05  8.44518239e-05]
2021-11-03 17:58:05,071 INFO     
2021-11-03 17:58:05,071 INFO     [min reward] 0.39458403716216217
2021-11-03 17:58:05,071 INFO     
2021-11-03 17:58:05,071 INFO     [max steps] 2
2021-11-03 18:07:56,215 INFO     [step] 686600
2021-11-03 18:07:56,216 INFO     [task] make[plank] 0.21867560746857423 0.6836019957781616
2021-11-03 18:07:56,216 INFO     [task] make[stick] 0.30217417300798205 0.5843736181502772
2021-11-03 18:07:56,216 INFO     [task] make[cloth] 0.2562534076672826 0.6980047885075819
2021-11-03 18:07:56,216 INFO     [task] make[rope] 0.22289681185616117 0.6937364612619256
2021-11-03 18:07:56,216 INFO     
2021-11-03 18:07:56,216 INFO     [rollout0] [2, 0, 2, 2, 1, 4, 2, 5, 3, 0, 3, 3, 4, 5]
2021-11-03 18:07:56,216 INFO     [rollout1] [3, 3, 0, 3, 3, 1, 3, 0, 3, 0, 3, 3, 4, 3, 6, 1, 2, 4, 4, 4, 4, 5]
2021-11-03 18:07:56,216 INFO     [rollout2] [2, 4, 2, 4, 2, 0, 3, 2, 1, 2, 4, 2, 0, 2, 6, 2, 0, 4, 0, 4, 4, 5]
2021-11-03 18:07:56,216 INFO     [reward] 0.6595154639175264
2021-11-03 18:07:56,216 INFO     [error] [-6.97736752e-05  1.12627120e-04]
2021-11-03 18:07:56,217 INFO     
2021-11-03 18:07:56,217 INFO     [min reward] 0.5843736181502772
2021-11-03 18:07:56,217 INFO     
2021-11-03 18:07:56,217 INFO     [max steps] 2
2021-11-03 18:17:08,046 INFO     [step] 786600
2021-11-03 18:17:08,047 INFO     [task] make[plank] 0.23647177570849584 0.8074096104006457
2021-11-03 18:17:08,047 INFO     [task] make[stick] 0.30836164744432626 0.6906236824181883
2021-11-03 18:17:08,047 INFO     [task] make[cloth] 0.2260371102760056 0.7866964285714285
2021-11-03 18:17:08,047 INFO     [task] make[rope] 0.22912946657117245 0.8120964270340078
2021-11-03 18:17:08,047 INFO     
2021-11-03 18:17:08,047 INFO     [rollout0] [2, 4, 5, 2, 2, 1, 0, 4, 2, 2, 1, 1, 1, 2, 4, 5]
2021-11-03 18:17:08,047 INFO     [rollout1] [2, 0, 2, 4, 5, 1, 3, 4, 5]
2021-11-03 18:17:08,047 INFO     [rollout2] [3, 3, 3, 4, 4, 3, 3, 3, 4, 3, 4, 3, 3, 4, 6, 0, 3, 1, 1, 1, 4, 1, 1, 1, 1, 4, 1, 4, 4, 6]
2021-11-03 18:17:08,047 INFO     [reward] 0.7678499999999977
2021-11-03 18:17:08,047 INFO     [error] [-4.25242540e-05  1.16707147e-04]
2021-11-03 18:17:08,047 INFO     
2021-11-03 18:17:08,047 INFO     [min reward] 0.6906236824181883
2021-11-03 18:17:08,047 INFO     
2021-11-03 18:17:08,047 INFO     [max steps] 2
2021-11-03 18:26:00,033 INFO     [step] 886600
2021-11-03 18:26:00,034 INFO     [task] make[plank] 0.21479644421958172 0.8399701923524754
2021-11-03 18:26:00,034 INFO     [task] make[stick] 0.33861871493600054 0.7432452384467739
2021-11-03 18:26:00,034 INFO     [task] make[cloth] 0.2367575935820374 0.8323584265852831
2021-11-03 18:26:00,034 INFO     [task] make[rope] 0.20982724726238033 0.8471905846621108
2021-11-03 18:26:00,034 INFO     
2021-11-03 18:26:00,034 INFO     [rollout0] [0, 4, 2, 0, 3, 3, 3, 3, 4, 5, 2, 0, 0, 2, 4, 5]
2021-11-03 18:26:00,034 INFO     [rollout1] [2, 2, 4, 5, 0, 2, 0, 2, 2, 2, 0, 0, 2, 2, 4, 4, 1, 0, 6]
2021-11-03 18:26:00,034 INFO     [rollout2] [2, 4, 5, 3, 3, 0, 3, 3, 3, 4, 5]
2021-11-03 18:26:00,034 INFO     [reward] 0.8069399999999994
2021-11-03 18:26:00,034 INFO     [error] [-4.6472489e-05  1.0505302e-04]
2021-11-03 18:26:00,034 INFO     
2021-11-03 18:26:00,034 INFO     [min reward] 0.7432452384467739
2021-11-03 18:26:00,034 INFO     
2021-11-03 18:26:00,034 INFO     [max steps] 2
2021-11-03 18:34:34,190 INFO     [step] 986600
2021-11-03 18:34:34,191 INFO     [task] make[plank] 0.2187622605626188 0.8702863688430699
2021-11-03 18:34:34,191 INFO     [task] make[stick] 0.3432096728251263 0.7822059897735574
2021-11-03 18:34:34,191 INFO     [task] make[cloth] 0.22855564390606206 0.8611986001749782
2021-11-03 18:34:34,191 INFO     [task] make[rope] 0.20947242270619282 0.8744428639165481
2021-11-03 18:34:34,191 INFO     
2021-11-03 18:34:34,191 INFO     [rollout0] [2, 0, 2, 4, 5, 2, 1, 2, 2, 4, 5]
2021-11-03 18:34:34,191 INFO     [rollout1] [3, 3, 4, 5, 2, 0, 4, 0, 4, 5]
2021-11-03 18:34:34,191 INFO     [rollout2] [4, 4, 3, 0, 4, 2, 5, 2, 2, 1, 2, 4, 2, 0, 2, 2, 0, 4, 5]
2021-11-03 18:34:34,191 INFO     [reward] 0.8389400000000014
2021-11-03 18:34:34,191 INFO     [error] [-4.47153094e-05  9.28163733e-05]
2021-11-03 18:34:34,191 INFO     
2021-11-03 18:34:34,191 INFO     [min reward] 0.7822059897735574
2021-11-03 18:34:34,191 INFO     
2021-11-03 18:34:34,191 INFO     [max steps] 2
2021-11-03 18:42:54,183 INFO     [step] 1086600
2021-11-03 18:42:54,184 INFO     [task] make[plank] 0.21432870123338071 0.8828575446491351
2021-11-03 18:42:54,184 INFO     [task] make[stick] 0.34944904055737985 0.8087712253327214
2021-11-03 18:42:54,184 INFO     [task] make[cloth] 0.22826985815280623 0.8773572464723725
2021-11-03 18:42:54,184 INFO     [task] make[rope] 0.2079524000564332 0.8949368291061081
2021-11-03 18:42:54,184 INFO     
2021-11-03 18:42:54,184 INFO     [rollout0] [1, 4, 5, 2, 1, 1, 1, 2, 2, 1, 4, 5]
2021-11-03 18:42:54,184 INFO     [rollout1] [4, 5, 0, 3, 3, 0, 4, 5]
2021-11-03 18:42:54,184 INFO     [rollout2] [3, 0, 0, 2, 4, 5, 0, 0, 3, 0, 4, 5]
2021-11-03 18:42:54,184 INFO     [reward] 0.858320000000001
2021-11-03 18:42:54,184 INFO     [error] [-2.50833927e-05  9.22451816e-05]
2021-11-03 18:42:54,185 INFO     
2021-11-03 18:42:54,185 INFO     [min reward] 0.8087712253327214
2021-11-03 18:42:54,185 INFO     
2021-11-03 18:42:55,987 INFO     [max steps] 3
2021-11-03 18:52:44,130 INFO     [step] 1186600
2021-11-03 18:52:44,130 INFO     [task] make[plank] 0.2 0.8926936093967749
2021-11-03 18:52:44,131 INFO     [task] make[stick] 0.2 0.8212695713070882
2021-11-03 18:52:44,131 INFO     [task] make[cloth] 0.2 0.8847882540950859
2021-11-03 18:52:44,131 INFO     [task] make[rope] 0.2 0.9056977377357557
2021-11-03 18:52:44,131 INFO     [task] make[bridge] 0.2 0.26767215112736137
2021-11-03 18:52:44,131 INFO     
2021-11-03 18:52:44,131 INFO     [rollout0] [2, 2, 0, 2, 4, 5, 3, 3, 1, 3, 4, 5]
2021-11-03 18:52:44,131 INFO     [rollout1] [5, 3, 1, 3, 1, 4, 5, 3, 4, 3, 0, 4, 5]
2021-11-03 18:52:44,131 INFO     [rollout2] [3, 4, 2, 4, 2, 4, 5, 1, 4, 5, 3, 3, 3, 1, 4, 1, 4, 4, 4, 4, 4, 4, 4, 4, 6]
2021-11-03 18:52:44,131 INFO     [reward] 0.7563800000000002
2021-11-03 18:52:44,131 INFO     [error] [-4.18142338e-05  9.44169946e-05]
2021-11-03 18:52:44,131 INFO     
2021-11-03 18:52:44,131 INFO     [min reward] 0.26767215112736137
2021-11-03 18:52:44,131 INFO     
2021-11-03 18:52:44,131 INFO     [max steps] 3
2021-11-03 19:03:20,444 INFO     [step] 1286400
2021-11-03 19:03:20,445 INFO     [task] make[plank] 0.09179775261560397 0.8994511525795829
2021-11-03 19:03:20,445 INFO     [task] make[stick] 0.14769041239013694 0.820122981282519
2021-11-03 19:03:20,445 INFO     [task] make[cloth] 0.09798406392047972 0.8888436067244014
2021-11-03 19:03:20,445 INFO     [task] make[rope] 0.08162141226360183 0.903960396039604
2021-11-03 19:03:20,445 INFO     [task] make[bridge] 0.5809063588101775 0.44016828746810127
2021-11-03 19:03:20,445 INFO     
2021-11-03 19:03:20,445 INFO     [rollout0] [3, 1, 2, 0, 3, 3, 3, 1, 3, 3, 3, 1, 4, 5, 2, 2, 0, 4, 5]
2021-11-03 19:03:20,445 INFO     [rollout1] [3, 4, 0, 5, 0, 2, 0, 0, 0, 0, 0, 0, 0, 0, 0, 0, 0, 0, 6, 2, 0, 0, 2, 2, 0, 4, 4, 4, 4, 4, 4, 4, 4, 6]
2021-11-03 19:03:20,445 INFO     [rollout2] [3, 3, 2, 4, 5, 0, 0, 0, 1, 2, 0, 1, 2, 4, 1, 0, 2, 4, 5, 0, 3, 4, 5]
2021-11-03 19:03:20,445 INFO     [reward] 0.6201102204408828
2021-11-03 19:03:20,445 INFO     [error] [-3.03610789e-05  8.33712797e-05]
2021-11-03 19:03:20,446 INFO     
2021-11-03 19:03:20,446 INFO     [min reward] 0.44016828746810127
2021-11-03 19:03:20,446 INFO     
2021-11-03 19:03:20,446 INFO     [max steps] 3
2021-11-03 19:13:28,020 INFO     [step] 1386400
2021-11-03 19:13:28,020 INFO     [task] make[plank] 0.1007321401537872 0.9086126266562744
2021-11-03 19:13:28,021 INFO     [task] make[stick] 0.1730159916429855 0.8331708995012326
2021-11-03 19:13:28,021 INFO     [task] make[cloth] 0.11039773885250793 0.9028066059019944
2021-11-03 19:13:28,021 INFO     [task] make[rope] 0.09662331627365234 0.9078892589508742
2021-11-03 19:13:28,021 INFO     [task] make[bridge] 0.519230813077067 0.7469576001860321
2021-11-03 19:13:28,021 INFO     
2021-11-03 19:13:28,021 INFO     [rollout0] [2, 0, 4, 5, 3, 4, 5, 1, 4, 5]
2021-11-03 19:13:28,021 INFO     [rollout1] [0, 0, 2, 0, 0, 0, 3, 3, 4, 5, 1, 4, 1, 4, 1, 4, 1, 1, 4, 5]
2021-11-03 19:13:28,021 INFO     [rollout2] [0, 2, 0, 2, 2, 4, 5, 3, 0, 3, 4, 5, 3, 1, 1, 3, 3, 1, 4, 5]
2021-11-03 19:13:28,021 INFO     [reward] 0.8113200000000017
2021-11-03 19:13:28,021 INFO     [error] [-2.66862582e-05  8.30280480e-05]
2021-11-03 19:13:28,021 INFO     
2021-11-03 19:13:28,021 INFO     [min reward] 0.7469576001860321
2021-11-03 19:13:28,021 INFO     
2021-11-03 19:13:28,021 INFO     [max steps] 3
2021-11-03 19:22:49,320 INFO     [step] 1486400
2021-11-03 19:22:49,321 INFO     [task] make[plank] 0.13508176149706397 0.9110504170665092
2021-11-03 19:22:49,321 INFO     [task] make[stick] 0.2355952777111084 0.8473149368595604
2021-11-03 19:22:49,321 INFO     [task] make[cloth] 0.14281731558936453 0.906402546869473
2021-11-03 19:22:49,321 INFO     [task] make[rope] 0.13604552829201064 0.9130371022144009
2021-11-03 19:22:49,321 INFO     [task] make[bridge] 0.3504601169104524 0.8210232928528768
2021-11-03 19:22:49,321 INFO     
2021-11-03 19:22:49,321 INFO     [rollout0] [4, 5, 3, 4, 5]
2021-11-03 19:22:49,321 INFO     [rollout1] [1, 4, 5, 2, 1, 1, 1, 1, 2, 4, 2, 0, 1, 2, 1, 2, 4, 6]
2021-11-03 19:22:49,321 INFO     [rollout2] [0, 3, 4, 5, 3, 1, 4, 5]
2021-11-03 19:22:49,321 INFO     [reward] 0.8640200000000006
2021-11-03 19:22:49,321 INFO     [error] [-7.07471220e-05  1.09603538e-04]
2021-11-03 19:22:49,322 INFO     
2021-11-03 19:22:49,322 INFO     [min reward] 0.8210232928528768
2021-11-03 19:22:49,322 INFO     
2021-11-03 19:22:51,116 INFO     [max steps] 4
2021-11-03 19:32:54,079 INFO     [step] 1556200
2021-11-03 19:32:54,079 INFO     [task] make[plank] 0.1111111111111111 0.9157476275968197
2021-11-03 19:32:54,079 INFO     [task] make[stick] 0.1111111111111111 0.8430210078618379
2021-11-03 19:32:54,079 INFO     [task] make[cloth] 0.1111111111111111 0.9084597582926202
2021-11-03 19:32:54,079 INFO     [task] make[rope] 0.1111111111111111 0.918286915396742
2021-11-03 19:32:54,079 INFO     [task] make[bridge] 0.1111111111111111 0.8337078651685393
2021-11-03 19:32:54,079 INFO     [task] make[bed] 0.1111111111111111 0.7907928388746803
2021-11-03 19:32:54,079 INFO     [task] make[axe] 0.1111111111111111 0.6905892925921171
2021-11-03 19:32:54,079 INFO     [task] make[shears] 0.1111111111111111 0.0932675272083017
2021-11-03 19:32:54,080 INFO     [task] get[gold] 0.1111111111111111 0.02906004886202906
2021-11-03 19:32:54,080 INFO     
2021-11-03 19:32:54,080 INFO     [rollout0] [4, 5, 2, 0, 0, 0, 2, 0, 2, 0, 4, 5, 3, 4, 4, 4, 4, 4, 4, 4, 3, 4, 5, 5]
2021-11-03 19:32:54,080 INFO     [rollout1] [3, 3, 0, 0, 2, 0, 4, 5, 3, 0, 4, 5]
2021-11-03 19:32:54,080 INFO     [rollout2] [4, 3, 4, 5, 1, 1, 1, 2, 3, 2, 4, 2, 1, 4, 5]
2021-11-03 19:32:54,080 INFO     [reward] 0.6672063037249283
2021-11-03 19:32:54,080 INFO     [error] [-1.8280079e-05  6.0178103e-05]
2021-11-03 19:32:54,080 INFO     
2021-11-03 19:32:54,080 INFO     [min reward] 0.02906004886202906
2021-11-03 19:32:54,080 INFO     
2021-11-03 19:32:54,080 INFO     [max steps] 4
2021-11-03 19:40:59,703 INFO     [step] 1606200
2021-11-03 19:40:59,703 INFO     [task] make[plank] 0.03073045641731666 0.9061913696060038
2021-11-03 19:40:59,703 INFO     [task] make[stick] 0.05444256213052214 0.8143646408839779
2021-11-03 19:40:59,703 INFO     [task] make[cloth] 0.0331066252533623 0.8970414201183432
2021-11-03 19:40:59,703 INFO     [task] make[rope] 0.02990253589842792 0.9193870752831446
2021-11-03 19:40:59,703 INFO     [task] make[bridge] 0.057479059975058144 0.8032899246058944
2021-11-03 19:40:59,703 INFO     [task] make[bed] 0.07147126315833774 0.7978451942160476
2021-11-03 19:40:59,703 INFO     [task] make[axe] 0.10414206637933952 0.6644787644787645
2021-11-03 19:40:59,703 INFO     [task] make[shears] 0.2988954716275518 0.12740223088294583
2021-11-03 19:40:59,703 INFO     [task] get[gold] 0.3198299591600837 0.20928196147110334
2021-11-03 19:40:59,703 INFO     
2021-11-03 19:40:59,704 INFO     [rollout0] [1, 3, 4, 5, 0, 2, 2, 1, 4, 5, 2, 2, 0, 4, 5, 3, 3, 4, 4, 0, 3, 0, 3, 3, 3, 0, 4, 4, 3, 6]
2021-11-03 19:40:59,704 INFO     [rollout1] [2, 4, 5, 0, 2, 4, 2, 4, 5, 1, 2, 1, 5, 5]
2021-11-03 19:40:59,704 INFO     [rollout2] [0, 0, 0, 0, 3, 3, 4, 5, 3, 3, 3, 0, 4, 5, 2, 4, 5, 5]
2021-11-03 19:40:59,704 INFO     [reward] 0.4079599999999996
2021-11-03 19:40:59,704 INFO     [error] [-6.55580457e-06  4.37238687e-05]
2021-11-03 19:40:59,704 INFO     
2021-11-03 19:40:59,704 INFO     [min reward] 0.12740223088294583
2021-11-03 19:40:59,704 INFO     
2021-11-03 19:40:59,704 INFO     [max steps] 4
2021-11-03 19:48:56,016 INFO     [step] 1656200
2021-11-03 19:48:56,017 INFO     [task] make[plank] 0.035180810519088494 0.9098939929328622
2021-11-03 19:48:56,017 INFO     [task] make[stick] 0.06630094698073065 0.7725118483412322
2021-11-03 19:48:56,017 INFO     [task] make[cloth] 0.0382817341895277 0.9021123132405976
2021-11-03 19:48:56,017 INFO     [task] make[rope] 0.030708777516329607 0.9062706270627062
2021-11-03 19:48:56,017 INFO     [task] make[bridge] 0.07005417533422265 0.8304431599229287
2021-11-03 19:48:56,017 INFO     [task] make[bed] 0.07189939790816195 0.8217032967032967
2021-11-03 19:48:56,017 INFO     [task] make[axe] 0.11709736532558049 0.6596467391304348
2021-11-03 19:48:56,017 INFO     [task] make[shears] 0.2991129423635388 0.17058823529411765
2021-11-03 19:48:56,017 INFO     [task] get[gold] 0.27136384986281953 0.4441156890302537
2021-11-03 19:48:56,017 INFO     
2021-11-03 19:48:56,017 INFO     [rollout0] [4, 3, 0, 0, 3, 4, 5, 2, 2, 0, 2, 4, 5, 1, 1, 3, 1, 4, 5, 2, 1, 1, 4, 1, 4, 1, 2, 4, 5]
2021-11-03 19:48:56,017 INFO     [rollout1] [3, 4, 5, 0, 0, 4, 5, 3, 1, 3, 1, 0, 3, 0, 0, 3, 4, 5, 1, 2, 4, 5]
2021-11-03 19:48:56,017 INFO     [rollout2] [3, 4, 5, 1, 4, 1, 4, 3, 4, 5, 1, 2, 1, 4, 5, 0, 0, 0, 2, 2, 4, 2, 4, 2, 4, 4, 4, 4, 4, 6]
2021-11-03 19:48:56,017 INFO     [reward] 0.5139200000000005
2021-11-03 19:48:56,017 INFO     [error] [3.59231846e-06 3.61650545e-05]
2021-11-03 19:48:56,017 INFO     
2021-11-03 19:48:56,017 INFO     [min reward] 0.17058823529411765
2021-11-03 19:48:56,017 INFO     
2021-11-03 19:48:56,018 INFO     [max steps] 4
2021-11-03 19:56:48,009 INFO     [step] 1706200
2021-11-03 19:56:48,010 INFO     [task] make[plank] 0.037454813116469865 0.9079655543595264
2021-11-03 19:56:48,010 INFO     [task] make[stick] 0.08885654915583006 0.7558528428093646
2021-11-03 19:56:48,010 INFO     [task] make[cloth] 0.04036634027797703 0.9147755925365607
2021-11-03 19:56:48,010 INFO     [task] make[rope] 0.03881050090679667 0.9116402116402117
2021-11-03 19:56:48,010 INFO     [task] make[bridge] 0.06718146179140036 0.8508564678086238
2021-11-03 19:56:48,010 INFO     [task] make[bed] 0.07045149476090322 0.8326749435665914
2021-11-03 19:56:48,010 INFO     [task] make[axe] 0.1310851995306796 0.6634615384615384
2021-11-03 19:56:48,010 INFO     [task] make[shears] 0.3140671743478813 0.36883465371837465
2021-11-03 19:56:48,010 INFO     [task] get[gold] 0.21172646611206175 0.5240849611227005
2021-11-03 19:56:48,010 INFO     
2021-11-03 19:56:48,010 INFO     [rollout0] [2, 4, 5, 3, 0, 4, 0, 4, 5, 5, 1, 1, 1, 2, 1, 1, 4, 1, 4, 5]
2021-11-03 19:56:48,010 INFO     [rollout1] [1, 1, 4, 5, 3, 1, 3, 3, 1, 1, 3, 4, 5, 0, 2, 4, 5, 1, 3, 4, 5]
2021-11-03 19:56:48,010 INFO     [rollout2] [3, 1, 3, 3, 4, 5, 1, 1, 4, 5, 0, 0, 0, 4, 5, 3, 3, 3, 3, 0, 3, 3, 0, 3, 0, 3, 3, 0, 3, 6]
2021-11-03 19:56:48,010 INFO     [reward] 0.6032399999999998
2021-11-03 19:56:48,010 INFO     [error] [-4.37978603e-05  7.15956596e-05]
2021-11-03 19:56:48,010 INFO     
2021-11-03 19:56:48,010 INFO     [min reward] 0.36883465371837465
2021-11-03 19:56:48,011 INFO     
2021-11-03 19:56:48,011 INFO     [max steps] 4
2021-11-03 20:04:35,537 INFO     [step] 1756200
2021-11-03 20:04:35,537 INFO     [task] make[plank] 0.04323762349768627 0.9206349206349206
2021-11-03 20:04:35,537 INFO     [task] make[stick] 0.1076961709022814 0.7856353591160221
2021-11-03 20:04:35,537 INFO     [task] make[cloth] 0.04035183463633452 0.9142434696895022
2021-11-03 20:04:35,537 INFO     [task] make[rope] 0.04168046849000249 0.9253938832252085
2021-11-03 20:04:35,537 INFO     [task] make[bridge] 0.06743789397580836 0.8565008987417615
2021-11-03 20:04:35,538 INFO     [task] make[bed] 0.07514240880760377 0.843524699599466
2021-11-03 20:04:35,538 INFO     [task] make[axe] 0.14684746345624278 0.7025641025641025
2021-11-03 20:04:35,538 INFO     [task] make[shears] 0.27169712804606055 0.8324795081967213
2021-11-03 20:04:35,538 INFO     [task] get[gold] 0.20590900818797986 0.5635762233680319
2021-11-03 20:04:35,538 INFO     
2021-11-03 20:04:35,538 INFO     [rollout0] [0, 2, 4, 2, 4, 5, 1, 4, 1, 1, 4, 5]
2021-11-03 20:04:35,538 INFO     [rollout1] [0, 0, 3, 4, 5, 2, 0, 4, 5, 2, 4, 5, 0, 4, 5]
2021-11-03 20:04:35,538 INFO     [rollout2] [3, 1, 4, 1, 3, 1, 3, 4, 5, 3, 4, 5, 0, 4, 5, 2, 0, 0, 4, 0, 4, 5]
2021-11-03 20:04:35,538 INFO     [reward] 0.7668999999999995
2021-11-03 20:04:35,538 INFO     [error] [-1.87914264e-05  7.22046517e-05]
2021-11-03 20:04:35,538 INFO     
2021-11-03 20:04:35,538 INFO     [min reward] 0.5635762233680319
2021-11-03 20:04:35,538 INFO     
2021-11-03 20:04:35,538 INFO     [max steps] 4
2021-11-03 20:12:12,838 INFO     [step] 1806500
2021-11-03 20:12:12,838 INFO     [task] make[plank] 0.05119896662571927 0.9262870514820593
2021-11-03 20:12:12,838 INFO     [task] make[stick] 0.12854280264981294 0.7986241400875547
2021-11-03 20:12:12,838 INFO     [task] make[cloth] 0.054860751362770244 0.903566229985444
2021-11-03 20:12:12,838 INFO     [task] make[rope] 0.048472465753518275 0.9276315789473685
2021-11-03 20:12:12,838 INFO     [task] make[bridge] 0.08794257687941429 0.8728246318607764
2021-11-03 20:12:12,838 INFO     [task] make[bed] 0.09537689005336629 0.8493356193741963
2021-11-03 20:12:12,838 INFO     [task] make[axe] 0.1761359175664688 0.7225568942436412
2021-11-03 20:12:12,838 INFO     [task] make[shears] 0.10170489188609091 0.8833461243284727
2021-11-03 20:12:12,838 INFO     [task] get[gold] 0.255764737222839 0.6183390464319103
2021-11-03 20:12:12,838 INFO     
2021-11-03 20:12:12,838 INFO     [rollout0] [2, 4, 5, 1, 3, 1, 1, 3, 3, 1, 4, 5, 3, 4, 5, 0, 0, 0, 4, 5]
2021-11-03 20:12:12,838 INFO     [rollout1] [1, 2, 1, 2, 4, 5, 3, 1, 4, 5, 3, 1, 3, 1, 4, 5, 0, 0, 2, 0, 4, 0, 4, 5]
2021-11-03 20:12:12,838 INFO     [rollout2] [3, 0, 4, 5, 2, 2, 0, 2, 1, 3, 3, 1, 3, 1, 3, 4, 5, 0, 2, 2, 0, 4, 5, 2, 0, 2, 0, 0, 0, 4, 0, 2, 4, 2, 4, 5]
2021-11-03 20:12:12,838 INFO     [reward] 0.7776341948310128
2021-11-03 20:12:12,838 INFO     [error] [-3.66213168e-05  6.18524899e-05]
2021-11-03 20:12:12,839 INFO     
2021-11-03 20:12:12,839 INFO     [min reward] 0.6183390464319103
2021-11-03 20:12:12,839 INFO     
2021-11-03 20:12:12,839 INFO     [max steps] 4
2021-11-03 20:19:49,856 INFO     [step] 1858100
2021-11-03 20:19:49,856 INFO     [task] make[plank] 0.05273294191055674 0.9246753246753247
2021-11-03 20:19:49,856 INFO     [task] make[stick] 0.13315109716471318 0.8343772760378733
2021-11-03 20:19:49,856 INFO     [task] make[cloth] 0.0670453724407556 0.908259587020649
2021-11-03 20:19:49,856 INFO     [task] make[rope] 0.05188598943808345 0.9229357798165138
2021-11-03 20:19:49,857 INFO     [task] make[bridge] 0.0864102967069025 0.8804638715432649
2021-11-03 20:19:49,857 INFO     [task] make[bed] 0.10120663052287976 0.8486790986790986
2021-11-03 20:19:49,857 INFO     [task] make[axe] 0.18106781408125405 0.7525795128177853
2021-11-03 20:19:49,857 INFO     [task] make[shears] 0.07978253766921335 0.9033035929587654
2021-11-03 20:19:49,857 INFO     [task] get[gold] 0.24671732006564126 0.6697528442526481
2021-11-03 20:19:49,857 INFO     
2021-11-03 20:19:49,857 INFO     [rollout0] [0, 0, 4, 0, 4, 5, 0, 4, 5, 1, 1, 1, 4, 5, 0, 0, 4, 5]
2021-11-03 20:19:49,857 INFO     [rollout1] [3, 4, 3, 3, 3, 3, 0, 4, 5, 3, 1, 4, 5]
2021-11-03 20:19:49,857 INFO     [rollout2] [3, 0, 0, 3, 0, 4, 5, 3, 1, 2, 1, 4, 5, 0, 3, 0, 3, 4, 3, 3, 0, 4, 5]
2021-11-03 20:19:49,857 INFO     [reward] 0.8040310077519381
2021-11-03 20:19:49,857 INFO     [error] [-3.93830367e-05  8.08918569e-05]
2021-11-03 20:19:49,857 INFO     
2021-11-03 20:19:49,857 INFO     [min reward] 0.6697528442526481
2021-11-03 20:19:49,857 INFO     
2021-11-03 20:19:49,857 INFO     [max steps] 4
2021-11-03 20:27:26,103 INFO     [step] 1910300
2021-11-03 20:27:26,104 INFO     [task] make[plank] 0.05904931697648021 0.9275454835620811
2021-11-03 20:27:26,104 INFO     [task] make[stick] 0.12154047883629573 0.8271723475756121
2021-11-03 20:27:26,104 INFO     [task] make[cloth] 0.07040990044761775 0.9167542016806722
2021-11-03 20:27:26,104 INFO     [task] make[rope] 0.06025317664980293 0.9261943986820428
2021-11-03 20:27:26,104 INFO     [task] make[bridge] 0.08964604764145834 0.8988978380669775
2021-11-03 20:27:26,104 INFO     [task] make[bed] 0.11164283955118157 0.848623048587967
2021-11-03 20:27:26,104 INFO     [task] make[axe] 0.17814898077281832 0.7649925831744013
2021-11-03 20:27:26,104 INFO     [task] make[shears] 0.0738397179439064 0.9101290963257199
2021-11-03 20:27:26,104 INFO     [task] get[gold] 0.23546954118043878 0.7060380479735319
2021-11-03 20:27:26,104 INFO     
2021-11-03 20:27:26,104 INFO     [rollout0] [3, 4, 5, 3, 1, 4, 5]
2021-11-03 20:27:26,104 INFO     [rollout1] [3, 4, 5, 1, 1, 1, 4, 5, 3, 0, 3, 0, 3, 1, 3, 4, 5, 2, 2, 1, 4, 5]
2021-11-03 20:27:26,104 INFO     [rollout2] [3, 3, 1, 3, 1, 4, 5, 1, 1, 1, 2, 1, 4, 5]
2021-11-03 20:27:26,104 INFO     [reward] 0.8214176245210724
2021-11-03 20:27:26,104 INFO     [error] [-4.92117058e-05  7.11712790e-05]
2021-11-03 20:27:26,104 INFO     
2021-11-03 20:27:26,104 INFO     [min reward] 0.7060380479735319
2021-11-03 20:27:26,105 INFO     
2021-11-03 20:27:26,105 INFO     [max steps] 4
2021-11-03 20:35:15,157 INFO     [step] 1964800
2021-11-03 20:35:15,158 INFO     [task] make[plank] 0.060465909726974694 0.9312672598956735
2021-11-03 20:35:15,158 INFO     [task] make[stick] 0.1340719805859402 0.8388866586377626
2021-11-03 20:35:15,158 INFO     [task] make[cloth] 0.06837942015997671 0.9221986192246415
2021-11-03 20:35:15,158 INFO     [task] make[rope] 0.06145669325126334 0.9325134973005399
2021-11-03 20:35:15,158 INFO     [task] make[bridge] 0.08147392749518885 0.8952533089913282
2021-11-03 20:35:15,158 INFO     [task] make[bed] 0.1183416578937935 0.8629473355211752
2021-11-03 20:35:15,158 INFO     [task] make[axe] 0.17966991971106908 0.7765848670756647
2021-11-03 20:35:15,158 INFO     [task] make[shears] 0.07323777164428691 0.922332506203474
2021-11-03 20:35:15,158 INFO     [task] get[gold] 0.22290271953150662 0.7209571913554691
2021-11-03 20:35:15,158 INFO     
2021-11-03 20:35:15,158 INFO     [rollout0] [4, 4, 4, 4, 4, 4, 4, 4, 4, 1, 4, 1, 4, 5, 0, 0, 3, 3, 0, 3, 0, 4, 0, 3, 4, 5]
2021-11-03 20:35:15,158 INFO     [rollout1] [1, 3, 3, 4, 5, 3, 1, 4, 5, 1, 4, 3, 1, 1, 4, 5, 0, 0, 3, 0, 4, 0, 4, 5]
2021-11-03 20:35:15,158 INFO     [rollout2] [3, 1, 3, 3, 0, 4, 5, 3, 3, 1, 3, 4, 5]
2021-11-03 20:35:15,158 INFO     [reward] 0.8321100917431196
2021-11-03 20:35:15,158 INFO     [error] [-1.96687840e-05  5.52795474e-05]
2021-11-03 20:35:15,159 INFO     
2021-11-03 20:35:15,159 INFO     [min reward] 0.7209571913554691
2021-11-03 20:35:15,159 INFO     
2021-11-03 20:35:15,159 INFO     [max steps] 4
2021-11-03 20:43:00,522 INFO     [step] 2019000
2021-11-03 20:43:00,522 INFO     [task] make[plank] 0.06117260750519415 0.9257835600236547
2021-11-03 20:43:00,522 INFO     [task] make[stick] 0.13294912962745023 0.8505956552207428
2021-11-03 20:43:00,522 INFO     [task] make[cloth] 0.06821862667891518 0.9275082690187431
2021-11-03 20:43:00,522 INFO     [task] make[rope] 0.06020432427860802 0.9280642173510343
2021-11-03 20:43:00,522 INFO     [task] make[bridge] 0.08915419788885955 0.905039566847147
2021-11-03 20:43:00,522 INFO     [task] make[bed] 0.11425481845082935 0.8641365013554457
2021-11-03 20:43:00,523 INFO     [task] make[axe] 0.18135546017111695 0.7888866355708781
2021-11-03 20:43:00,523 INFO     [task] make[shears] 0.06811460114144093 0.9231581726960655
2021-11-03 20:43:00,523 INFO     [task] get[gold] 0.22457623425758552 0.7437572349925583
2021-11-03 20:43:00,523 INFO     
2021-11-03 20:43:00,523 INFO     [rollout0] [2, 4, 5, 1, 2, 4, 5]
2021-11-03 20:43:00,523 INFO     [rollout1] [1, 3, 3, 0, 4, 5, 0, 3, 3, 0, 4, 5, 1, 4, 1, 3, 4, 5, 0, 0, 4, 5]
2021-11-03 20:43:00,523 INFO     [rollout2] [2, 1, 1, 4, 5, 0, 0, 3, 0, 4, 5, 1, 2, 1, 2, 1, 1, 3, 1, 4, 5, 0, 0, 0, 0, 4, 0, 2, 4, 5]
2021-11-03 20:43:00,523 INFO     [reward] 0.8414575645756458
2021-11-03 20:43:00,523 INFO     [error] [-1.66319032e-05  4.45613302e-05]
2021-11-03 20:43:00,523 INFO     
2021-11-03 20:43:00,523 INFO     [min reward] 0.7437572349925583
2021-11-03 20:43:00,523 INFO     
2021-11-03 20:43:00,523 INFO     [max steps] 4
2021-11-03 20:51:18,303 INFO     [step] 2077900
2021-11-03 20:51:18,303 INFO     [task] make[plank] 0.06829817221228004 0.929535968573533
2021-11-03 20:51:18,303 INFO     [task] make[stick] 0.1292743482647488 0.8601700457815565
2021-11-03 20:51:18,303 INFO     [task] make[cloth] 0.06689946108182025 0.9185692541856926
2021-11-03 20:51:18,303 INFO     [task] make[rope] 0.06644859596628437 0.9298069691652043
2021-11-03 20:51:18,303 INFO     [task] make[bridge] 0.08512121553656954 0.9109535066981875
2021-11-03 20:51:18,303 INFO     [task] make[bed] 0.118292940816658 0.8696929631261936
2021-11-03 20:51:18,304 INFO     [task] make[axe] 0.17931936622420216 0.8049899627186693
2021-11-03 20:51:18,304 INFO     [task] make[shears] 0.0704273189189562 0.926829268292683
2021-11-03 20:51:18,304 INFO     [task] get[gold] 0.21591858097848057 0.7559135559921415
2021-11-03 20:51:18,304 INFO     
2021-11-03 20:51:18,304 INFO     [rollout0] [0, 2, 4, 5, 0, 0, 0, 0, 0, 0, 0, 0, 0, 0, 0, 0, 0, 0, 6, 2, 0, 4, 5, 3, 0, 3, 4, 5]
2021-11-03 20:51:18,304 INFO     [rollout1] [2, 2, 3, 1, 2, 1, 1, 3, 4, 5, 2, 2, 4, 5, 1, 2, 4, 5, 0, 2, 4, 5]
2021-11-03 20:51:18,304 INFO     [rollout2] [1, 3, 1, 4, 5, 1, 1, 1, 1, 2, 1, 4, 5, 3, 3, 0, 3, 4, 5, 3, 3, 0, 4, 0, 4, 5]
2021-11-03 20:51:18,304 INFO     [reward] 0.8514770797962645
2021-11-03 20:51:18,304 INFO     [error] [-1.97849500e-05  5.13325517e-05]
2021-11-03 20:51:18,304 INFO     
2021-11-03 20:51:18,304 INFO     [min reward] 0.7559135559921415
2021-11-03 20:51:18,304 INFO     
2021-11-03 20:51:18,304 INFO     [max steps] 4
2021-11-03 20:59:45,698 INFO     [step] 2138300
2021-11-03 20:59:45,698 INFO     [task] make[plank] 0.06798598529312408 0.9394160583941605
2021-11-03 20:59:45,698 INFO     [task] make[stick] 0.12659491307334583 0.8658632433848572
2021-11-03 20:59:45,698 INFO     [task] make[cloth] 0.07725202466336088 0.9227659574468086
2021-11-03 20:59:45,698 INFO     [task] make[rope] 0.06775701040940066 0.9346016646848989
2021-11-03 20:59:45,698 INFO     [task] make[bridge] 0.08368675192599909 0.9122489959839357
2021-11-03 20:59:45,698 INFO     [task] make[bed] 0.11854877236845475 0.8653685674547983
2021-11-03 20:59:45,698 INFO     [task] make[axe] 0.1732178854633776 0.8065196548418025
2021-11-03 20:59:45,698 INFO     [task] make[shears] 0.07027294111952875 0.923748819641171
2021-11-03 20:59:45,698 INFO     [task] get[gold] 0.2146837156834083 0.7652342237708092
2021-11-03 20:59:45,698 INFO     
2021-11-03 20:59:45,698 INFO     [rollout0] [4, 3, 4, 5, 0, 0, 2, 0, 0, 0, 3, 0, 0, 2, 4, 5]
2021-11-03 20:59:45,699 INFO     [rollout1] [3, 3, 1, 4, 5, 2, 2, 2, 4, 5]
2021-11-03 20:59:45,699 INFO     [rollout2] [2, 1, 2, 1, 4, 5, 0, 0, 4, 5, 3, 0, 4, 5, 1, 1, 3, 3, 1, 4, 5]
2021-11-03 20:59:45,699 INFO     [reward] 0.8561423841059598
2021-11-03 20:59:45,699 INFO     [error] [-2.19556446e-05  7.01911431e-05]
2021-11-03 20:59:45,699 INFO     
2021-11-03 20:59:45,699 INFO     [min reward] 0.7652342237708092
2021-11-03 20:59:45,699 INFO     
2021-11-03 20:59:45,699 INFO     [max steps] 4
2021-11-03 21:08:05,012 INFO     [step] 2197800
2021-11-03 21:08:05,012 INFO     [task] make[plank] 0.06115225691510864 0.9362311296199896
2021-11-03 21:08:05,012 INFO     [task] make[stick] 0.12487667550023142 0.8678532901833873
2021-11-03 21:08:05,012 INFO     [task] make[cloth] 0.07557751041654708 0.9275264460949809
2021-11-03 21:08:05,012 INFO     [task] make[rope] 0.06532333371106491 0.9327599687255669
2021-11-03 21:08:05,013 INFO     [task] make[bridge] 0.08468915698532824 0.9174660271782574
2021-11-03 21:08:05,013 INFO     [task] make[bed] 0.1253052510214684 0.8719881545295464
2021-11-03 21:08:05,013 INFO     [task] make[axe] 0.17629055648062067 0.8174444126347934
2021-11-03 21:08:05,013 INFO     [task] make[shears] 0.07472598186693113 0.9326923076923077
2021-11-03 21:08:05,013 INFO     [task] get[gold] 0.21205927710269948 0.7684846557481316
2021-11-03 21:08:05,013 INFO     
2021-11-03 21:08:05,013 INFO     [rollout0] [3, 4, 3, 1, 4, 5, 2, 0, 4, 5, 3, 4, 5, 0, 4, 5]
2021-11-03 21:08:05,013 INFO     [rollout1] [1, 4, 1, 2, 1, 2, 2, 2, 4, 5, 2, 0, 4, 5, 2, 2, 0, 4, 5, 2, 3, 4, 5]
2021-11-03 21:08:05,013 INFO     [rollout2] [2, 4, 5, 2, 1, 1, 1, 2, 2, 1, 4, 5, 2, 2, 4, 5, 1, 3, 4, 5]
2021-11-03 21:08:05,013 INFO     [reward] 0.8605882352941164
2021-11-03 21:08:05,013 INFO     [error] [-2.93744033e-05  6.30963882e-05]
2021-11-03 21:08:05,013 INFO     
2021-11-03 21:08:05,013 INFO     [min reward] 0.7684846557481316
2021-11-03 21:08:05,013 INFO     
2021-11-03 21:08:05,013 INFO     [max steps] 4
2021-11-03 21:16:37,982 INFO     [step] 2261000
2021-11-03 21:16:37,982 INFO     [task] make[plank] 0.06600924544361869 0.9379441023211748
2021-11-03 21:16:37,982 INFO     [task] make[stick] 0.1271945335336217 0.865382193678378
2021-11-03 21:16:37,983 INFO     [task] make[cloth] 0.07379829776814796 0.9254201680672269
2021-11-03 21:16:37,983 INFO     [task] make[rope] 0.06911528068956879 0.9403787701660042
2021-11-03 21:16:37,983 INFO     [task] make[bridge] 0.0828004779305756 0.9239657100260902
2021-11-03 21:16:37,983 INFO     [task] make[bed] 0.12349460869953285 0.8779898218829516
2021-11-03 21:16:37,983 INFO     [task] make[axe] 0.17230098498802968 0.8235348407937241
2021-11-03 21:16:37,983 INFO     [task] make[shears] 0.06917582457113247 0.9431268708266175
2021-11-03 21:16:37,983 INFO     [task] get[gold] 0.2161107463757721 0.7910414827890556
2021-11-03 21:16:37,983 INFO     
2021-11-03 21:16:37,983 INFO     [rollout0] [3, 1, 1, 3, 3, 0, 3, 4, 5, 1, 2, 2, 2, 2, 0, 4, 5]
2021-11-03 21:16:37,983 INFO     [rollout1] [4, 0, 4, 5, 2, 1, 2, 1, 2, 2, 4, 5, 1, 4, 5]
2021-11-03 21:16:37,983 INFO     [rollout2] [2, 1, 4, 5, 0, 4, 5, 2, 4, 5, 0, 0, 0, 4, 0, 4, 5]
2021-11-03 21:16:37,983 INFO     [reward] 0.8685443037974679
2021-11-03 21:16:37,983 INFO     [error] [-2.28874275e-05  4.50548423e-05]
2021-11-03 21:16:37,983 INFO     
2021-11-03 21:16:37,983 INFO     [min reward] 0.7910414827890556
2021-11-03 21:16:37,983 INFO     
2021-11-03 21:16:37,983 INFO     [max steps] 4
2021-11-03 21:25:34,070 INFO     [step] 2327800
2021-11-03 21:25:34,070 INFO     [task] make[plank] 0.0678993673298162 0.9373504459430063
2021-11-03 21:25:34,070 INFO     [task] make[stick] 0.13627555648022455 0.8864061640066043
2021-11-03 21:25:34,070 INFO     [task] make[cloth] 0.07970086088851994 0.9363835216915786
2021-11-03 21:25:34,070 INFO     [task] make[rope] 0.06560514282290608 0.9481294468671104
2021-11-03 21:25:34,070 INFO     [task] make[bridge] 0.08107141880233759 0.9246704331450094
2021-11-03 21:25:34,070 INFO     [task] make[bed] 0.12439519684004954 0.8812769010043041
2021-11-03 21:25:34,070 INFO     [task] make[axe] 0.1757089530074675 0.8313893653516296
2021-11-03 21:25:34,070 INFO     [task] make[shears] 0.06301556581082031 0.9381298336067495
2021-11-03 21:25:34,070 INFO     [task] get[gold] 0.20632793801785834 0.7985227438935205
2021-11-03 21:25:34,070 INFO     
2021-11-03 21:25:34,070 INFO     [rollout0] [2, 1, 4, 5, 1, 3, 4, 5, 0, 4, 5, 0, 0, 2, 0, 4, 5]
2021-11-03 21:25:34,071 INFO     [rollout1] [2, 1, 2, 4, 5, 0, 4, 5]
2021-11-03 21:25:34,071 INFO     [rollout2] [3, 1, 4, 5, 0, 4, 5, 0, 0, 0, 4, 0, 2, 4, 5, 0, 3, 4, 3, 4, 5]
2021-11-03 21:25:34,071 INFO     [reward] 0.8761526946107787
2021-11-03 21:25:34,071 INFO     [error] [-2.45304131e-05  5.12423011e-05]
2021-11-03 21:25:34,071 INFO     
2021-11-03 21:25:34,071 INFO     [min reward] 0.7985227438935205
2021-11-03 21:25:34,071 INFO     
2021-11-03 21:25:34,071 INFO     [max steps] 4
2021-11-03 21:33:50,518 INFO     [step] 2388800
2021-11-03 21:33:50,518 INFO     [task] make[plank] 0.0720914834669425 0.937192668752794
2021-11-03 21:33:50,518 INFO     [task] make[stick] 0.12264442775717424 0.8793311036789297
2021-11-03 21:33:50,518 INFO     [task] make[cloth] 0.07305098011617044 0.9365798414496036
2021-11-03 21:33:50,518 INFO     [task] make[rope] 0.061395283373262735 0.9368905742145178
2021-11-03 21:33:50,518 INFO     [task] make[bridge] 0.08467409247057497 0.9274786409696006
2021-11-03 21:33:50,518 INFO     [task] make[bed] 0.1277342894050219 0.8805742599415576
2021-11-03 21:33:50,518 INFO     [task] make[axe] 0.17723860499779015 0.8301293900184843
2021-11-03 21:33:50,518 INFO     [task] make[shears] 0.07131808280943809 0.943559399180701
2021-11-03 21:33:50,518 INFO     [task] get[gold] 0.2098527556036249 0.8052393575549665
2021-11-03 21:33:50,518 INFO     
2021-11-03 21:33:50,518 INFO     [rollout0] [3, 4, 5, 0, 4, 5, 1, 1, 3, 1, 3, 1, 4, 5, 2, 0, 0, 2, 0, 0, 0, 2, 4, 2, 4, 5]
2021-11-03 21:33:50,518 INFO     [rollout1] [1, 2, 1, 2, 1, 4, 5, 1, 3, 1, 4, 1, 4, 5, 2, 4, 5, 2, 1, 4, 5]
2021-11-03 21:33:50,519 INFO     [rollout2] [2, 4, 5, 2, 4, 2, 4, 2, 2, 4, 2, 4, 5, 5, 3, 3, 3, 3, 1, 3, 4, 5]
2021-11-03 21:33:50,519 INFO     [reward] 0.8756557377049172
2021-11-03 21:33:50,519 INFO     [error] [-4.24467628e-05  6.47875164e-05]
2021-11-03 21:33:50,519 INFO     
2021-11-03 21:33:50,519 INFO     [min reward] 0.8052393575549665
2021-11-03 21:33:50,519 INFO     
2021-11-03 21:33:52,302 INFO     [max steps] 5
2021-11-03 21:43:22,247 INFO     [step] 2455000
2021-11-03 21:43:22,247 INFO     [task] make[plank] 0.1 0.9408425455631909
2021-11-03 21:43:22,247 INFO     [task] make[stick] 0.1 0.8860111429001656
2021-11-03 21:43:22,247 INFO     [task] make[cloth] 0.1 0.9348093480934809
2021-11-03 21:43:22,247 INFO     [task] make[rope] 0.1 0.939467680608365
2021-11-03 21:43:22,247 INFO     [task] make[bridge] 0.1 0.9165791447861965
2021-11-03 21:43:22,247 INFO     [task] make[bed] 0.1 0.8844410876132931
2021-11-03 21:43:22,247 INFO     [task] make[axe] 0.1 0.830057453885697
2021-11-03 21:43:22,247 INFO     [task] make[shears] 0.1 0.9455842997323818
2021-11-03 21:43:22,247 INFO     [task] get[gold] 0.1 0.8002417648836506
2021-11-03 21:43:22,247 INFO     [task] get[gem] 0.1 0.00871160018340211
2021-11-03 21:43:22,247 INFO     
2021-11-03 21:43:22,247 INFO     [rollout0] [0, 2, 2, 4, 5, 3, 3, 0, 3, 4, 5]
2021-11-03 21:43:22,247 INFO     [rollout1] [1, 4, 5, 0, 4, 5]
2021-11-03 21:43:22,248 INFO     [rollout2] [0, 1, 4, 1, 1, 1, 1, 2, 1, 4, 5, 3, 3, 0, 4, 5]
2021-11-03 21:43:22,248 INFO     [reward] 0.8097583081570983
2021-11-03 21:43:22,248 INFO     [error] [-2.33864770e-05  5.17077793e-05]
2021-11-03 21:43:22,248 INFO     
2021-11-03 21:43:22,248 INFO     [min reward] 0.00871160018340211
2021-11-03 21:43:22,248 INFO     
2021-11-03 21:43:22,248 INFO     [max steps] 5
2021-11-03 21:52:26,900 INFO     [step] 2505000
2021-11-03 21:52:26,900 INFO     [task] make[plank] 0.034351083758564244 0.9353721869590306
2021-11-03 21:52:26,900 INFO     [task] make[stick] 0.061586298253021435 0.8719491808759612
2021-11-03 21:52:26,900 INFO     [task] make[cloth] 0.0373478232033819 0.910118406889128
2021-11-03 21:52:26,900 INFO     [task] make[rope] 0.03503399063540846 0.9425863991081382
2021-11-03 21:52:26,900 INFO     [task] make[bridge] 0.046402917059046894 0.9259734702610184
2021-11-03 21:52:26,900 INFO     [task] make[bed] 0.062366157793892964 0.8806306306306306
2021-11-03 21:52:26,900 INFO     [task] make[axe] 0.08937896172783039 0.8345504335919671
2021-11-03 21:52:26,900 INFO     [task] make[shears] 0.031995814959924054 0.9459807073954984
2021-11-03 21:52:26,900 INFO     [task] get[gold] 0.10418866284493028 0.7912172573189522
2021-11-03 21:52:26,900 INFO     [task] get[gem] 0.4973482897639994 0.226187624750499
2021-11-03 21:52:26,900 INFO     
2021-11-03 21:52:26,900 INFO     [rollout0] [3, 0, 4, 5, 2, 1, 4, 5, 3, 3, 0, 4, 5, 3, 0, 2, 3, 4, 2, 3, 2, 3, 2, 3, 2, 3, 4, 6]
2021-11-03 21:52:26,900 INFO     [rollout1] [4, 5, 0, 4, 5, 3, 0, 0, 4, 5, 3, 3, 3, 0, 3, 0, 3, 0, 4, 5, 2, 2, 0, 0, 0, 0, 2, 0, 4, 0, 4, 4, 2, 0, 6]
2021-11-03 21:52:26,900 INFO     [rollout2] [3, 0, 4, 5, 1, 1, 3, 3, 3, 3, 1, 4, 5, 0, 3, 4, 5, 0, 0, 0, 3, 4, 3, 0, 4, 5, 2, 2, 2, 4, 2, 4, 4, 4, 0, 4, 0, 4, 4, 3, 6]
2021-11-03 21:52:26,900 INFO     [reward] 0.5482800000000005
2021-11-03 21:52:26,900 INFO     [error] [-2.43002227e-05  3.15825642e-05]
2021-11-03 21:52:26,900 INFO     
2021-11-03 21:52:26,901 INFO     [min reward] 0.226187624750499
2021-11-03 21:52:26,901 INFO     
2021-11-03 21:52:26,901 INFO     [max steps] 5
2021-11-03 22:01:20,208 INFO     [step] 2555000
2021-11-03 22:01:20,208 INFO     [task] make[plank] 0.040659498052552284 0.9452712433989439
2021-11-03 22:01:20,208 INFO     [task] make[stick] 0.0752142771254146 0.8811247216035635
2021-11-03 22:01:20,208 INFO     [task] make[cloth] 0.05441852407423251 0.92875226039783
2021-11-03 22:01:20,208 INFO     [task] make[rope] 0.03672897626885334 0.9399141630901288
2021-11-03 22:01:20,208 INFO     [task] make[bridge] 0.045780204230415546 0.9258465495070725
2021-11-03 22:01:20,208 INFO     [task] make[bed] 0.070484359752658 0.8739054290718039
2021-11-03 22:01:20,208 INFO     [task] make[axe] 0.09559024997519729 0.8425540765391015
2021-11-03 22:01:20,208 INFO     [task] make[shears] 0.03487965407145867 0.9459305634604439
2021-11-03 22:01:20,208 INFO     [task] get[gold] 0.11919947989214928 0.7942262504196039
2021-11-03 22:01:20,208 INFO     [task] get[gem] 0.4270447765570684 0.47081348650415616
2021-11-03 22:01:20,208 INFO     
2021-11-03 22:01:20,208 INFO     [rollout0] [0, 0, 2, 4, 5, 1, 1, 4, 5, 0, 0, 3, 4, 5, 3, 4, 3, 4, 5, 2, 2, 0, 0, 2, 2, 4, 4, 4, 0, 4, 0, 4, 0, 6]
2021-11-03 22:01:20,208 INFO     [rollout1] [3, 4, 3, 4, 5, 0, 0, 3, 0, 3, 0, 3, 0, 4, 5]
2021-11-03 22:01:20,208 INFO     [rollout2] [3, 4, 5, 4, 0, 0, 2, 4, 5, 0, 4, 0, 4, 5, 2, 2, 0, 4, 0, 4, 5]
2021-11-03 22:01:20,208 INFO     [reward] 0.7026999999999999
2021-11-03 22:01:20,208 INFO     [error] [-3.5131746e-06  3.2218546e-05]
2021-11-03 22:01:20,209 INFO     
2021-11-03 22:01:20,209 INFO     [min reward] 0.47081348650415616
2021-11-03 22:01:20,209 INFO     
2021-11-03 22:01:20,209 INFO     [max steps] 5
2021-11-03 22:09:58,336 INFO     [step] 2605000
2021-11-03 22:09:58,336 INFO     [task] make[plank] 0.04171577807363222 0.9441699604743083
2021-11-03 22:09:58,336 INFO     [task] make[stick] 0.08305632295546979 0.8857350800582242
2021-11-03 22:09:58,337 INFO     [task] make[cloth] 0.052361776314008214 0.9173648134044173
2021-11-03 22:09:58,337 INFO     [task] make[rope] 0.04516825862508946 0.9376657824933687
2021-11-03 22:09:58,337 INFO     [task] make[bridge] 0.054234421441614444 0.9202817945865777
2021-11-03 22:09:58,337 INFO     [task] make[bed] 0.08770894446277987 0.8833370510818648
2021-11-03 22:09:58,337 INFO     [task] make[axe] 0.10791396821478996 0.8366120218579235
2021-11-03 22:09:58,337 INFO     [task] make[shears] 0.041290865703778656 0.9447355883754168
2021-11-03 22:09:58,337 INFO     [task] get[gold] 0.13905982942154077 0.8147350280051702
2021-11-03 22:09:58,337 INFO     [task] get[gem] 0.3474898347872965 0.5730532667981896
2021-11-03 22:09:58,337 INFO     
2021-11-03 22:09:58,337 INFO     [rollout0] [4, 2, 0, 4, 5, 1, 3, 1, 3, 3, 1, 3, 4, 5]
2021-11-03 22:09:58,337 INFO     [rollout1] [0, 3, 3, 0, 0, 3, 0, 0, 3, 0, 4, 5, 2, 0, 2, 4, 5]
2021-11-03 22:09:58,337 INFO     [rollout2] [2, 0, 2, 4, 5, 1, 3, 3, 4, 5, 0, 4, 5, 4, 1, 4, 5, 0, 0, 2, 0, 3, 0, 0, 4, 0, 4, 0, 3, 4, 3, 6]
2021-11-03 22:09:58,337 INFO     [reward] 0.7731800000000002
2021-11-03 22:09:58,337 INFO     [error] [-2.27836037e-05  3.79432840e-05]
2021-11-03 22:09:58,337 INFO     
2021-11-03 22:09:58,337 INFO     [min reward] 0.5730532667981896
2021-11-03 22:09:58,337 INFO     
2021-11-03 22:09:58,337 INFO     [max steps] 5
2021-11-03 22:18:26,483 INFO     [step] 2655000
2021-11-03 22:18:26,483 INFO     [task] make[plank] 0.045642099961427894 0.9438053097345133
2021-11-03 22:18:26,483 INFO     [task] make[stick] 0.0861568964343072 0.8831687823225199
2021-11-03 22:18:26,483 INFO     [task] make[cloth] 0.06422697718252185 0.9248143564356436
2021-11-03 22:18:26,484 INFO     [task] make[rope] 0.050151657356682165 0.9417355371900826
2021-11-03 22:18:26,484 INFO     [task] make[bridge] 0.062204539589273765 0.9212198221092758
2021-11-03 22:18:26,484 INFO     [task] make[bed] 0.08781952764397984 0.8845019287497163
2021-11-03 22:18:26,484 INFO     [task] make[axe] 0.12021550476788026 0.8437709310113864
2021-11-03 22:18:26,484 INFO     [task] make[shears] 0.04524993180553167 0.9446101406050277
2021-11-03 22:18:26,484 INFO     [task] get[gold] 0.13538353364158645 0.8095520617027588
2021-11-03 22:18:26,484 INFO     [task] get[gem] 0.30294933161680887 0.6139440136680248
2021-11-03 22:18:26,484 INFO     
2021-11-03 22:18:26,484 INFO     [rollout0] [1, 4, 5, 2, 0, 2, 0, 2, 4, 5, 3, 1, 4, 5, 1, 4, 5, 0, 0, 0, 0, 4, 0, 4, 0, 4, 3, 4, 3, 4, 2, 6]
2021-11-03 22:18:26,484 INFO     [rollout1] [1, 4, 5, 1, 1, 1, 4, 5, 2, 4, 2, 4, 5, 1, 2, 1, 1, 2, 4, 5]
2021-11-03 22:18:26,484 INFO     [rollout2] [0, 0, 4, 5, 2, 0, 4, 0, 4, 0, 4, 0, 4, 0, 0, 4, 5]
2021-11-03 22:18:26,484 INFO     [reward] 0.8002599999999991
2021-11-03 22:18:26,484 INFO     [error] [-4.24840036e-05  6.08170481e-05]
2021-11-03 22:18:26,484 INFO     
2021-11-03 22:18:26,484 INFO     [min reward] 0.6139440136680248
2021-11-03 22:18:26,484 INFO     
2021-11-03 22:18:26,484 INFO     [max steps] 5
2021-11-03 22:26:41,132 INFO     [step] 2705000
2021-11-03 22:26:41,132 INFO     [task] make[plank] 0.047660580968947416 0.940973718224903
2021-11-03 22:26:41,132 INFO     [task] make[stick] 0.09131925076261682 0.9
2021-11-03 22:26:41,132 INFO     [task] make[cloth] 0.0613341832435123 0.925744193653909
2021-11-03 22:26:41,132 INFO     [task] make[rope] 0.04915082983249673 0.9472837022132797
2021-11-03 22:26:41,132 INFO     [task] make[bridge] 0.0639222698954841 0.9225967540574282
2021-11-03 22:26:41,132 INFO     [task] make[bed] 0.0903593771990119 0.8873456790123457
2021-11-03 22:26:41,132 INFO     [task] make[axe] 0.11968594414672132 0.8630903406285997
2021-11-03 22:26:41,132 INFO     [task] make[shears] 0.04708109783039634 0.9467005076142132
2021-11-03 22:26:41,132 INFO     [task] get[gold] 0.14432373888235145 0.8196811434854315
2021-11-03 22:26:41,133 INFO     [task] get[gem] 0.28516272723846153 0.6453069865913903
2021-11-03 22:26:41,133 INFO     
2021-11-03 22:26:41,133 INFO     [rollout0] [4, 5, 2, 4, 2, 2, 2, 2, 2, 4, 5, 0, 4, 5, 0, 3, 3, 3, 3, 3, 3, 3, 3, 3, 3, 3, 3, 3, 6, 0, 3, 0, 0, 3, 3, 4, 4, 4, 4, 4, 4, 3, 4, 6]
2021-11-03 22:26:41,133 INFO     [rollout1] [2, 1, 4, 4, 2, 4, 5, 3, 4, 5, 0, 0, 3, 4, 5, 1, 4, 5]
2021-11-03 22:26:41,133 INFO     [rollout2] [2, 0, 2, 0, 2, 4, 5, 2, 0, 4, 5, 0, 0, 2, 2, 0, 4, 5]
2021-11-03 22:26:41,133 INFO     [reward] 0.8199800000000005
2021-11-03 22:26:41,133 INFO     [error] [-3.93332621e-05  5.57324672e-05]
2021-11-03 22:26:41,133 INFO     
2021-11-03 22:26:41,133 INFO     [min reward] 0.6453069865913903
2021-11-03 22:26:41,133 INFO     
2021-11-03 22:26:41,133 INFO     [max steps] 5
2021-11-03 22:34:49,879 INFO     [step] 2755000
2021-11-03 22:34:49,879 INFO     [task] make[plank] 0.053045034321488826 0.9508073601201652
2021-11-03 22:34:49,879 INFO     [task] make[stick] 0.0845323494951583 0.9055266887104393
2021-11-03 22:34:49,879 INFO     [task] make[cloth] 0.06474855699131035 0.9355034986309705
2021-11-03 22:34:49,879 INFO     [task] make[rope] 0.048195963668631464 0.9437869822485208
2021-11-03 22:34:49,879 INFO     [task] make[bridge] 0.06716728848207956 0.925
2021-11-03 22:34:49,879 INFO     [task] make[bed] 0.09425689026199746 0.8977513788714467
2021-11-03 22:34:49,879 INFO     [task] make[axe] 0.11289653336543519 0.8647153310726396
2021-11-03 22:34:49,879 INFO     [task] make[shears] 0.048644134665649465 0.9477796052631579
2021-11-03 22:34:49,879 INFO     [task] get[gold] 0.14625545540371263 0.8135524171645845
2021-11-03 22:34:49,879 INFO     [task] get[gem] 0.2802577933445368 0.6829337696521306
2021-11-03 22:34:49,879 INFO     
2021-11-03 22:34:49,879 INFO     [rollout0] [1, 1, 1, 4, 5, 2, 1, 2, 4, 5]
2021-11-03 22:34:49,879 INFO     [rollout1] [4, 5, 2, 1, 4, 5, 3, 3, 3, 3, 3, 4, 1, 4, 3, 1, 3, 4, 3, 1, 6, 0, 3, 0, 0, 0, 3, 4, 3, 0, 4, 4, 4, 4, 4, 6]
2021-11-03 22:34:49,879 INFO     [rollout2] [0, 0, 2, 0, 2, 4, 5, 3, 0, 0, 3, 4, 5, 1, 4, 5, 2, 0, 2, 2, 0, 4, 5]
2021-11-03 22:34:49,879 INFO     [reward] 0.8336200000000002
2021-11-03 22:34:49,880 INFO     [error] [-2.00757712e-05  4.59938269e-05]
2021-11-03 22:34:49,880 INFO     
2021-11-03 22:34:49,880 INFO     [min reward] 0.6829337696521306
2021-11-03 22:34:49,880 INFO     
2021-11-03 22:34:49,880 INFO     [max steps] 5
2021-11-03 22:42:56,851 INFO     [step] 2805000
2021-11-03 22:42:56,852 INFO     [task] make[plank] 0.048020912302859035 0.9539284245166598
2021-11-03 22:42:56,852 INFO     [task] make[stick] 0.08475553260692467 0.9022679448211363
2021-11-03 22:42:56,852 INFO     [task] make[cloth] 0.060436398281515 0.9317336938154782
2021-11-03 22:42:56,852 INFO     [task] make[rope] 0.053716298600742646 0.9513372956909361
2021-11-03 22:42:56,852 INFO     [task] make[bridge] 0.06895751826627955 0.933829848181037
2021-11-03 22:42:56,852 INFO     [task] make[bed] 0.09106336872749304 0.8923696576415305
2021-11-03 22:42:56,852 INFO     [task] make[axe] 0.11786435542786865 0.8757753562447611
2021-11-03 22:42:56,852 INFO     [task] make[shears] 0.05047722360706964 0.9500198333994446
2021-11-03 22:42:56,852 INFO     [task] get[gold] 0.1593710327263487 0.811199207135778
2021-11-03 22:42:56,852 INFO     [task] get[gem] 0.265337359452899 0.6993065609997714
2021-11-03 22:42:56,852 INFO     
2021-11-03 22:42:56,852 INFO     [rollout0] [1, 3, 1, 1, 3, 3, 3, 4, 0, 3, 0, 4, 5, 1, 1, 1, 3, 1, 4, 5, 2, 1, 4, 5, 2, 0, 2, 2, 2, 2, 0, 2, 4, 5]
2021-11-03 22:42:56,852 INFO     [rollout1] [1, 4, 4, 1, 1, 3, 1, 1, 3, 4, 5, 5, 0, 0, 3, 3, 3, 0, 0, 3, 4, 3, 4, 5, 2, 2, 0, 4, 0, 4, 5]
2021-11-03 22:42:56,852 INFO     [rollout2] [3, 3, 0, 3, 4, 5, 0, 4, 5]
2021-11-03 22:42:56,852 INFO     [reward] 0.84176
2021-11-03 22:42:56,852 INFO     [error] [-1.60270329e-05  3.79586058e-05]
2021-11-03 22:42:56,852 INFO     
2021-11-03 22:42:56,852 INFO     [min reward] 0.6993065609997714
2021-11-03 22:42:56,852 INFO     
2021-11-03 22:42:56,852 INFO     [max steps] 5
2021-11-03 22:50:59,097 INFO     [step] 2855000
2021-11-03 22:50:59,097 INFO     [task] make[plank] 0.04679525098201444 0.9513157894736842
2021-11-03 22:50:59,097 INFO     [task] make[stick] 0.08990916551651072 0.9078830823737821
2021-11-03 22:50:59,097 INFO     [task] make[cloth] 0.06531814755995352 0.935216456862143
2021-11-03 22:50:59,097 INFO     [task] make[rope] 0.04895771070748626 0.9286287089013633
2021-11-03 22:50:59,097 INFO     [task] make[bridge] 0.0635687751054108 0.9245696400625978
2021-11-03 22:50:59,097 INFO     [task] make[bed] 0.09816990777083401 0.8964401294498382
2021-11-03 22:50:59,097 INFO     [task] make[axe] 0.1120188943926517 0.8636282713192095
2021-11-03 22:50:59,097 INFO     [task] make[shears] 0.0500572157251043 0.9458266452648475
2021-11-03 22:50:59,097 INFO     [task] get[gold] 0.16591174614433288 0.827933765298776
2021-11-03 22:50:59,097 INFO     [task] get[gem] 0.2592931860957014 0.723564602594981
2021-11-03 22:50:59,097 INFO     
2021-11-03 22:50:59,097 INFO     [rollout0] [2, 4, 5, 0, 2, 2, 0, 2, 1, 0, 4, 0, 4, 5, 3, 0, 4, 5, 3, 1, 3, 1, 3, 1, 4, 5]
2021-11-03 22:50:59,097 INFO     [rollout1] [3, 3, 0, 4, 5, 0, 3, 0, 4, 5]
2021-11-03 22:50:59,097 INFO     [rollout2] [0, 0, 3, 4, 5, 1, 2, 4, 2, 4, 5, 3, 4, 5, 2, 0, 2, 2, 2, 2, 1, 4, 5, 3, 0, 3, 0, 4, 0, 4, 5]
2021-11-03 22:50:59,097 INFO     [reward] 0.8487600000000003
2021-11-03 22:50:59,097 INFO     [error] [-2.82041965e-05  5.76840773e-05]
2021-11-03 22:50:59,098 INFO     
2021-11-03 22:50:59,098 INFO     [min reward] 0.723564602594981
2021-11-03 22:50:59,098 INFO     
2021-11-03 22:50:59,098 INFO     [max steps] 5
2021-11-03 22:58:55,225 INFO     [step] 2905000
2021-11-03 22:58:55,225 INFO     [task] make[plank] 0.04910841739215782 0.9464057847724373
2021-11-03 22:58:55,225 INFO     [task] make[stick] 0.08545399467102173 0.9110851808634772
2021-11-03 22:58:55,225 INFO     [task] make[cloth] 0.06258074220546014 0.9349542153457531
2021-11-03 22:58:55,225 INFO     [task] make[rope] 0.06809353472036049 0.9529134785167745
2021-11-03 22:58:55,225 INFO     [task] make[bridge] 0.07149026520322538 0.9265033407572383
2021-11-03 22:58:55,225 INFO     [task] make[bed] 0.09502974432068018 0.9026138279932546
2021-11-03 22:58:55,225 INFO     [task] make[axe] 0.12248752913263755 0.8817396970190585
2021-11-03 22:58:55,225 INFO     [task] make[shears] 0.05370187076770284 0.9628378378378378
2021-11-03 22:58:55,225 INFO     [task] get[gold] 0.15235758590834014 0.8231770833333333
2021-11-03 22:58:55,225 INFO     [task] get[gem] 0.23969631567841365 0.7491652754590985
2021-11-03 22:58:55,225 INFO     
2021-11-03 22:58:55,225 INFO     [rollout0] [3, 0, 0, 2, 0, 4, 5, 0, 0, 2, 4, 5]
2021-11-03 22:58:55,225 INFO     [rollout1] [0, 0, 0, 2, 4, 5, 3, 3, 4, 5, 2, 1, 1, 1, 2, 4, 5, 3, 1, 3, 4, 5, 0, 0, 0, 0, 3, 0, 3, 4, 4, 4, 4, 4, 4, 4, 6]
2021-11-03 22:58:55,225 INFO     [rollout2] [0, 4, 0, 0, 4, 5, 0, 3, 3, 0, 4, 5, 2, 1, 1, 1, 3, 3, 3, 3, 4, 5, 1, 2, 2, 1, 1, 2, 4, 5]
2021-11-03 22:58:55,225 INFO     [reward] 0.8642599999999996
2021-11-03 22:58:55,225 INFO     [error] [-1.65030664e-05  5.02398527e-05]
2021-11-03 22:58:55,226 INFO     
2021-11-03 22:58:55,226 INFO     [min reward] 0.7491652754590985
2021-11-03 22:58:55,226 INFO     
2021-11-03 22:58:55,226 INFO     [max steps] 5
2021-11-03 23:06:50,332 INFO     [step] 2955000
2021-11-03 23:06:50,332 INFO     [task] make[plank] 0.05736421596392814 0.9583921015514809
2021-11-03 23:06:50,332 INFO     [task] make[stick] 0.08922464137148614 0.9100971312401175
2021-11-03 23:06:50,332 INFO     [task] make[cloth] 0.06769393383791358 0.9338677354709419
2021-11-03 23:06:50,332 INFO     [task] make[rope] 0.05149404761541666 0.9364575059571089
2021-11-03 23:06:50,332 INFO     [task] make[bridge] 0.07531691956460157 0.9339148823684906
2021-11-03 23:06:50,332 INFO     [task] make[bed] 0.09686609922760059 0.9059426229508196
2021-11-03 23:06:50,332 INFO     [task] make[axe] 0.11569529859704457 0.877290975737476
2021-11-03 23:06:50,332 INFO     [task] make[shears] 0.042541926901922066 0.9553990610328639
2021-11-03 23:06:50,332 INFO     [task] get[gold] 0.16852083322875464 0.825245011217381
2021-11-03 23:06:50,332 INFO     [task] get[gem] 0.23528208369133197 0.7551768214742224
2021-11-03 23:06:50,332 INFO     
2021-11-03 23:06:50,332 INFO     [rollout0] [0, 0, 3, 4, 5, 2, 2, 2, 1, 2, 1, 2, 4, 5, 1, 4, 5, 0, 3, 3, 3, 4, 3, 4, 5]
2021-11-03 23:06:50,332 INFO     [rollout1] [1, 4, 5, 1, 1, 2, 1, 4, 5, 0, 0, 2, 4, 5, 0, 0, 2, 4, 2, 4, 5]
2021-11-03 23:06:50,332 INFO     [rollout2] [1, 3, 4, 5, 1, 4, 1, 1, 1, 1, 4, 5]
2021-11-03 23:06:50,332 INFO     [reward] 0.86466
2021-11-03 23:06:50,332 INFO     [error] [-7.70083294e-06  4.01671792e-05]
2021-11-03 23:06:50,333 INFO     
2021-11-03 23:06:50,333 INFO     [min reward] 0.7551768214742224
2021-11-03 23:06:50,333 INFO     
2021-11-03 23:06:50,333 INFO     [max steps] 5
2021-11-03 23:14:44,385 INFO     [step] 3005000
2021-11-03 23:14:44,385 INFO     [task] make[plank] 0.046568441004936345 0.946723044397463
2021-11-03 23:14:44,385 INFO     [task] make[stick] 0.09014745784909958 0.915073365940418
2021-11-03 23:14:44,385 INFO     [task] make[cloth] 0.06869802832274376 0.9287163141118516
2021-11-03 23:14:44,385 INFO     [task] make[rope] 0.06636114622277423 0.9474969474969475
2021-11-03 23:14:44,385 INFO     [task] make[bridge] 0.06865548527055472 0.9315698677400805
2021-11-03 23:14:44,385 INFO     [task] make[bed] 0.09389628273813629 0.9030910609857978
2021-11-03 23:14:44,385 INFO     [task] make[axe] 0.119750126491914 0.8809523809523809
2021-11-03 23:14:44,385 INFO     [task] make[shears] 0.04926921423939851 0.9574726609963548
2021-11-03 23:14:44,385 INFO     [task] get[gold] 0.1667138568735491 0.8347574918762787
2021-11-03 23:14:44,385 INFO     [task] get[gem] 0.22993996098689343 0.7644272934572882
2021-11-03 23:14:44,385 INFO     
2021-11-03 23:14:44,385 INFO     [rollout0] [4, 5, 3, 0, 3, 0, 3, 3, 1, 4, 5, 0, 4, 5, 2, 4, 2, 2, 1, 1, 2, 2, 1, 4, 5, 0, 0, 3, 0, 3, 0, 3, 0, 4, 0, 4, 5]
2021-11-03 23:14:44,385 INFO     [rollout1] [3, 4, 5, 2, 0, 0, 2, 0, 2, 0, 4, 5, 3, 1, 3, 1, 1, 1, 2, 1, 4, 2, 4, 5, 0, 3, 4, 5]
2021-11-03 23:14:44,385 INFO     [rollout2] [2, 4, 5, 3, 3, 1, 3, 1, 4, 5, 2, 2, 0, 2, 1, 2, 2, 1, 1, 4, 5, 0, 0, 0, 3, 4, 5, 0, 3, 4, 0, 4, 0, 0, 0, 3, 4, 3, 4, 5]
2021-11-03 23:14:44,385 INFO     [reward] 0.86996
2021-11-03 23:14:44,385 INFO     [error] [-1.66374470e-05  3.60535751e-05]
2021-11-03 23:14:44,386 INFO     
2021-11-03 23:14:44,386 INFO     [min reward] 0.7644272934572882
2021-11-03 23:14:44,386 INFO     
